3.0432 	WARNING 	We strongly recommend you activate the PTB sound engine in PsychoPy prefs as the preferred audio engine. Its timing is vastly superior. Your prefs are currently set to use ['sounddevice', 'PTB', 'pyo', 'pygame'] (in that order).
15.2866 	EXP 	Created window1 = Window(allowGUI=False, allowStencil=False, autoLog=True, backendConf=UNKNOWN, bitsMode=UNKNOWN, blendMode='avg', bpc=(8, 8, 8), color=array([-1., -1., -1.]), colorSpace='rgb', depthBits=8, fullscr=<method-wrapper '__getattribute__' of attributeSetter object at 0x0000021EAA066D68>, gamma=None, gammaErrorPolicy='raise', lms=UNKNOWN, monitor=<psychopy.monitors.calibTools.Monitor object at 0x0000021EAA048470>, multiSample=False, name='window1', numSamples=2, pos=[0.0, 0.0], screen=0, size=array([1920, 1080]), stencilBits=0, stereo=False, units='height', useFBO=True, useRetina=False, viewOri=0.0, viewPos=None, viewScale=None, waitBlanking=True, winType='pyglet')
15.2872 	EXP 	window1: mouseVisible = True
15.2872 	EXP 	window1: recordFrameIntervals = False
15.4517 	EXP 	window1: recordFrameIntervals = True
15.6355 	EXP 	window1: recordFrameIntervals = False
15.8796 	EXP 	Created text = TextStim(__class__=<class 'psychopy.visual.text.TextStim'>, alignHoriz=method-wrapper(...), alignText='center', alignVert=method-wrapper(...), anchorHoriz='center', anchorVert='center', antialias=True, autoLog=True, bold=False, color=array([0., 0., 0.]), colorSpace='rgb', contrast=1.0, depth=0.0, flipHoriz=False, flipVert=False, font='Open Sans', fontFiles=[], height=1.5, italic=False, languageStyle='LTR', name='text', opacity=1, ori=0.0, pos=array([0., 0.]), rgb=UNKNOWN, text='same = "F"\ndifferent ="J"\n\n(space)', units='deg', win=Window(...), wrapWidth=15.0)
15.8797 	EXP 	window1: mouseVisible = False
15.8885 	EXP 	Created fix = TextStim(__class__=<class 'psychopy.visual.text.TextStim'>, alignHoriz=method-wrapper(...), alignText='center', alignVert=method-wrapper(...), anchorHoriz='center', anchorVert='center', antialias=True, autoLog=True, bold=False, color=array([0., 0., 0.]), colorSpace='rgb', contrast=1.0, depth=-1.0, flipHoriz=False, flipVert=False, font='Open Sans', fontFiles=[], height=3.0, italic=False, languageStyle='LTR', name='fix', opacity=1, ori=0.0, pos=array([0., 5.]), rgb=UNKNOWN, text='+', units='deg', win=Window(...), wrapWidth=15.0)
15.8938 	EXP 	Created polygon = Polygon(__class__=<class 'psychopy.visual.polygon.Polygon'>, autoDraw=False, autoLog=True, closeShape=True, color=method-wrapper(...), colorSpace='rgb', contrast=None, depth=-2.0, fillColor=array([0., 0., 0.]), fillColorSpace='rgb', fillRGB=UNKNOWN, interpolate=True, lineColor=array([0., 0., 0.]), lineColorSpace='rgb', lineRGB=UNKNOWN, lineWidth=1.0, name='polygon', opacity=1, ori=0.0, pos=array([ 0., -5.]), size=array([1., 1.]), units='deg', vertices=ndarray(...), win=Window(...))
15.8989 	EXP 	Created resp = TextStim(__class__=<class 'psychopy.visual.text.TextStim'>, alignHoriz=method-wrapper(...), alignText='center', alignVert=method-wrapper(...), anchorHoriz='center', anchorVert='center', antialias=True, autoLog=True, bold=False, color=array([0., 0., 0.]), colorSpace='rgb', contrast=1.0, depth=-4.0, flipHoriz=False, flipVert=False, font='Open Sans', fontFiles=[], height=1.5, italic=False, languageStyle='LTR', name='resp', opacity=1, ori=0.0, pos=array([0., 5.]), rgb=UNKNOWN, text='same = F\ndifferent =J', units='deg', win=Window(...), wrapWidth=15.0)
15.9014 	EXP 	Created polygon_2 = Polygon(__class__=<class 'psychopy.visual.polygon.Polygon'>, autoDraw=False, autoLog=True, closeShape=True, color=method-wrapper(...), colorSpace='rgb', contrast=None, depth=-5.0, fillColor=array([0., 0., 0.]), fillColorSpace='rgb', fillRGB=UNKNOWN, interpolate=True, lineColor=array([0., 0., 0.]), lineColorSpace='rgb', lineRGB=UNKNOWN, lineWidth=1.0, name='polygon_2', opacity=1, ori=0.0, pos=array([ 0., -5.]), size=array([1., 1.]), units='deg', vertices=ndarray(...), win=Window(...))
15.9390 	EXP 	text: autoDraw = True
17.0917 	EXP 	Imported RM_sample6.csv as conditions, 14 conditions, 2 params
17.0921 	EXP 	Created sequence: random, trialTypes=14, nReps=5, seed=None
17.0924 	EXP 	New trial (rep=0, index=0): OrderedDict([('start_size', 1), ('probe', 1.0)])
17.0985 	EXP 	text: autoDraw = False
17.0985 	EXP 	polygon_2: size = array([6.48184416, 6.48184416])
17.1010 	DATA 	Keypress: space
17.5849 	EXP 	fix: autoDraw = True
18.0847 	EXP 	polygon: autoDraw = True
18.0847 	EXP 	polygon: size = array([0.88730084, 0.88730084])
18.1011 	EXP 	polygon: size = array([0.98967404, 0.98967404])
18.1178 	EXP 	polygon: size = array([1.08781604, 1.08781604])
18.1348 	EXP 	polygon: size = array([1.18768484, 1.18768484])
18.1514 	EXP 	polygon: size = array([1.29014204, 1.29014204])
18.1678 	EXP 	polygon: size = array([1.38960464, 1.38960464])
18.1847 	EXP 	polygon: size = array([1.48781624, 1.48781624])
18.2012 	EXP 	polygon: size = array([1.58961884, 1.58961884])
18.2178 	EXP 	polygon: size = array([1.68811724, 1.68811724])
18.2348 	EXP 	polygon: size = array([1.78773464, 1.78773464])
18.2512 	EXP 	polygon: size = array([1.88978624, 1.88978624])
18.2677 	EXP 	polygon: size = array([1.98844064, 1.98844064])
18.2848 	EXP 	polygon: size = array([2.08747604, 2.08747604])
18.3012 	EXP 	polygon: size = array([2.18972804, 2.18972804])
18.3177 	EXP 	polygon: size = array([2.28832064, 2.28832064])
18.3348 	EXP 	polygon: size = array([2.38749704, 2.38749704])
18.3511 	EXP 	polygon: size = array([2.48975924, 2.48975924])
18.3678 	EXP 	polygon: size = array([2.58796184, 2.58796184])
18.3845 	EXP 	polygon: size = array([2.68795784, 2.68795784])
18.4013 	EXP 	polygon: size = array([2.78790824, 2.78790824])
18.4178 	EXP 	polygon: size = array([2.88896684, 2.88896684])
18.4345 	EXP 	polygon: size = array([2.98767224, 2.98767224])
18.4514 	EXP 	polygon: size = array([3.08824004, 3.08824004])
18.4678 	EXP 	polygon: size = array([3.18968624, 3.18968624])
18.4847 	EXP 	polygon: size = array([3.28799924, 3.28799924])
18.5011 	EXP 	polygon: size = array([3.38954084, 3.38954084])
18.5177 	EXP 	polygon: size = array([3.48747344, 3.48747344])
18.5344 	EXP 	polygon: size = array([3.58754264, 3.58754264])
18.5513 	EXP 	polygon: size = array([3.68839664, 3.68839664])
18.5678 	EXP 	polygon: size = array([3.78867824, 3.78867824])
18.5848 	EXP 	polygon: size = array([3.88776704, 3.88776704])
18.6010 	EXP 	polygon: size = array([3.98982524, 3.98982524])
18.6181 	EXP 	polygon: size = array([4.08745604, 4.08745604])
18.6346 	EXP 	polygon: size = array([4.18970024, 4.18970024])
18.6511 	EXP 	polygon: size = array([4.28884184, 4.28884184])
18.6681 	EXP 	polygon: size = array([4.38767264, 4.38767264])
18.6848 	EXP 	polygon: size = array([4.48956464, 4.48956464])
18.7010 	EXP 	polygon: size = array([4.58967104, 4.58967104])
18.7177 	EXP 	polygon: size = array([4.68701024, 4.68701024])
18.7347 	EXP 	polygon: size = array([4.78762004, 4.78762004])
18.7513 	EXP 	polygon: size = array([4.88963984, 4.88963984])
18.7677 	EXP 	polygon: size = array([4.98877244, 4.98877244])
18.7848 	EXP 	polygon: size = array([5.08757924, 5.08757924])
18.8014 	EXP 	polygon: size = array([5.18971244, 5.18971244])
18.8177 	EXP 	polygon: size = array([5.28928184, 5.28928184])
18.8347 	EXP 	fix: autoDraw = False
18.8347 	EXP 	polygon: autoDraw = False
19.0848 	EXP 	resp: autoDraw = True
19.0848 	EXP 	polygon_2: autoDraw = True
20.7461 	EXP 	New trial (rep=0, index=1): OrderedDict([('start_size', 10), ('probe', 1.0)])
20.7501 	DATA 	Keypress: j
20.7532 	EXP 	fix: autoDraw = False
20.7532 	EXP 	polygon: autoDraw = False
20.7532 	EXP 	resp: autoDraw = False
20.7532 	EXP 	polygon_2: autoDraw = False
20.7532 	EXP 	polygon_2: size = array([6.50183981, 6.50183981])
21.2508 	EXP 	fix: autoDraw = True
21.7511 	EXP 	polygon: autoDraw = True
21.7511 	EXP 	polygon: size = array([10.05107899, 10.05107899])
21.7676 	EXP 	polygon: size = array([9.95071819, 9.95071819])
21.7845 	EXP 	polygon: size = array([9.85135639, 9.85135639])
21.8009 	EXP 	polygon: size = array([9.75023119, 9.75023119])
21.8176 	EXP 	polygon: size = array([9.65191039, 9.65191039])
21.8345 	EXP 	polygon: size = array([9.55185379, 9.55185379])
21.8510 	EXP 	polygon: size = array([9.44994139, 9.44994139])
21.8675 	EXP 	polygon: size = array([9.35138659, 9.35138659])
21.8845 	EXP 	polygon: size = array([9.25196839, 9.25196839])
21.9010 	EXP 	polygon: size = array([9.14994559, 9.14994559])
21.9175 	EXP 	polygon: size = array([9.05122279, 9.05122279])
21.9345 	EXP 	polygon: size = array([8.95207699, 8.95207699])
21.9509 	EXP 	polygon: size = array([8.85002659, 8.85002659])
21.9675 	EXP 	polygon: size = array([8.75152159, 8.75152159])
21.9842 	EXP 	polygon: size = array([8.65218499, 8.65218499])
22.0008 	EXP 	polygon: size = array([8.55205219, 8.55205219])
22.0175 	EXP 	polygon: size = array([8.45217139, 8.45217139])
22.0344 	EXP 	polygon: size = array([8.35219999, 8.35219999])
22.0516 	EXP 	polygon: size = array([8.25082579, 8.25082579])
22.0675 	EXP 	polygon: size = array([8.14792519, 8.14792519])
22.0842 	EXP 	polygon: size = array([8.05225519, 8.05225519])
22.1011 	EXP 	polygon: size = array([7.95213319, 7.95213319])
22.1175 	EXP 	polygon: size = array([7.85038639, 7.85038639])
22.1345 	EXP 	polygon: size = array([7.75228219, 7.75228219])
22.1508 	EXP 	polygon: size = array([7.64970139, 7.64970139])
22.1674 	EXP 	polygon: size = array([7.55223139, 7.55223139])
22.1844 	EXP 	polygon: size = array([7.45306039, 7.45306039])
22.2009 	EXP 	polygon: size = array([7.35066439, 7.35066439])
22.2175 	EXP 	polygon: size = array([7.25206819, 7.25206819])
22.2345 	EXP 	polygon: size = array([7.15247299, 7.15247299])
22.2509 	EXP 	polygon: size = array([7.05026059, 7.05026059])
22.2677 	EXP 	polygon: size = array([6.95212099, 6.95212099])
22.2844 	EXP 	polygon: size = array([6.85124179, 6.85124179])
22.3009 	EXP 	polygon: size = array([6.75024619, 6.75024619])
22.3174 	EXP 	polygon: size = array([6.65168899, 6.65168899])
22.3344 	EXP 	polygon: size = array([6.55283479, 6.55283479])
22.3511 	EXP 	polygon: size = array([6.45046399, 6.45046399])
22.3674 	EXP 	polygon: size = array([6.35050819, 6.35050819])
22.3843 	EXP 	polygon: size = array([6.25254859, 6.25254859])
22.4007 	EXP 	polygon: size = array([6.15055819, 6.15055819])
22.4174 	EXP 	polygon: size = array([6.05284459, 6.05284459])
22.4344 	EXP 	polygon: size = array([5.95253479, 5.95253479])
22.4509 	EXP 	polygon: size = array([5.85100699, 5.85100699])
22.4674 	EXP 	polygon: size = array([5.75211619, 5.75211619])
22.4842 	EXP 	polygon: size = array([5.65258579, 5.65258579])
22.5028 	EXP 	fix: autoDraw = False
22.5028 	EXP 	polygon: autoDraw = False
22.7508 	EXP 	resp: autoDraw = True
22.7508 	EXP 	polygon_2: autoDraw = True
23.0778 	EXP 	New trial (rep=0, index=2): OrderedDict([('start_size', 10), ('probe', -1.0)])
23.0842 	EXP 	fix: autoDraw = False
23.0842 	EXP 	polygon: autoDraw = False
23.0842 	EXP 	resp: autoDraw = False
23.0842 	EXP 	polygon_2: autoDraw = False
23.0842 	EXP 	polygon_2: size = array([4.46824432, 4.46824432])
23.0875 	DATA 	Keypress: j
23.5839 	EXP 	fix: autoDraw = True
24.0843 	EXP 	polygon: autoDraw = True
24.0843 	EXP 	polygon: size = array([9.9917717, 9.9917717])
24.1008 	EXP 	polygon: size = array([9.9007007, 9.9007007])
24.1174 	EXP 	polygon: size = array([9.8023283, 9.8023283])
24.1344 	EXP 	polygon: size = array([9.7020707, 9.7020707])
24.1510 	EXP 	polygon: size = array([9.6004379, 9.6004379])
24.1674 	EXP 	polygon: size = array([9.5011457, 9.5011457])
24.1839 	EXP 	polygon: size = array([9.4026407, 9.4026407])
24.2008 	EXP 	polygon: size = array([9.3034919, 9.3034919])
24.2173 	EXP 	polygon: size = array([9.2018753, 9.2018753])
24.2342 	EXP 	polygon: size = array([9.1028771, 9.1028771])
24.2509 	EXP 	polygon: size = array([9.0017501, 9.0017501])
24.2674 	EXP 	polygon: size = array([8.9013059, 8.9013059])
24.2843 	EXP 	polygon: size = array([8.8026941, 8.8026941])
24.3007 	EXP 	polygon: size = array([8.7011897, 8.7011897])
24.3173 	EXP 	polygon: size = array([8.6024519, 8.6024519])
24.3343 	EXP 	polygon: size = array([8.5034159, 8.5034159])
24.3507 	EXP 	polygon: size = array([8.4013163, 8.4013163])
24.3674 	EXP 	polygon: size = array([8.3026019, 8.3026019])
24.3839 	EXP 	polygon: size = array([8.2028177, 8.2028177])
24.4009 	EXP 	polygon: size = array([8.1034799, 8.1034799])
24.4173 	EXP 	polygon: size = array([8.0013815, 8.0013815])
24.4342 	EXP 	polygon: size = array([7.9034273, 7.9034273])
24.4507 	EXP 	polygon: size = array([7.8010019, 7.8010019])
24.4672 	EXP 	polygon: size = array([7.7028599, 7.7028599])
24.4839 	EXP 	polygon: size = array([7.6035503, 7.6035503])
24.5006 	EXP 	polygon: size = array([7.5032453, 7.5032453])
24.5174 	EXP 	polygon: size = array([7.4034995, 7.4034995])
24.5341 	EXP 	polygon: size = array([7.3026653, 7.3026653])
24.5505 	EXP 	polygon: size = array([7.2021497, 7.2021497])
24.5673 	EXP 	polygon: size = array([7.1036789, 7.1036789])
24.5842 	EXP 	polygon: size = array([7.0032515, 7.0032515])
24.6009 	EXP 	polygon: size = array([6.9015659, 6.9015659])
24.6173 	EXP 	polygon: size = array([6.8015003, 6.8015003])
24.6342 	EXP 	polygon: size = array([6.7030817, 6.7030817])
24.6507 	EXP 	polygon: size = array([6.6017423, 6.6017423])
24.6674 	EXP 	polygon: size = array([6.5028497, 6.5028497])
24.6841 	EXP 	polygon: size = array([6.4027991, 6.4027991])
24.7005 	EXP 	polygon: size = array([6.3020849, 6.3020849])
24.7173 	EXP 	polygon: size = array([6.2040971, 6.2040971])
24.7338 	EXP 	polygon: size = array([6.1029455, 6.1029455])
24.7505 	EXP 	polygon: size = array([6.0039695, 6.0039695])
24.7672 	EXP 	polygon: size = array([5.9037431, 5.9037431])
24.7841 	EXP 	polygon: size = array([5.8039475, 5.8039475])
24.8005 	EXP 	polygon: size = array([5.7025397, 5.7025397])
24.8173 	EXP 	polygon: size = array([5.6039081, 5.6039081])
24.8341 	EXP 	fix: autoDraw = False
24.8341 	EXP 	polygon: autoDraw = False
25.0842 	EXP 	resp: autoDraw = True
25.0842 	EXP 	polygon_2: autoDraw = True
26.2602 	EXP 	New trial (rep=0, index=3): OrderedDict([('start_size', 10), ('probe', 0.0)])
26.2670 	EXP 	fix: autoDraw = False
26.2670 	EXP 	polygon: autoDraw = False
26.2670 	EXP 	resp: autoDraw = False
26.2670 	EXP 	polygon_2: autoDraw = False
26.2670 	EXP 	polygon_2: size = array([5.45205132, 5.45205132])
26.2704 	DATA 	Keypress: f
26.7672 	EXP 	fix: autoDraw = True
27.2674 	EXP 	polygon: autoDraw = True
27.2674 	EXP 	polygon: size = array([9.9790101, 9.9790101])
27.2840 	EXP 	polygon: size = array([9.8775357, 9.8775357])
27.3003 	EXP 	polygon: size = array([9.7778589, 9.7778589])
27.3173 	EXP 	polygon: size = array([9.6803205, 9.6803205])
27.3340 	EXP 	polygon: size = array([9.5781093, 9.5781093])
27.3507 	EXP 	polygon: size = array([9.4779189, 9.4779189])
27.3673 	EXP 	polygon: size = array([9.3778761, 9.3778761])
27.3840 	EXP 	polygon: size = array([9.2777985, 9.2777985])
27.4006 	EXP 	polygon: size = array([9.1779975, 9.1779975])
27.4173 	EXP 	polygon: size = array([9.0780705, 9.0780705])
27.4339 	EXP 	polygon: size = array([8.9783601, 8.9783601])
27.4507 	EXP 	polygon: size = array([8.8785027, 8.8785027])
27.4673 	EXP 	polygon: size = array([8.7779085, 8.7779085])
27.4840 	EXP 	polygon: size = array([8.6779647, 8.6779647])
27.5007 	EXP 	polygon: size = array([8.5780881, 8.5780881])
27.5173 	EXP 	polygon: size = array([8.4780027, 8.4780027])
27.5339 	EXP 	polygon: size = array([8.3784057, 8.3784057])
27.5506 	EXP 	polygon: size = array([8.2782081, 8.2782081])
27.5673 	EXP 	polygon: size = array([8.1782919, 8.1782919])
27.5833 	EXP 	polygon: size = array([8.0782875, 8.0782875])
27.6004 	EXP 	polygon: size = array([7.9823013, 7.9823013])
27.6172 	EXP 	polygon: size = array([7.8799803, 7.8799803])
27.6339 	EXP 	polygon: size = array([7.7791077, 7.7791077])
27.6506 	EXP 	polygon: size = array([7.6782693, 7.6782693])
27.6671 	EXP 	polygon: size = array([7.5784209, 7.5784209])
27.6839 	EXP 	polygon: size = array([7.4790189, 7.4790189])
27.7005 	EXP 	polygon: size = array([7.3787223, 7.3787223])
27.7172 	EXP 	polygon: size = array([7.2791127, 7.2791127])
27.7339 	EXP 	polygon: size = array([7.1788581, 7.1788581])
27.7506 	EXP 	polygon: size = array([7.0784955, 7.0784955])
27.7673 	EXP 	polygon: size = array([6.9783813, 6.9783813])
27.7839 	EXP 	polygon: size = array([6.8783583, 6.8783583])
27.8006 	EXP 	polygon: size = array([6.7786125, 6.7786125])
27.8172 	EXP 	polygon: size = array([6.6784803, 6.6784803])
27.8335 	EXP 	polygon: size = array([6.5785383, 6.5785383])
27.8506 	EXP 	polygon: size = array([6.4807731, 6.4807731])
27.8672 	EXP 	polygon: size = array([6.3781629, 6.3781629])
27.8837 	EXP 	polygon: size = array([6.2785851, 6.2785851])
27.9005 	EXP 	polygon: size = array([6.1795905, 6.1795905])
27.9172 	EXP 	polygon: size = array([6.0786741, 6.0786741])
27.9339 	EXP 	polygon: size = array([5.9786919, 5.9786919])
27.9504 	EXP 	polygon: size = array([5.8784583, 5.8784583])
27.9670 	EXP 	polygon: size = array([5.7795681, 5.7795681])
27.9837 	EXP 	polygon: size = array([5.6803191, 5.6803191])
28.0005 	EXP 	polygon: size = array([5.5799481, 5.5799481])
28.0171 	EXP 	fix: autoDraw = False
28.0171 	EXP 	polygon: autoDraw = False
28.2669 	EXP 	resp: autoDraw = True
28.2669 	EXP 	polygon_2: autoDraw = True
28.5607 	EXP 	New trial (rep=0, index=4): OrderedDict([('start_size', 10), ('probe', -0.5)])
28.5673 	EXP 	fix: autoDraw = False
28.5673 	EXP 	polygon: autoDraw = False
28.5673 	EXP 	resp: autoDraw = False
28.5673 	EXP 	polygon_2: autoDraw = False
28.5673 	EXP 	polygon_2: size = array([5.05510622, 5.05510622])
28.5704 	DATA 	Keypress: j
29.0671 	EXP 	fix: autoDraw = True
29.5671 	EXP 	polygon: autoDraw = True
29.5671 	EXP 	polygon: size = array([10.0903456, 10.0903456])
29.5838 	EXP 	polygon: size = array([9.9885166, 9.9885166])
29.6004 	EXP 	polygon: size = array([9.8888614, 9.8888614])
29.6171 	EXP 	polygon: size = array([9.7888528, 9.7888528])
29.6338 	EXP 	polygon: size = array([9.6887728, 9.6887728])
29.6504 	EXP 	polygon: size = array([9.5888806, 9.5888806])
29.6672 	EXP 	polygon: size = array([9.489277, 9.489277])
29.6837 	EXP 	polygon: size = array([9.388531, 9.388531])
29.7003 	EXP 	polygon: size = array([9.2891254, 9.2891254])
29.7170 	EXP 	polygon: size = array([9.1896736, 9.1896736])
29.7337 	EXP 	polygon: size = array([9.089467, 9.089467])
29.7504 	EXP 	polygon: size = array([8.9890324, 8.9890324])
29.7671 	EXP 	polygon: size = array([8.8890388, 8.8890388])
29.7837 	EXP 	polygon: size = array([8.788942, 8.788942])
29.8003 	EXP 	polygon: size = array([8.689228, 8.689228])
29.8170 	EXP 	polygon: size = array([8.5896112, 8.5896112])
29.8337 	EXP 	polygon: size = array([8.4897922, 8.4897922])
29.8504 	EXP 	polygon: size = array([8.3891398, 8.3891398])
29.8670 	EXP 	polygon: size = array([8.2893988, 8.2893988])
29.8834 	EXP 	polygon: size = array([8.1892738, 8.1892738])
29.9003 	EXP 	polygon: size = array([8.0912236, 8.0912236])
29.9167 	EXP 	polygon: size = array([7.9894282, 7.9894282])
29.9333 	EXP 	polygon: size = array([7.8915418, 7.8915418])
29.9503 	EXP 	polygon: size = array([7.7915614, 7.7915614])
29.9670 	EXP 	polygon: size = array([7.6898494, 7.6898494])
29.9834 	EXP 	polygon: size = array([7.589362, 7.589362])
30.0003 	EXP 	polygon: size = array([7.491352, 7.491352])
30.0170 	EXP 	polygon: size = array([7.389901, 7.389901])
30.0239 	DATA 	Keypress: j
30.0336 	EXP 	polygon: size = array([7.2895228, 7.2895228])
30.0504 	EXP 	polygon: size = array([7.1901802, 7.1901802])
30.0670 	EXP 	polygon: size = array([7.0894198, 7.0894198])
30.0836 	EXP 	polygon: size = array([6.9894082, 6.9894082])
30.1003 	EXP 	polygon: size = array([6.889615, 6.889615])
30.1169 	EXP 	polygon: size = array([6.7896412, 6.7896412])
30.1335 	EXP 	polygon: size = array([6.68983, 6.68983])
30.1502 	EXP 	polygon: size = array([6.5902552, 6.5902552])
30.1666 	EXP 	polygon: size = array([6.4900834, 6.4900834])
30.1835 	EXP 	polygon: size = array([6.3918466, 6.3918466])
30.2001 	EXP 	polygon: size = array([6.290539, 6.290539])
30.2170 	EXP 	polygon: size = array([6.1907896, 6.1907896])
30.2332 	EXP 	polygon: size = array([6.0894958, 6.0894958])
30.2503 	EXP 	polygon: size = array([5.9921584, 5.9921584])
30.2670 	EXP 	polygon: size = array([5.8898836, 5.8898836])
30.2836 	EXP 	polygon: size = array([5.7896902, 5.7896902])
30.3001 	EXP 	polygon: size = array([5.6898568, 5.6898568])
30.3169 	EXP 	fix: autoDraw = False
30.3169 	EXP 	polygon: autoDraw = False
30.5669 	EXP 	resp: autoDraw = True
30.5669 	EXP 	polygon_2: autoDraw = True
30.6228 	DATA 	Keypress: escape
32.0330 	EXP 	window1: mouseVisible = True
