0.8230 	WARNING 	We strongly recommend you activate the PTB sound engine in PsychoPy prefs as the preferred audio engine. Its timing is vastly superior. Your prefs are currently set to use ['sounddevice', 'PTB', 'pyo', 'pygame'] (in that order).
4.4243 	WARNING 	User requested fullscreen with size [1504 1003], but screen is actually [1920, 1080]. Using actual size
5.0882 	EXP 	Created window1 = Window(allowGUI=False, allowStencil=False, autoLog=True, backendConf=UNKNOWN, bitsMode=UNKNOWN, blendMode='avg', bpc=(8, 8, 8), color=array([-1., -1., -1.]), colorSpace='rgb', depthBits=8, fullscr=<method-wrapper '__getattribute__' of attributeSetter object at 0x0000022EA472A160>, gamma=None, gammaErrorPolicy='raise', lms=UNKNOWN, monitor=<psychopy.monitors.calibTools.Monitor object at 0x0000022EA4787AC8>, multiSample=False, name='window1', numSamples=2, pos=[0.0, 0.0], screen=0, size=array([1920, 1080]), stencilBits=0, stereo=False, units='height', useFBO=True, useRetina=False, viewOri=0.0, viewPos=None, viewScale=None, waitBlanking=True, winType='pyglet')
5.0885 	EXP 	window1: mouseVisible = True
5.0885 	EXP 	window1: recordFrameIntervals = False
5.1879 	EXP 	window1: recordFrameIntervals = True
5.2983 	EXP 	window1: recordFrameIntervals = False
5.5384 	EXP 	Created text = TextStim(__class__=<class 'psychopy.visual.text.TextStim'>, alignHoriz=method-wrapper(...), alignText='center', alignVert=method-wrapper(...), anchorHoriz='center', anchorVert='center', antialias=True, autoLog=True, bold=False, color=array([0., 0., 0.]), colorSpace='rgb', contrast=1.0, depth=0.0, flipHoriz=False, flipVert=False, font='Open Sans', fontFiles=[], height=1.5, italic=False, languageStyle='LTR', name='text', opacity=1, ori=0.0, pos=array([0., 0.]), rgb=UNKNOWN, text='same = "F"\ndifferent ="J"\n\n(space)', units='deg', win=Window(...), wrapWidth=15.0)
5.5385 	EXP 	window1: mouseVisible = False
5.5651 	EXP 	Created fix = TextStim(__class__=<class 'psychopy.visual.text.TextStim'>, alignHoriz=method-wrapper(...), alignText='center', alignVert=method-wrapper(...), anchorHoriz='center', anchorVert='center', antialias=True, autoLog=True, bold=False, color=array([0., 0., 0.]), colorSpace='rgb', contrast=1.0, depth=-1.0, flipHoriz=False, flipVert=False, font='Open Sans', fontFiles=[], height=3.0, italic=False, languageStyle='LTR', name='fix', opacity=1, ori=0.0, pos=array([0., 5.]), rgb=UNKNOWN, text='+', units='deg', win=Window(...), wrapWidth=15.0)
5.5851 	EXP 	Created polygon = Polygon(__class__=<class 'psychopy.visual.polygon.Polygon'>, autoDraw=False, autoLog=True, closeShape=True, color=method-wrapper(...), colorSpace='rgb', contrast=None, depth=-2.0, fillColor=array([0., 0., 0.]), fillColorSpace='rgb', fillRGB=UNKNOWN, interpolate=True, lineColor=array([0., 0., 0.]), lineColorSpace='rgb', lineRGB=UNKNOWN, lineWidth=1.0, name='polygon', opacity=1, ori=0.0, pos=array([ 0., -5.]), size=array([1., 1.]), units='deg', vertices=ndarray(...), win=Window(...))
5.5959 	EXP 	Created resp = TextStim(__class__=<class 'psychopy.visual.text.TextStim'>, alignHoriz=method-wrapper(...), alignText='center', alignVert=method-wrapper(...), anchorHoriz='center', anchorVert='center', antialias=True, autoLog=True, bold=False, color=array([0., 0., 0.]), colorSpace='rgb', contrast=1.0, depth=-4.0, flipHoriz=False, flipVert=False, font='Open Sans', fontFiles=[], height=1.5, italic=False, languageStyle='LTR', name='resp', opacity=1, ori=0.0, pos=array([0., 5.]), rgb=UNKNOWN, text='same = F\ndifferent =J', units='deg', win=Window(...), wrapWidth=15.0)
5.5988 	EXP 	Created polygon_2 = Polygon(__class__=<class 'psychopy.visual.polygon.Polygon'>, autoDraw=False, autoLog=True, closeShape=True, color=method-wrapper(...), colorSpace='rgb', contrast=None, depth=-5.0, fillColor=array([0., 0., 0.]), fillColorSpace='rgb', fillRGB=UNKNOWN, interpolate=True, lineColor=array([0., 0., 0.]), lineColorSpace='rgb', lineRGB=UNKNOWN, lineWidth=1.0, name='polygon_2', opacity=1, ori=0.0, pos=array([ 0., -5.]), size=array([1., 1.]), units='deg', vertices=ndarray(...), win=Window(...))
5.6785 	EXP 	text: autoDraw = True
9.1449 	DATA 	Keypress: k
9.5728 	WARNING 	Got keycode {} but that code isn't yet known
9.5728 	WARNING 	Keypress was given unknown key code (28)
13.5255 	WARNING 	Got keycode {} but that code isn't yet known
13.5256 	WARNING 	Keypress was given unknown key code (28)
14.1061 	WARNING 	Got keycode {} but that code isn't yet known
14.1061 	WARNING 	Keypress was given unknown key code (28)
15.5798 	DATA 	KeyPress: 　
15.6058 	EXP 	Imported RM_sample6.csv as conditions, 14 conditions, 2 params
15.6061 	EXP 	Created sequence: random, trialTypes=14, nReps=5, seed=None
15.6063 	EXP 	New trial (rep=0, index=0): OrderedDict([('start_size', 1), ('probe', 1.5)])
15.6151 	EXP 	text: autoDraw = False
15.6151 	EXP 	polygon_2: size = array([7.09410915, 7.09410915])
16.1055 	EXP 	fix: autoDraw = True
16.6058 	EXP 	polygon: autoDraw = True
16.6058 	EXP 	polygon: size = array([1.08152703, 1.08152703])
16.6158 	EXP 	polygon: size = array([1.14156363, 1.14156363])
16.6258 	EXP 	polygon: size = array([1.20149583, 1.20149583])
16.6358 	EXP 	polygon: size = array([1.26143163, 1.26143163])
16.6458 	EXP 	polygon: size = array([1.32147843, 1.32147843])
16.6558 	EXP 	polygon: size = array([1.38150963, 1.38150963])
16.6658 	EXP 	polygon: size = array([1.44156063, 1.44156063])
16.6758 	EXP 	polygon: size = array([1.50159063, 1.50159063])
16.6858 	EXP 	polygon: size = array([1.56163623, 1.56163623])
16.6958 	EXP 	polygon: size = array([1.62165543, 1.62165543])
16.7059 	EXP 	polygon: size = array([1.68172623, 1.68172623])
16.7159 	EXP 	polygon: size = array([1.74248883, 1.74248883])
16.7258 	EXP 	polygon: size = array([1.80213303, 1.80213303])
16.7359 	EXP 	polygon: size = array([1.86200343, 1.86200343])
16.7459 	EXP 	polygon: size = array([1.92270183, 1.92270183])
16.7559 	EXP 	polygon: size = array([1.98239403, 1.98239403])
16.7659 	EXP 	polygon: size = array([2.04214263, 2.04214263])
16.7759 	EXP 	polygon: size = array([2.10203523, 2.10203523])
16.7859 	EXP 	polygon: size = array([2.16202743, 2.16202743])
16.7959 	EXP 	polygon: size = array([2.22281583, 2.22281583])
16.8059 	EXP 	polygon: size = array([2.28245823, 2.28245823])
16.8159 	EXP 	polygon: size = array([2.34246243, 2.34246243])
16.8259 	EXP 	polygon: size = array([2.40233403, 2.40233403])
16.8359 	EXP 	polygon: size = array([2.46235743, 2.46235743])
16.8459 	EXP 	polygon: size = array([2.52231543, 2.52231543])
16.8559 	EXP 	polygon: size = array([2.58232563, 2.58232563])
16.8659 	EXP 	polygon: size = array([2.64238443, 2.64238443])
16.8759 	EXP 	polygon: size = array([2.70242343, 2.70242343])
16.8859 	EXP 	polygon: size = array([2.76244083, 2.76244083])
16.8959 	EXP 	polygon: size = array([2.82248163, 2.82248163])
16.9059 	EXP 	polygon: size = array([2.88254463, 2.88254463])
16.9159 	EXP 	polygon: size = array([2.94258963, 2.94258963])
16.9260 	EXP 	polygon: size = array([3.00259503, 3.00259503])
16.9360 	EXP 	polygon: size = array([3.06265803, 3.06265803])
16.9460 	EXP 	polygon: size = array([3.12268983, 3.12268983])
16.9560 	EXP 	polygon: size = array([3.18271743, 3.18271743])
16.9660 	EXP 	polygon: size = array([3.24277743, 3.24277743])
16.9760 	EXP 	polygon: size = array([3.30281583, 3.30281583])
16.9860 	EXP 	polygon: size = array([3.36295503, 3.36295503])
16.9960 	EXP 	polygon: size = array([3.42290823, 3.42290823])
17.0060 	EXP 	polygon: size = array([3.48298923, 3.48298923])
17.0160 	EXP 	polygon: size = array([3.54300303, 3.54300303])
17.0260 	EXP 	polygon: size = array([3.60301623, 3.60301623])
17.0360 	EXP 	polygon: size = array([3.66308343, 3.66308343])
17.0460 	EXP 	polygon: size = array([3.72309663, 3.72309663])
17.0561 	EXP 	polygon: size = array([3.78314283, 3.78314283])
17.0661 	EXP 	polygon: size = array([3.84322023, 3.84322023])
17.0761 	EXP 	polygon: size = array([3.90321483, 3.90321483])
17.0861 	EXP 	polygon: size = array([3.96328443, 3.96328443])
17.0961 	EXP 	polygon: size = array([4.02331143, 4.02331143])
17.1061 	EXP 	polygon: size = array([4.08333843, 4.08333843])
17.1161 	EXP 	polygon: size = array([4.14337803, 4.14337803])
17.1261 	EXP 	polygon: size = array([4.20342543, 4.20342543])
17.1361 	EXP 	polygon: size = array([4.26344523, 4.26344523])
17.1461 	EXP 	polygon: size = array([4.32348843, 4.32348843])
17.1561 	EXP 	polygon: size = array([4.38352743, 4.38352743])
17.1661 	EXP 	polygon: size = array([4.44358923, 4.44358923])
17.1761 	EXP 	polygon: size = array([4.50361563, 4.50361563])
17.1861 	EXP 	polygon: size = array([4.56365583, 4.56365583])
17.1961 	EXP 	polygon: size = array([4.62369363, 4.62369363])
17.2061 	EXP 	polygon: size = array([4.68376503, 4.68376503])
17.2162 	EXP 	polygon: size = array([4.74378543, 4.74378543])
17.2262 	EXP 	polygon: size = array([4.80383103, 4.80383103])
17.2362 	EXP 	polygon: size = array([4.86388683, 4.86388683])
17.2462 	EXP 	polygon: size = array([4.92390603, 4.92390603])
17.2562 	EXP 	polygon: size = array([4.98393783, 4.98393783])
17.2662 	EXP 	polygon: size = array([5.04397923, 5.04397923])
17.2762 	EXP 	polygon: size = array([5.10401883, 5.10401883])
17.2862 	EXP 	polygon: size = array([5.16410403, 5.16410403])
17.2962 	EXP 	polygon: size = array([5.22410343, 5.22410343])
17.3062 	EXP 	polygon: size = array([5.28416043, 5.28416043])
17.3162 	EXP 	polygon: size = array([5.34419283, 5.34419283])
17.3262 	EXP 	polygon: size = array([5.40423903, 5.40423903])
17.3362 	EXP 	polygon: size = array([5.46428163, 5.46428163])
17.3462 	EXP 	polygon: size = array([5.52433143, 5.52433143])
17.3563 	EXP 	fix: autoDraw = False
17.3563 	EXP 	polygon: autoDraw = False
17.6064 	EXP 	resp: autoDraw = True
17.6064 	EXP 	polygon_2: autoDraw = True
53.0192 	EXP 	New trial (rep=0, index=1): OrderedDict([('start_size', 10), ('probe', 0.0)])
53.0405 	EXP 	fix: autoDraw = False
53.0405 	EXP 	polygon: autoDraw = False
53.0405 	EXP 	resp: autoDraw = False
53.0405 	EXP 	polygon_2: autoDraw = False
53.0405 	EXP 	polygon_2: size = array([5.59992265, 5.59992265])
53.5207 	EXP 	fix: autoDraw = True
54.0211 	EXP 	polygon: autoDraw = True
54.0211 	EXP 	polygon: size = array([10.14729169, 10.14729169])
54.0311 	EXP 	polygon: size = array([10.08714829, 10.08714829])
54.0411 	EXP 	polygon: size = array([10.02712849, 10.02712849])
54.0511 	EXP 	polygon: size = array([9.96710509, 9.96710509])
54.0611 	EXP 	polygon: size = array([9.90704869, 9.90704869])
54.0711 	EXP 	polygon: size = array([9.84704629, 9.84704629])
54.0811 	EXP 	polygon: size = array([9.78695689, 9.78695689])
54.0911 	EXP 	polygon: size = array([9.72691789, 9.72691789])
54.1011 	EXP 	polygon: size = array([9.66691069, 9.66691069])
54.1111 	EXP 	polygon: size = array([9.60686629, 9.60686629])
54.1212 	EXP 	polygon: size = array([9.54682369, 9.54682369])
54.1312 	EXP 	polygon: size = array([9.48674389, 9.48674389])
54.1412 	EXP 	polygon: size = array([9.42674869, 9.42674869])
54.1512 	EXP 	polygon: size = array([9.36663529, 9.36663529])
54.1612 	EXP 	polygon: size = array([9.30662269, 9.30662269])
54.1712 	EXP 	polygon: size = array([9.24658129, 9.24658129])
54.1812 	EXP 	polygon: size = array([9.18657769, 9.18657769])
54.1912 	EXP 	polygon: size = array([9.12652309, 9.12652309])
54.2012 	EXP 	polygon: size = array([9.06648829, 9.06648829])
54.2112 	EXP 	polygon: size = array([9.00639109, 9.00639109])
54.2212 	EXP 	polygon: size = array([8.94640309, 8.94640309])
54.2312 	EXP 	polygon: size = array([8.88640249, 8.88640249])
54.2412 	EXP 	polygon: size = array([8.82632689, 8.82632689])
54.2512 	EXP 	polygon: size = array([8.76628129, 8.76628129])
54.2612 	EXP 	polygon: size = array([8.70624349, 8.70624349])
54.2713 	EXP 	polygon: size = array([8.64621769, 8.64621769])
54.2813 	EXP 	polygon: size = array([8.58616729, 8.58616729])
54.2913 	EXP 	polygon: size = array([8.52611689, 8.52611689])
54.3013 	EXP 	polygon: size = array([8.46599149, 8.46599149])
54.3123 	EXP 	polygon: size = array([8.40596809, 8.40596809])
54.3213 	EXP 	polygon: size = array([8.33978209, 8.33978209])
54.3313 	EXP 	polygon: size = array([8.28594409, 8.28594409])
54.3413 	EXP 	polygon: size = array([8.22588589, 8.22588589])
54.3513 	EXP 	polygon: size = array([8.16587389, 8.16587389])
54.3613 	EXP 	polygon: size = array([8.10585169, 8.10585169])
54.3713 	EXP 	polygon: size = array([8.04580549, 8.04580549])
54.3813 	EXP 	polygon: size = array([7.98575089, 7.98575089])
54.3913 	EXP 	polygon: size = array([7.92569509, 7.92569509])
54.4013 	EXP 	polygon: size = array([7.86570049, 7.86570049])
54.4114 	EXP 	polygon: size = array([7.80562489, 7.80562489])
54.4214 	EXP 	polygon: size = array([7.74558949, 7.74558949])
54.4314 	EXP 	polygon: size = array([7.68552289, 7.68552289])
54.4414 	EXP 	polygon: size = array([7.62550969, 7.62550969])
54.4514 	EXP 	polygon: size = array([7.56544309, 7.56544309])
54.4614 	EXP 	polygon: size = array([7.50539269, 7.50539269])
54.4714 	EXP 	polygon: size = array([7.44538189, 7.44538189])
54.4814 	EXP 	polygon: size = array([7.38536029, 7.38536029])
54.4914 	EXP 	polygon: size = array([7.32533509, 7.32533509])
54.5014 	EXP 	polygon: size = array([7.26527449, 7.26527449])
54.5114 	EXP 	polygon: size = array([7.20523669, 7.20523669])
54.5214 	EXP 	polygon: size = array([7.14521029, 7.14521029])
54.5314 	EXP 	polygon: size = array([7.08506809, 7.08506809])
54.5414 	EXP 	polygon: size = array([7.02510409, 7.02510409])
54.5514 	EXP 	polygon: size = array([6.96507769, 6.96507769])
54.5615 	EXP 	polygon: size = array([6.90505009, 6.90505009])
54.5715 	EXP 	polygon: size = array([6.84499009, 6.84499009])
54.5815 	EXP 	polygon: size = array([6.78497569, 6.78497569])
54.5915 	EXP 	polygon: size = array([6.72492409, 6.72492409])
54.6015 	EXP 	polygon: size = array([6.66487789, 6.66487789])
54.6115 	EXP 	polygon: size = array([6.60474409, 6.60474409])
54.6215 	EXP 	polygon: size = array([6.54462649, 6.54462649])
54.6315 	EXP 	polygon: size = array([6.48473149, 6.48473149])
54.6415 	EXP 	polygon: size = array([6.42465589, 6.42465589])
54.6515 	EXP 	polygon: size = array([6.36467089, 6.36467089])
54.6615 	EXP 	polygon: size = array([6.30461989, 6.30461989])
54.6715 	EXP 	polygon: size = array([6.24457909, 6.24457909])
54.6815 	EXP 	polygon: size = array([6.18452989, 6.18452989])
54.6915 	EXP 	polygon: size = array([6.12451489, 6.12451489])
54.7016 	EXP 	polygon: size = array([6.06446269, 6.06446269])
54.7116 	EXP 	polygon: size = array([6.00439429, 6.00439429])
54.7216 	EXP 	polygon: size = array([5.94439249, 5.94439249])
54.7316 	EXP 	polygon: size = array([5.88433129, 5.88433129])
54.7416 	EXP 	polygon: size = array([5.82431569, 5.82431569])
54.7516 	EXP 	polygon: size = array([5.76422449, 5.76422449])
54.7616 	EXP 	polygon: size = array([5.70423589, 5.70423589])
54.7716 	EXP 	fix: autoDraw = False
54.7716 	EXP 	polygon: autoDraw = False
55.0218 	EXP 	resp: autoDraw = True
55.0218 	EXP 	polygon_2: autoDraw = True
57.5782 	EXP 	New trial (rep=0, index=2): OrderedDict([('start_size', 1), ('probe', 1.0)])
57.5935 	EXP 	fix: autoDraw = False
57.5935 	EXP 	polygon: autoDraw = False
57.5935 	EXP 	resp: autoDraw = False
57.5935 	EXP 	polygon_2: autoDraw = False
57.5935 	EXP 	polygon_2: size = array([6.48323716, 6.48323716])
58.0738 	EXP 	fix: autoDraw = True
58.5741 	EXP 	polygon: autoDraw = True
58.5741 	EXP 	polygon: size = array([0.92803872, 0.92803872])
58.5841 	EXP 	polygon: size = array([0.98828532, 0.98828532])
58.5943 	EXP 	polygon: size = array([1.04824332, 1.04824332])
58.6041 	EXP 	polygon: size = array([1.10894052, 1.10894052])
58.6142 	EXP 	polygon: size = array([1.16834472, 1.16834472])
58.6242 	EXP 	polygon: size = array([1.22824872, 1.22824872])
58.6342 	EXP 	polygon: size = array([1.28845992, 1.28845992])
58.6442 	EXP 	polygon: size = array([1.34841732, 1.34841732])
58.6542 	EXP 	polygon: size = array([1.40850012, 1.40850012])
58.6642 	EXP 	polygon: size = array([1.46863752, 1.46863752])
58.6742 	EXP 	polygon: size = array([1.52863332, 1.52863332])
58.6842 	EXP 	polygon: size = array([1.58869572, 1.58869572])
58.6943 	EXP 	polygon: size = array([1.64873592, 1.64873592])
58.7043 	EXP 	polygon: size = array([1.70937852, 1.70937852])
58.7143 	EXP 	polygon: size = array([1.76940372, 1.76940372])
58.7244 	EXP 	polygon: size = array([1.82957832, 1.82957832])
58.7344 	EXP 	polygon: size = array([1.88966412, 1.88966412])
58.7444 	EXP 	polygon: size = array([1.94966052, 1.94966052])
58.7543 	EXP 	polygon: size = array([2.00979672, 2.00979672])
58.7643 	EXP 	polygon: size = array([2.06935272, 2.06935272])
58.7743 	EXP 	polygon: size = array([2.12922492, 2.12922492])
58.7843 	EXP 	polygon: size = array([2.18916192, 2.18916192])
58.7943 	EXP 	polygon: size = array([2.24911872, 2.24911872])
58.8043 	EXP 	polygon: size = array([2.30920692, 2.30920692])
58.8143 	EXP 	polygon: size = array([2.36921892, 2.36921892])
58.8243 	EXP 	polygon: size = array([2.42924592, 2.42924592])
58.8343 	EXP 	polygon: size = array([2.48926932, 2.48926932])
58.8444 	EXP 	polygon: size = array([2.54932152, 2.54932152])
58.8544 	EXP 	polygon: size = array([2.60937792, 2.60937792])
58.8644 	EXP 	polygon: size = array([2.66953632, 2.66953632])
58.8744 	EXP 	polygon: size = array([2.72948652, 2.72948652])
58.8844 	EXP 	polygon: size = array([2.78954352, 2.78954352])
58.8944 	EXP 	polygon: size = array([2.84957832, 2.84957832])
58.9044 	EXP 	polygon: size = array([2.90975712, 2.90975712])
58.9144 	EXP 	polygon: size = array([2.96967192, 2.96967192])
58.9244 	EXP 	polygon: size = array([3.02975412, 3.02975412])
58.9344 	EXP 	polygon: size = array([3.08971512, 3.08971512])
58.9444 	EXP 	polygon: size = array([3.14974212, 3.14974212])
58.9544 	EXP 	polygon: size = array([3.20976552, 3.20976552])
58.9644 	EXP 	polygon: size = array([3.26982012, 3.26982012])
58.9744 	EXP 	polygon: size = array([3.32986452, 3.32986452])
58.9844 	EXP 	polygon: size = array([3.38990472, 3.38990472])
58.9945 	EXP 	polygon: size = array([3.44992692, 3.44992692])
59.0045 	EXP 	polygon: size = array([3.51070332, 3.51070332])
59.0146 	EXP 	polygon: size = array([3.57073992, 3.57073992])
59.0246 	EXP 	polygon: size = array([3.63080892, 3.63080892])
59.0346 	EXP 	polygon: size = array([3.69090732, 3.69090732])
59.0446 	EXP 	polygon: size = array([3.75083172, 3.75083172])
59.0546 	EXP 	polygon: size = array([3.81092172, 3.81092172])
59.0646 	EXP 	polygon: size = array([3.87090012, 3.87090012])
59.0746 	EXP 	polygon: size = array([3.93097632, 3.93097632])
59.0846 	EXP 	polygon: size = array([3.99108252, 3.99108252])
59.0946 	EXP 	polygon: size = array([4.05110292, 4.05110292])
59.1046 	EXP 	polygon: size = array([4.11114312, 4.11114312])
59.1146 	EXP 	polygon: size = array([4.17123372, 4.17123372])
59.1246 	EXP 	polygon: size = array([4.23081012, 4.23081012])
59.1346 	EXP 	polygon: size = array([4.29067152, 4.29067152])
59.1446 	EXP 	polygon: size = array([4.35060012, 4.35060012])
59.1546 	EXP 	polygon: size = array([4.41059832, 4.41059832])
59.1646 	EXP 	polygon: size = array([4.47064032, 4.47064032])
59.1746 	EXP 	polygon: size = array([4.53070332, 4.53070332])
59.1846 	EXP 	polygon: size = array([4.59071292, 4.59071292])
59.1946 	EXP 	polygon: size = array([4.65075972, 4.65075972])
59.2046 	EXP 	polygon: size = array([4.71078672, 4.71078672])
59.2146 	EXP 	polygon: size = array([4.77089412, 4.77089412])
59.2246 	EXP 	polygon: size = array([4.83091992, 4.83091992])
59.2346 	EXP 	polygon: size = array([4.89089472, 4.89089472])
59.2446 	EXP 	polygon: size = array([4.95096312, 4.95096312])
59.2546 	EXP 	polygon: size = array([5.01096792, 5.01096792])
59.2646 	EXP 	polygon: size = array([5.07108012, 5.07108012])
59.2747 	EXP 	polygon: size = array([5.13104352, 5.13104352])
59.2847 	EXP 	polygon: size = array([5.19184512, 5.19184512])
59.2948 	EXP 	polygon: size = array([5.25147672, 5.25147672])
59.3047 	EXP 	polygon: size = array([5.31245232, 5.31245232])
59.3148 	EXP 	polygon: size = array([5.37163872, 5.37163872])
59.3247 	EXP 	fix: autoDraw = False
59.3247 	EXP 	polygon: autoDraw = False
59.5749 	EXP 	resp: autoDraw = True
59.5749 	EXP 	polygon_2: autoDraw = True
61.1608 	EXP 	New trial (rep=0, index=3): OrderedDict([('start_size', 10), ('probe', 1.5)])
61.1760 	EXP 	fix: autoDraw = False
61.1760 	EXP 	polygon: autoDraw = False
61.1760 	EXP 	resp: autoDraw = False
61.1760 	EXP 	polygon_2: autoDraw = False
61.1760 	EXP 	polygon_2: size = array([6.91146083, 6.91146083])
61.6563 	EXP 	fix: autoDraw = True
62.1566 	EXP 	polygon: autoDraw = True
62.1566 	EXP 	polygon: size = array([9.96889427, 9.96889427])
62.1666 	EXP 	polygon: size = array([9.90877847, 9.90877847])
62.1766 	EXP 	polygon: size = array([9.84880307, 9.84880307])
62.1866 	EXP 	polygon: size = array([9.78874667, 9.78874667])
62.1966 	EXP 	polygon: size = array([9.72872027, 9.72872027])
62.2066 	EXP 	polygon: size = array([9.66866087, 9.66866087])
62.2166 	EXP 	polygon: size = array([9.60865427, 9.60865427])
62.2267 	EXP 	polygon: size = array([9.54857147, 9.54857147])
62.2367 	EXP 	polygon: size = array([9.48846407, 9.48846407])
62.2467 	EXP 	polygon: size = array([9.42826247, 9.42826247])
62.2567 	EXP 	polygon: size = array([9.36826787, 9.36826787])
62.2667 	EXP 	polygon: size = array([9.30831647, 9.30831647])
62.2767 	EXP 	polygon: size = array([9.24837227, 9.24837227])
62.2867 	EXP 	polygon: size = array([9.18836267, 9.18836267])
62.2967 	EXP 	polygon: size = array([9.12831167, 9.12831167])
62.3067 	EXP 	polygon: size = array([9.06826787, 9.06826787])
62.3167 	EXP 	polygon: size = array([9.00823727, 9.00823727])
62.3267 	EXP 	polygon: size = array([8.94818567, 8.94818567])
62.3367 	EXP 	polygon: size = array([8.88814127, 8.88814127])
62.3467 	EXP 	polygon: size = array([8.82810947, 8.82810947])
62.3567 	EXP 	polygon: size = array([8.76806027, 8.76806027])
62.3667 	EXP 	polygon: size = array([8.70801647, 8.70801647])
62.3767 	EXP 	polygon: size = array([8.64797027, 8.64797027])
62.3868 	EXP 	polygon: size = array([8.58792527, 8.58792527])
62.3968 	EXP 	polygon: size = array([8.52788627, 8.52788627])
62.4068 	EXP 	polygon: size = array([8.46783647, 8.46783647])
62.4168 	EXP 	polygon: size = array([8.40778427, 8.40778427])
62.4268 	EXP 	polygon: size = array([8.34777167, 8.34777167])
62.4368 	EXP 	polygon: size = array([8.28773327, 8.28773327])
62.4468 	EXP 	polygon: size = array([8.22766067, 8.22766067])
62.4568 	EXP 	polygon: size = array([8.16766067, 8.16766067])
62.4668 	EXP 	polygon: size = array([8.10761027, 8.10761027])
62.4768 	EXP 	polygon: size = array([8.04757667, 8.04757667])
62.4868 	EXP 	polygon: size = array([7.98752987, 7.98752987])
62.4968 	EXP 	polygon: size = array([7.92749147, 7.92749147])
62.5068 	EXP 	polygon: size = array([7.86742847, 7.86742847])
62.5169 	EXP 	polygon: size = array([7.80743447, 7.80743447])
62.5268 	EXP 	polygon: size = array([7.74700847, 7.74700847])
62.5369 	EXP 	polygon: size = array([7.68733487, 7.68733487])
62.5469 	EXP 	polygon: size = array([7.62704507, 7.62704507])
62.5569 	EXP 	polygon: size = array([7.56724547, 7.56724547])
62.5669 	EXP 	polygon: size = array([7.50719087, 7.50719087])
62.5769 	EXP 	polygon: size = array([7.44717767, 7.44717767])
62.5869 	EXP 	polygon: size = array([7.38703667, 7.38703667])
62.5969 	EXP 	polygon: size = array([7.32696947, 7.32696947])
62.6069 	EXP 	polygon: size = array([7.26700007, 7.26700007])
62.6169 	EXP 	polygon: size = array([7.20702647, 7.20702647])
62.6269 	EXP 	polygon: size = array([7.14695087, 7.14695087])
62.6369 	EXP 	polygon: size = array([7.08691547, 7.08691547])
62.6469 	EXP 	polygon: size = array([7.02688487, 7.02688487])
62.6569 	EXP 	polygon: size = array([6.96683567, 6.96683567])
62.6669 	EXP 	polygon: size = array([6.90679787, 6.90679787])
62.6769 	EXP 	polygon: size = array([6.84676187, 6.84676187])
62.6870 	EXP 	polygon: size = array([6.78672047, 6.78672047])
62.6970 	EXP 	polygon: size = array([6.72667007, 6.72667007])
62.7070 	EXP 	polygon: size = array([6.66664907, 6.66664907])
62.7170 	EXP 	polygon: size = array([6.60657827, 6.60657827])
62.7270 	EXP 	polygon: size = array([6.54655667, 6.54655667])
62.7370 	EXP 	polygon: size = array([6.48639647, 6.48639647])
62.7470 	EXP 	polygon: size = array([6.42645407, 6.42645407])
62.7570 	EXP 	polygon: size = array([6.36642227, 6.36642227])
62.7670 	EXP 	polygon: size = array([6.30639167, 6.30639167])
62.7770 	EXP 	polygon: size = array([6.24636227, 6.24636227])
62.7870 	EXP 	polygon: size = array([6.18630587, 6.18630587])
62.7970 	EXP 	polygon: size = array([6.12626507, 6.12626507])
62.8070 	EXP 	polygon: size = array([6.06591107, 6.06591107])
62.8171 	EXP 	polygon: size = array([6.00610307, 6.00610307])
62.8271 	EXP 	polygon: size = array([5.94593627, 5.94593627])
62.8371 	EXP 	polygon: size = array([5.88595067, 5.88595067])
62.8471 	EXP 	polygon: size = array([5.82605267, 5.82605267])
62.8571 	EXP 	polygon: size = array([5.76601607, 5.76601607])
62.8671 	EXP 	polygon: size = array([5.70596327, 5.70596327])
62.8771 	EXP 	polygon: size = array([5.64596987, 5.64596987])
62.8871 	EXP 	polygon: size = array([5.58591827, 5.58591827])
62.8971 	EXP 	polygon: size = array([5.52585647, 5.52585647])
62.9071 	EXP 	fix: autoDraw = False
62.9071 	EXP 	polygon: autoDraw = False
63.1573 	EXP 	resp: autoDraw = True
63.1573 	EXP 	polygon_2: autoDraw = True
63.7248 	EXP 	New trial (rep=0, index=4): OrderedDict([('start_size', 1), ('probe', -1.0)])
63.7377 	EXP 	fix: autoDraw = False
63.7377 	EXP 	polygon: autoDraw = False
63.7377 	EXP 	resp: autoDraw = False
63.7377 	EXP 	polygon_2: autoDraw = False
63.7377 	EXP 	polygon_2: size = array([4.55035847, 4.55035847])
64.2280 	EXP 	fix: autoDraw = True
64.7283 	EXP 	polygon: autoDraw = True
64.7283 	EXP 	polygon: size = array([1.02121383, 1.02121383])
64.7384 	EXP 	polygon: size = array([1.08139143, 1.08139143])
64.7483 	EXP 	polygon: size = array([1.14139083, 1.14139083])
64.7584 	EXP 	polygon: size = array([1.20138363, 1.20138363])
64.7684 	EXP 	polygon: size = array([1.26145743, 1.26145743])
64.7784 	EXP 	polygon: size = array([1.32146103, 1.32146103])
64.7884 	EXP 	polygon: size = array([1.38154383, 1.38154383])
64.7984 	EXP 	polygon: size = array([1.44153963, 1.44153963])
64.8084 	EXP 	polygon: size = array([1.50160623, 1.50160623])
64.8184 	EXP 	polygon: size = array([1.56162363, 1.56162363])
64.8284 	EXP 	polygon: size = array([1.62170043, 1.62170043])
64.8384 	EXP 	polygon: size = array([1.68172623, 1.68172623])
64.8484 	EXP 	polygon: size = array([1.74177843, 1.74177843])
64.8584 	EXP 	polygon: size = array([1.80180063, 1.80180063])
64.8684 	EXP 	polygon: size = array([1.86182523, 1.86182523])
64.8784 	EXP 	polygon: size = array([1.92191283, 1.92191283])
64.8884 	EXP 	polygon: size = array([1.98191643, 1.98191643])
64.8985 	EXP 	polygon: size = array([2.04198003, 2.04198003])
64.9085 	EXP 	polygon: size = array([2.10202803, 2.10202803])
64.9185 	EXP 	polygon: size = array([2.16203523, 2.16203523])
64.9285 	EXP 	polygon: size = array([2.22208503, 2.22208503])
64.9385 	EXP 	polygon: size = array([2.28211203, 2.28211203])
64.9485 	EXP 	polygon: size = array([2.34216843, 2.34216843])
64.9585 	EXP 	polygon: size = array([2.40219423, 2.40219423])
64.9685 	EXP 	polygon: size = array([2.46226743, 2.46226743])
64.9785 	EXP 	polygon: size = array([2.52228243, 2.52228243])
64.9885 	EXP 	polygon: size = array([2.58231063, 2.58231063])
64.9985 	EXP 	polygon: size = array([2.64238863, 2.64238863])
65.0085 	EXP 	polygon: size = array([2.70241503, 2.70241503])
65.0185 	EXP 	polygon: size = array([2.76248403, 2.76248403])
65.0285 	EXP 	polygon: size = array([2.82248043, 2.82248043])
65.0385 	EXP 	polygon: size = array([2.88255123, 2.88255123])
65.0486 	EXP 	polygon: size = array([2.94255063, 2.94255063])
65.0586 	EXP 	polygon: size = array([3.00260283, 3.00260283])
65.0686 	EXP 	polygon: size = array([3.06267483, 3.06267483])
65.0786 	EXP 	polygon: size = array([3.12268923, 3.12268923])
65.0886 	EXP 	polygon: size = array([3.18276483, 3.18276483])
65.0986 	EXP 	polygon: size = array([3.24275703, 3.24275703])
65.1086 	EXP 	polygon: size = array([3.30290343, 3.30290343])
65.1186 	EXP 	polygon: size = array([3.36327663, 3.36327663])
65.1286 	EXP 	polygon: size = array([3.42314883, 3.42314883])
65.1386 	EXP 	polygon: size = array([3.48311583, 3.48311583])
65.1486 	EXP 	polygon: size = array([3.54300243, 3.54300243])
65.1586 	EXP 	polygon: size = array([3.60302763, 3.60302763])
65.1686 	EXP 	polygon: size = array([3.66307623, 3.66307623])
65.1786 	EXP 	polygon: size = array([3.72313803, 3.72313803])
65.1887 	EXP 	polygon: size = array([3.78313983, 3.78313983])
65.1987 	EXP 	polygon: size = array([3.84319923, 3.84319923])
65.2087 	EXP 	polygon: size = array([3.90324783, 3.90324783])
65.2187 	EXP 	polygon: size = array([3.96326163, 3.96326163])
65.2287 	EXP 	polygon: size = array([4.02331563, 4.02331563])
65.2387 	EXP 	polygon: size = array([4.08336123, 4.08336123])
65.2487 	EXP 	polygon: size = array([4.14353103, 4.14353103])
65.2587 	EXP 	polygon: size = array([4.20344103, 4.20344103])
65.2687 	EXP 	polygon: size = array([4.26349503, 4.26349503])
65.2787 	EXP 	polygon: size = array([4.32353103, 4.32353103])
65.2887 	EXP 	polygon: size = array([4.38353583, 4.38353583])
65.2987 	EXP 	polygon: size = array([4.44359103, 4.44359103])
65.3087 	EXP 	polygon: size = array([4.50364023, 4.50364023])
65.3187 	EXP 	polygon: size = array([4.56368583, 4.56368583])
65.3287 	EXP 	polygon: size = array([4.62371823, 4.62371823])
65.3387 	EXP 	polygon: size = array([4.68379503, 4.68379503])
65.3488 	EXP 	polygon: size = array([4.74378123, 4.74378123])
65.3588 	EXP 	polygon: size = array([4.80384123, 4.80384123])
65.3688 	EXP 	polygon: size = array([4.86387183, 4.86387183])
65.3788 	EXP 	polygon: size = array([4.92387903, 4.92387903])
65.3888 	EXP 	polygon: size = array([4.98396543, 4.98396543])
65.3988 	EXP 	polygon: size = array([5.04398103, 5.04398103])
65.4088 	EXP 	polygon: size = array([5.10402423, 5.10402423])
65.4188 	EXP 	polygon: size = array([5.16406263, 5.16406263])
65.4288 	EXP 	polygon: size = array([5.22413103, 5.22413103])
65.4388 	EXP 	polygon: size = array([5.28414723, 5.28414723])
65.4488 	EXP 	polygon: size = array([5.34421683, 5.34421683])
65.4588 	EXP 	polygon: size = array([5.40425283, 5.40425283])
65.4688 	EXP 	polygon: size = array([5.46427263, 5.46427263])
65.4788 	EXP 	fix: autoDraw = False
65.4788 	EXP 	polygon: autoDraw = False
65.7290 	EXP 	resp: autoDraw = True
65.7290 	EXP 	polygon_2: autoDraw = True
66.3341 	EXP 	New trial (rep=0, index=5): OrderedDict([('start_size', 10), ('probe', -0.5)])
66.3494 	EXP 	fix: autoDraw = False
66.3494 	EXP 	polygon: autoDraw = False
66.3494 	EXP 	resp: autoDraw = False
66.3494 	EXP 	polygon_2: autoDraw = False
66.3494 	EXP 	polygon_2: size = array([4.94727401, 4.94727401])
66.8298 	EXP 	fix: autoDraw = True
67.3302 	EXP 	polygon: autoDraw = True
67.3302 	EXP 	polygon: size = array([10.00206445, 10.00206445])
67.3402 	EXP 	polygon: size = array([9.94172605, 9.94172605])
67.3502 	EXP 	polygon: size = array([9.88179925, 9.88179925])
67.3602 	EXP 	polygon: size = array([9.82179745, 9.82179745])
67.3702 	EXP 	polygon: size = array([9.76162825, 9.76162825])
67.3802 	EXP 	polygon: size = array([9.70208845, 9.70208845])
67.3902 	EXP 	polygon: size = array([9.64152925, 9.64152925])
67.4002 	EXP 	polygon: size = array([9.58154245, 9.58154245])
67.4102 	EXP 	polygon: size = array([9.52189525, 9.52189525])
67.4202 	EXP 	polygon: size = array([9.46204225, 9.46204225])
67.4303 	EXP 	polygon: size = array([9.40212865, 9.40212865])
67.4402 	EXP 	polygon: size = array([9.34136905, 9.34136905])
67.4502 	EXP 	polygon: size = array([9.28182625, 9.28182625])
67.4602 	EXP 	polygon: size = array([9.22195945, 9.22195945])
67.4702 	EXP 	polygon: size = array([9.16203385, 9.16203385])
67.4802 	EXP 	polygon: size = array([9.10202365, 9.10202365])
67.4902 	EXP 	polygon: size = array([9.04199545, 9.04199545])
67.5002 	EXP 	polygon: size = array([8.98194205, 8.98194205])
67.5103 	EXP 	polygon: size = array([8.92188385, 8.92188385])
67.5202 	EXP 	polygon: size = array([8.86102705, 8.86102705])
67.5303 	EXP 	polygon: size = array([8.80174345, 8.80174345])
67.5403 	EXP 	polygon: size = array([8.74095325, 8.74095325])
67.5503 	EXP 	polygon: size = array([8.68087645, 8.68087645])
67.5604 	EXP 	polygon: size = array([8.62137505, 8.62137505])
67.5704 	EXP 	polygon: size = array([8.56084765, 8.56084765])
67.5803 	EXP 	polygon: size = array([8.50076785, 8.50076785])
67.5904 	EXP 	polygon: size = array([8.44125325, 8.44125325])
67.6003 	EXP 	polygon: size = array([8.38077745, 8.38077745])
67.6104 	EXP 	polygon: size = array([8.32117885, 8.32117885])
67.6204 	EXP 	polygon: size = array([8.26062205, 8.26062205])
67.6303 	EXP 	polygon: size = array([8.20062805, 8.20062805])
67.6404 	EXP 	polygon: size = array([8.14103965, 8.14103965])
67.6504 	EXP 	polygon: size = array([8.08053505, 8.08053505])
67.6604 	EXP 	polygon: size = array([8.02096165, 8.02096165])
67.6704 	EXP 	polygon: size = array([7.96045585, 7.96045585])
67.6804 	EXP 	polygon: size = array([7.90057705, 7.90057705])
67.6904 	EXP 	polygon: size = array([7.84029325, 7.84029325])
67.7004 	EXP 	polygon: size = array([7.78036225, 7.78036225])
67.7105 	EXP 	polygon: size = array([7.72023325, 7.72023325])
67.7205 	EXP 	polygon: size = array([7.66020985, 7.66020985])
67.7305 	EXP 	polygon: size = array([7.60017565, 7.60017565])
67.7405 	EXP 	polygon: size = array([7.54022965, 7.54022965])
67.7505 	EXP 	polygon: size = array([7.48002565, 7.48002565])
67.7604 	EXP 	polygon: size = array([7.42007965, 7.42007965])
67.7705 	EXP 	polygon: size = array([7.36051645, 7.36051645])
67.7805 	EXP 	polygon: size = array([7.30004485, 7.30004485])
67.7904 	EXP 	polygon: size = array([7.23993325, 7.23993325])
67.8005 	EXP 	polygon: size = array([7.18039525, 7.18039525])
67.8105 	EXP 	polygon: size = array([7.11983965, 7.11983965])
67.8205 	EXP 	polygon: size = array([7.06032505, 7.06032505])
67.8304 	EXP 	polygon: size = array([7.00046245, 7.00046245])
67.8405 	EXP 	polygon: size = array([6.94052785, 6.94052785])
67.8505 	EXP 	polygon: size = array([6.88050025, 6.88050025])
67.8605 	EXP 	polygon: size = array([6.82046425, 6.82046425])
67.8705 	EXP 	polygon: size = array([6.76042345, 6.76042345])
67.8805 	EXP 	polygon: size = array([6.70040485, 6.70040485])
67.8906 	EXP 	polygon: size = array([6.64033525, 6.64033525])
67.9005 	EXP 	polygon: size = array([6.57957025, 6.57957025])
67.9105 	EXP 	polygon: size = array([6.51995305, 6.51995305])
67.9206 	EXP 	polygon: size = array([6.46009525, 6.46009525])
67.9305 	EXP 	polygon: size = array([6.39938905, 6.39938905])
67.9405 	EXP 	polygon: size = array([6.33983665, 6.33983665])
67.9506 	EXP 	polygon: size = array([6.27995905, 6.27995905])
67.9606 	EXP 	polygon: size = array([6.21920245, 6.21920245])
67.9706 	EXP 	polygon: size = array([6.15969745, 6.15969745])
67.9806 	EXP 	polygon: size = array([6.09983425, 6.09983425])
67.9906 	EXP 	polygon: size = array([6.03914185, 6.03914185])
68.0006 	EXP 	polygon: size = array([5.97958225, 5.97958225])
68.0106 	EXP 	polygon: size = array([5.91908125, 5.91908125])
68.0207 	EXP 	polygon: size = array([5.85952525, 5.85952525])
68.0306 	EXP 	polygon: size = array([5.79902305, 5.79902305])
68.0406 	EXP 	polygon: size = array([5.73936505, 5.73936505])
68.0507 	EXP 	polygon: size = array([5.67954505, 5.67954505])
68.0606 	EXP 	polygon: size = array([5.61889285, 5.61889285])
68.0707 	EXP 	polygon: size = array([5.55928345, 5.55928345])
68.0807 	EXP 	fix: autoDraw = False
68.0807 	EXP 	polygon: autoDraw = False
68.3309 	EXP 	resp: autoDraw = True
68.3309 	EXP 	polygon_2: autoDraw = True
78.9854 	EXP 	New trial (rep=0, index=6): OrderedDict([('start_size', 1), ('probe', -0.5)])
79.0080 	EXP 	fix: autoDraw = False
79.0080 	EXP 	polygon: autoDraw = False
79.0080 	EXP 	resp: autoDraw = False
79.0080 	EXP 	polygon_2: autoDraw = False
79.0080 	EXP 	polygon_2: size = array([5.07290212, 5.07290212])
79.4883 	EXP 	fix: autoDraw = True
79.9887 	EXP 	polygon: autoDraw = True
79.9887 	EXP 	polygon: size = array([1.03968888, 1.03968888])
79.9987 	EXP 	polygon: size = array([1.09986588, 1.09986588])
80.0087 	EXP 	polygon: size = array([1.15985868, 1.15985868])
80.0187 	EXP 	polygon: size = array([1.21988028, 1.21988028])
80.0287 	EXP 	polygon: size = array([1.27991388, 1.27991388])
80.0387 	EXP 	polygon: size = array([1.33996188, 1.33996188])
80.0487 	EXP 	polygon: size = array([1.40000628, 1.40000628])
80.0587 	EXP 	polygon: size = array([1.46002308, 1.46002308])
80.0687 	EXP 	polygon: size = array([1.52007108, 1.52007108])
80.0788 	EXP 	polygon: size = array([1.58010768, 1.58010768])
80.0888 	EXP 	polygon: size = array([1.64025348, 1.64025348])
80.0988 	EXP 	polygon: size = array([1.70032308, 1.70032308])
80.1088 	EXP 	polygon: size = array([1.76026848, 1.76026848])
80.1188 	EXP 	polygon: size = array([1.82029368, 1.82029368])
80.1288 	EXP 	polygon: size = array([1.88031948, 1.88031948])
80.1388 	EXP 	polygon: size = array([1.94036148, 1.94036148])
80.1488 	EXP 	polygon: size = array([2.00039508, 2.00039508])
80.1588 	EXP 	polygon: size = array([2.06046168, 2.06046168])
80.1688 	EXP 	polygon: size = array([2.12046228, 2.12046228])
80.1788 	EXP 	polygon: size = array([2.18052648, 2.18052648])
80.1888 	EXP 	polygon: size = array([2.24059008, 2.24059008])
80.1988 	EXP 	polygon: size = array([2.30059848, 2.30059848])
80.2088 	EXP 	polygon: size = array([2.36064768, 2.36064768])
80.2188 	EXP 	polygon: size = array([2.42068128, 2.42068128])
80.2288 	EXP 	polygon: size = array([2.48075928, 2.48075928])
80.2388 	EXP 	polygon: size = array([2.54078928, 2.54078928])
80.2489 	EXP 	polygon: size = array([2.60081568, 2.60081568])
80.2589 	EXP 	polygon: size = array([2.66088948, 2.66088948])
80.2689 	EXP 	polygon: size = array([2.72088528, 2.72088528])
80.2789 	EXP 	polygon: size = array([2.78093988, 2.78093988])
80.2889 	EXP 	polygon: size = array([2.84096028, 2.84096028])
80.2989 	EXP 	polygon: size = array([2.90102328, 2.90102328])
80.3089 	EXP 	polygon: size = array([2.96129688, 2.96129688])
80.3189 	EXP 	polygon: size = array([3.02110008, 3.02110008])
80.3289 	EXP 	polygon: size = array([3.08113068, 3.08113068])
80.3389 	EXP 	polygon: size = array([3.14116248, 3.14116248])
80.3489 	EXP 	polygon: size = array([3.20123928, 3.20123928])
80.3589 	EXP 	polygon: size = array([3.26123328, 3.26123328])
80.3689 	EXP 	polygon: size = array([3.32129208, 3.32129208])
80.3789 	EXP 	polygon: size = array([3.38131068, 3.38131068])
80.3889 	EXP 	polygon: size = array([3.44138988, 3.44138988])
80.3990 	EXP 	polygon: size = array([3.50139348, 3.50139348])
80.4090 	EXP 	polygon: size = array([3.56144208, 3.56144208])
80.4191 	EXP 	polygon: size = array([3.62150808, 3.62150808])
80.4290 	EXP 	polygon: size = array([3.68229708, 3.68229708])
80.4390 	EXP 	polygon: size = array([3.74190108, 3.74190108])
80.4490 	EXP 	polygon: size = array([3.80205828, 3.80205828])
80.4590 	EXP 	polygon: size = array([3.86172048, 3.86172048])
80.4690 	EXP 	polygon: size = array([3.92171268, 3.92171268])
80.4790 	EXP 	polygon: size = array([3.98173968, 3.98173968])
80.4890 	EXP 	polygon: size = array([4.04178528, 4.04178528])
80.4990 	EXP 	polygon: size = array([4.10181168, 4.10181168])
80.5090 	EXP 	polygon: size = array([4.16186448, 4.16186448])
80.5190 	EXP 	polygon: size = array([4.22199288, 4.22199288])
80.5291 	EXP 	polygon: size = array([4.28208948, 4.28208948])
80.5391 	EXP 	polygon: size = array([4.34215548, 4.34215548])
80.5491 	EXP 	polygon: size = array([4.40208048, 4.40208048])
80.5591 	EXP 	polygon: size = array([4.46210328, 4.46210328])
80.5691 	EXP 	polygon: size = array([4.52210628, 4.52210628])
80.5791 	EXP 	polygon: size = array([4.58218848, 4.58218848])
80.5891 	EXP 	polygon: size = array([4.64219688, 4.64219688])
80.5991 	EXP 	polygon: size = array([4.70228028, 4.70228028])
80.6091 	EXP 	polygon: size = array([4.76227488, 4.76227488])
80.6191 	EXP 	polygon: size = array([4.82233848, 4.82233848])
80.6291 	EXP 	polygon: size = array([4.88250288, 4.88250288])
80.6391 	EXP 	polygon: size = array([4.94263008, 4.94263008])
80.6492 	EXP 	polygon: size = array([5.00264028, 5.00264028])
80.6591 	EXP 	polygon: size = array([5.06270928, 5.06270928])
80.6691 	EXP 	polygon: size = array([5.12254668, 5.12254668])
80.6791 	EXP 	polygon: size = array([5.18255928, 5.18255928])
80.6891 	EXP 	polygon: size = array([5.24261208, 5.24261208])
80.6992 	EXP 	polygon: size = array([5.30264448, 5.30264448])
80.7092 	EXP 	polygon: size = array([5.36268648, 5.36268648])
80.7192 	EXP 	polygon: size = array([5.42274108, 5.42274108])
80.7292 	EXP 	polygon: size = array([5.48275848, 5.48275848])
80.7392 	EXP 	fix: autoDraw = False
80.7392 	EXP 	polygon: autoDraw = False
80.9894 	EXP 	resp: autoDraw = True
80.9894 	EXP 	polygon_2: autoDraw = True
81.6550 	EXP 	New trial (rep=0, index=7): OrderedDict([('start_size', 1), ('probe', -1.5)])
81.6808 	EXP 	fix: autoDraw = False
81.6808 	EXP 	polygon: autoDraw = False
81.6808 	EXP 	resp: autoDraw = False
81.6808 	EXP 	polygon_2: autoDraw = False
81.6808 	EXP 	polygon_2: size = array([3.93494498, 3.93494498])
82.1502 	EXP 	fix: autoDraw = True
82.6505 	EXP 	polygon: autoDraw = True
82.6505 	EXP 	polygon: size = array([0.87491114, 0.87491114])
82.6605 	EXP 	polygon: size = array([0.93481214, 0.93481214])
82.6705 	EXP 	polygon: size = array([0.99477854, 0.99477854])
82.6805 	EXP 	polygon: size = array([1.05483434, 1.05483434])
82.6905 	EXP 	polygon: size = array([1.11481994, 1.11481994])
82.7006 	EXP 	polygon: size = array([1.17484934, 1.17484934])
82.7106 	EXP 	polygon: size = array([1.23569174, 1.23569174])
82.7205 	EXP 	polygon: size = array([1.29528434, 1.29528434])
82.7306 	EXP 	polygon: size = array([1.35511874, 1.35511874])
82.7406 	EXP 	polygon: size = array([1.41581474, 1.41581474])
82.7506 	EXP 	polygon: size = array([1.47539114, 1.47539114])
82.7606 	EXP 	polygon: size = array([1.53588194, 1.53588194])
82.7706 	EXP 	polygon: size = array([1.59545294, 1.59545294])
82.7806 	EXP 	polygon: size = array([1.65590954, 1.65590954])
82.7906 	EXP 	polygon: size = array([1.71555314, 1.71555314])
82.8007 	EXP 	polygon: size = array([1.77541154, 1.77541154])
82.8106 	EXP 	polygon: size = array([1.83611054, 1.83611054])
82.8206 	EXP 	polygon: size = array([1.89574034, 1.89574034])
82.8306 	EXP 	polygon: size = array([1.95561134, 1.95561134])
82.8407 	EXP 	polygon: size = array([2.01556034, 2.01556034])
82.8507 	EXP 	polygon: size = array([2.07616154, 2.07616154])
82.8607 	EXP 	polygon: size = array([2.13584174, 2.13584174])
82.8707 	EXP 	polygon: size = array([2.19627194, 2.19627194])
82.8807 	EXP 	polygon: size = array([2.25591974, 2.25591974])
82.8907 	EXP 	polygon: size = array([2.31638594, 2.31638594])
82.9007 	EXP 	polygon: size = array([2.37603434, 2.37603434])
82.9107 	EXP 	polygon: size = array([2.43637214, 2.43637214])
82.9207 	EXP 	polygon: size = array([2.49610754, 2.49610754])
82.9307 	EXP 	polygon: size = array([2.55595274, 2.55595274])
82.9408 	EXP 	polygon: size = array([2.61595634, 2.61595634])
82.9507 	EXP 	polygon: size = array([2.67658694, 2.67658694])
82.9608 	EXP 	polygon: size = array([2.73663194, 2.73663194])
82.9707 	EXP 	polygon: size = array([2.79679214, 2.79679214])
82.9807 	EXP 	polygon: size = array([2.85638774, 2.85638774])
82.9907 	EXP 	polygon: size = array([2.91618674, 2.91618674])
83.0007 	EXP 	polygon: size = array([2.97613574, 2.97613574])
83.0107 	EXP 	polygon: size = array([3.03611594, 3.03611594])
83.0207 	EXP 	polygon: size = array([3.09615494, 3.09615494])
83.0307 	EXP 	polygon: size = array([3.15621254, 3.15621254])
83.0407 	EXP 	polygon: size = array([3.21622334, 3.21622334])
83.0508 	EXP 	polygon: size = array([3.27627614, 3.27627614])
83.0608 	EXP 	polygon: size = array([3.33633914, 3.33633914])
83.0708 	EXP 	polygon: size = array([3.39635234, 3.39635234])
83.0808 	EXP 	polygon: size = array([3.45639194, 3.45639194])
83.0908 	EXP 	polygon: size = array([3.51642494, 3.51642494])
83.1009 	EXP 	polygon: size = array([3.57645014, 3.57645014])
83.1108 	EXP 	polygon: size = array([3.63730574, 3.63730574])
83.1208 	EXP 	polygon: size = array([3.69693614, 3.69693614])
83.1308 	EXP 	polygon: size = array([3.75672854, 3.75672854])
83.1408 	EXP 	polygon: size = array([3.81668594, 3.81668594])
83.1508 	EXP 	polygon: size = array([3.87667334, 3.87667334])
83.1609 	EXP 	polygon: size = array([3.93676154, 3.93676154])
83.1709 	EXP 	polygon: size = array([3.99748214, 3.99748214])
83.1808 	EXP 	polygon: size = array([4.05709634, 4.05709634])
83.1909 	EXP 	polygon: size = array([4.11683894, 4.11683894])
83.2009 	EXP 	polygon: size = array([4.17769094, 4.17769094])
83.2109 	EXP 	polygon: size = array([4.23726434, 4.23726434])
83.2209 	EXP 	polygon: size = array([4.29713774, 4.29713774])
83.2309 	EXP 	polygon: size = array([4.35706214, 4.35706214])
83.2409 	EXP 	polygon: size = array([4.41706034, 4.41706034])
83.2509 	EXP 	polygon: size = array([4.47710354, 4.47710354])
83.2609 	EXP 	polygon: size = array([4.53712214, 4.53712214])
83.2709 	EXP 	polygon: size = array([4.59718094, 4.59718094])
83.2809 	EXP 	polygon: size = array([4.65738674, 4.65738674])
83.2909 	EXP 	polygon: size = array([4.71725594, 4.71725594])
83.3009 	EXP 	polygon: size = array([4.77728774, 4.77728774])
83.3109 	EXP 	polygon: size = array([4.83734774, 4.83734774])
83.3209 	EXP 	polygon: size = array([4.89739394, 4.89739394])
83.3309 	EXP 	polygon: size = array([4.95742694, 4.95742694])
83.3409 	EXP 	polygon: size = array([5.01745394, 5.01745394])
83.3510 	EXP 	polygon: size = array([5.07747134, 5.07747134])
83.3610 	EXP 	polygon: size = array([5.13755474, 5.13755474])
83.3710 	EXP 	polygon: size = array([5.19754034, 5.19754034])
83.3810 	EXP 	polygon: size = array([5.25762194, 5.25762194])
83.3910 	EXP 	polygon: size = array([5.31763034, 5.31763034])
83.4010 	EXP 	fix: autoDraw = False
83.4010 	EXP 	polygon: autoDraw = False
83.6512 	EXP 	resp: autoDraw = True
83.6512 	EXP 	polygon_2: autoDraw = True
84.0264 	EXP 	New trial (rep=0, index=8): OrderedDict([('start_size', 10), ('probe', 1.0)])
84.0415 	EXP 	fix: autoDraw = False
84.0415 	EXP 	polygon: autoDraw = False
84.0415 	EXP 	resp: autoDraw = False
84.0415 	EXP 	polygon_2: autoDraw = False
84.0415 	EXP 	polygon_2: size = array([6.42525417, 6.42525417])
84.5218 	EXP 	fix: autoDraw = True
85.0221 	EXP 	polygon: autoDraw = True
85.0221 	EXP 	polygon: size = array([9.9839344, 9.9839344])
85.0321 	EXP 	polygon: size = array([9.9238204, 9.9238204])
85.0421 	EXP 	polygon: size = array([9.86379641, 9.86379641])
85.0521 	EXP 	polygon: size = array([9.803788, 9.803788])
85.0621 	EXP 	polygon: size = array([9.743707, 9.743707])
85.0721 	EXP 	polygon: size = array([9.6836164, 9.6836164])
85.0821 	EXP 	polygon: size = array([9.62365061, 9.62365061])
85.0921 	EXP 	polygon: size = array([9.5636026, 9.5636026])
85.1021 	EXP 	polygon: size = array([9.50358521, 9.50358521])
85.1122 	EXP 	polygon: size = array([9.4435354, 9.4435354])
85.1222 	EXP 	polygon: size = array([9.38342021, 9.38342021])
85.1322 	EXP 	polygon: size = array([9.32333201, 9.32333201])
85.1422 	EXP 	polygon: size = array([9.2630824, 9.2630824])
85.1522 	EXP 	polygon: size = array([9.20335241, 9.20335241])
85.1622 	EXP 	polygon: size = array([9.1433038, 9.1433038])
85.1722 	EXP 	polygon: size = array([9.0832876, 9.0832876])
85.1822 	EXP 	polygon: size = array([9.0232486, 9.0232486])
85.1922 	EXP 	polygon: size = array([8.9632084, 8.9632084])
85.2022 	EXP 	polygon: size = array([8.90317781, 8.90317781])
85.2122 	EXP 	polygon: size = array([8.84310881, 8.84310881])
85.2222 	EXP 	polygon: size = array([8.7830644, 8.7830644])
85.2322 	EXP 	polygon: size = array([8.72294081, 8.72294081])
85.2422 	EXP 	polygon: size = array([8.66277041, 8.66277041])
85.2522 	EXP 	polygon: size = array([8.6028178, 8.6028178])
85.2623 	EXP 	polygon: size = array([8.5428502, 8.5428502])
85.2723 	EXP 	polygon: size = array([8.4828352, 8.4828352])
85.2823 	EXP 	polygon: size = array([8.422819, 8.422819])
85.2923 	EXP 	polygon: size = array([8.362765, 8.362765])
85.3023 	EXP 	polygon: size = array([8.302753, 8.302753])
85.3123 	EXP 	polygon: size = array([8.2426804, 8.2426804])
85.3223 	EXP 	polygon: size = array([8.1827086, 8.1827086])
85.3323 	EXP 	polygon: size = array([8.1226132, 8.1226132])
85.3423 	EXP 	polygon: size = array([8.06255621, 8.06255621])
85.3523 	EXP 	polygon: size = array([8.00255681, 8.00255681])
85.3623 	EXP 	polygon: size = array([7.9424638, 7.9424638])
85.3723 	EXP 	polygon: size = array([7.8824692, 7.8824692])
85.3823 	EXP 	polygon: size = array([7.82241341, 7.82241341])
85.3924 	EXP 	polygon: size = array([7.7623726, 7.7623726])
85.4023 	EXP 	polygon: size = array([7.70221, 7.70221])
85.4124 	EXP 	polygon: size = array([7.6422808, 7.6422808])
85.4224 	EXP 	polygon: size = array([7.58225981, 7.58225981])
85.4324 	EXP 	polygon: size = array([7.5222112, 7.5222112])
85.4424 	EXP 	polygon: size = array([7.46217821, 7.46217821])
85.4524 	EXP 	polygon: size = array([7.4021278, 7.4021278])
85.4624 	EXP 	polygon: size = array([7.34210801, 7.34210801])
85.4724 	EXP 	polygon: size = array([7.282039, 7.282039])
85.4824 	EXP 	polygon: size = array([7.22201201, 7.22201201])
85.4924 	EXP 	polygon: size = array([7.1619694, 7.1619694])
85.5024 	EXP 	polygon: size = array([7.10194421, 7.10194421])
85.5124 	EXP 	polygon: size = array([7.041898, 7.041898])
85.5224 	EXP 	polygon: size = array([6.98185, 6.98185])
85.5324 	EXP 	polygon: size = array([6.92176901, 6.92176901])
85.5424 	EXP 	polygon: size = array([6.86177801, 6.86177801])
85.5524 	EXP 	polygon: size = array([6.80169461, 6.80169461])
85.5625 	EXP 	polygon: size = array([6.74170301, 6.74170301])
85.5725 	EXP 	polygon: size = array([6.681595, 6.681595])
85.5825 	EXP 	polygon: size = array([6.6216118, 6.6216118])
85.5925 	EXP 	polygon: size = array([6.561529, 6.561529])
85.6025 	EXP 	polygon: size = array([6.5015422, 6.5015422])
85.6125 	EXP 	polygon: size = array([6.44147141, 6.44147141])
85.6225 	EXP 	polygon: size = array([6.3814576, 6.3814576])
85.6325 	EXP 	polygon: size = array([6.32139101, 6.32139101])
85.6425 	EXP 	polygon: size = array([6.26132801, 6.26132801])
85.6525 	EXP 	polygon: size = array([6.20133581, 6.20133581])
85.6625 	EXP 	polygon: size = array([6.1412632, 6.1412632])
85.6725 	EXP 	polygon: size = array([6.0812176, 6.0812176])
85.6825 	EXP 	polygon: size = array([6.02117261, 6.02117261])
85.6925 	EXP 	polygon: size = array([5.96117981, 5.96117981])
85.7025 	EXP 	polygon: size = array([5.9011216, 5.9011216])
85.7126 	EXP 	polygon: size = array([5.84108501, 5.84108501])
85.7226 	EXP 	polygon: size = array([5.7810556, 5.7810556])
85.7326 	EXP 	polygon: size = array([5.72099801, 5.72099801])
85.7426 	EXP 	polygon: size = array([5.6609752, 5.6609752])
85.7526 	EXP 	polygon: size = array([5.60092421, 5.60092421])
85.7626 	EXP 	polygon: size = array([5.5409044, 5.5409044])
85.7726 	EXP 	fix: autoDraw = False
85.7726 	EXP 	polygon: autoDraw = False
86.0228 	EXP 	resp: autoDraw = True
86.0228 	EXP 	polygon_2: autoDraw = True
87.8032 	EXP 	New trial (rep=0, index=9): OrderedDict([('start_size', 10), ('probe', -1.5)])
87.8550 	EXP 	fix: autoDraw = False
87.8550 	EXP 	polygon: autoDraw = False
87.8550 	EXP 	resp: autoDraw = False
87.8550 	EXP 	polygon_2: autoDraw = False
87.8550 	EXP 	polygon_2: size = array([3.98744691, 3.98744691])
88.2943 	EXP 	fix: autoDraw = True
88.7946 	EXP 	polygon: autoDraw = True
88.7946 	EXP 	polygon: size = array([10.04724639, 10.04724639])
88.8046 	EXP 	polygon: size = array([9.98702079, 9.98702079])
88.8147 	EXP 	polygon: size = array([9.92709759, 9.92709759])
88.8247 	EXP 	polygon: size = array([9.86697699, 9.86697699])
88.8347 	EXP 	polygon: size = array([9.80702079, 9.80702079])
88.8447 	EXP 	polygon: size = array([9.74697639, 9.74697639])
88.8547 	EXP 	polygon: size = array([9.68693919, 9.68693919])
88.8647 	EXP 	polygon: size = array([9.62689239, 9.62689239])
88.8747 	EXP 	polygon: size = array([9.56685699, 9.56685699])
88.8848 	EXP 	polygon: size = array([9.50678799, 9.50678799])
88.8947 	EXP 	polygon: size = array([9.44588979, 9.44588979])
88.9048 	EXP 	polygon: size = array([9.38641059, 9.38641059])
88.9148 	EXP 	polygon: size = array([9.32596779, 9.32596779])
88.9248 	EXP 	polygon: size = array([9.26583219, 9.26583219])
88.9348 	EXP 	polygon: size = array([9.20626119, 9.20626119])
88.9448 	EXP 	polygon: size = array([9.14581119, 9.14581119])
88.9548 	EXP 	polygon: size = array([9.08618859, 9.08618859])
88.9649 	EXP 	polygon: size = array([9.02564739, 9.02564739])
88.9749 	EXP 	polygon: size = array([8.96564259, 8.96564259])
88.9849 	EXP 	polygon: size = array([8.90556099, 8.90556099])
88.9949 	EXP 	polygon: size = array([8.84561679, 8.84561679])
89.0049 	EXP 	polygon: size = array([8.78554719, 8.78554719])
89.0149 	EXP 	polygon: size = array([8.72546319, 8.72546319])
89.0249 	EXP 	polygon: size = array([8.66546319, 8.66546319])
89.0349 	EXP 	polygon: size = array([8.60550939, 8.60550939])
89.0449 	EXP 	polygon: size = array([8.54544159, 8.54544159])
89.0549 	EXP 	polygon: size = array([8.48534859, 8.48534859])
89.0649 	EXP 	polygon: size = array([8.42531499, 8.42531499])
89.0749 	EXP 	polygon: size = array([8.36525259, 8.36525259])
89.0849 	EXP 	polygon: size = array([8.30520039, 8.30520039])
89.0949 	EXP 	polygon: size = array([8.24511039, 8.24511039])
89.1049 	EXP 	polygon: size = array([8.18561379, 8.18561379])
89.1149 	EXP 	polygon: size = array([8.12567559, 8.12567559])
89.1249 	EXP 	polygon: size = array([8.06578599, 8.06578599])
89.1349 	EXP 	polygon: size = array([8.00576019, 8.00576019])
89.1449 	EXP 	polygon: size = array([7.94574339, 7.94574339])
89.1549 	EXP 	polygon: size = array([7.88573679, 7.88573679])
89.1649 	EXP 	polygon: size = array([7.82567139, 7.82567139])
89.1749 	EXP 	polygon: size = array([7.76565399, 7.76565399])
89.1849 	EXP 	polygon: size = array([7.70560419, 7.70560419])
89.1949 	EXP 	polygon: size = array([7.64557959, 7.64557959])
89.2049 	EXP 	polygon: size = array([7.58550339, 7.58550339])
89.2150 	EXP 	polygon: size = array([7.52544459, 7.52544459])
89.2250 	EXP 	polygon: size = array([7.46458839, 7.46458839])
89.2350 	EXP 	polygon: size = array([7.40502879, 7.40502879])
89.2450 	EXP 	polygon: size = array([7.34464299, 7.34464299])
89.2550 	EXP 	polygon: size = array([7.28449779, 7.28449779])
89.2650 	EXP 	polygon: size = array([7.22446719, 7.22446719])
89.2751 	EXP 	polygon: size = array([7.16449119, 7.16449119])
89.2850 	EXP 	polygon: size = array([7.10443119, 7.10443119])
89.2951 	EXP 	polygon: size = array([7.04482599, 7.04482599])
89.3051 	EXP 	polygon: size = array([6.98432079, 6.98432079])
89.3151 	EXP 	polygon: size = array([6.92433159, 6.92433159])
89.3251 	EXP 	polygon: size = array([6.86428059, 6.86428059])
89.3350 	EXP 	polygon: size = array([6.80420799, 6.80420799])
89.3450 	EXP 	polygon: size = array([6.74460159, 6.74460159])
89.3551 	EXP 	polygon: size = array([6.68476839, 6.68476839])
89.3651 	EXP 	polygon: size = array([6.62404599, 6.62404599])
89.3751 	EXP 	polygon: size = array([6.56412939, 6.56412939])
89.3851 	EXP 	polygon: size = array([6.50408439, 6.50408439])
89.3951 	EXP 	polygon: size = array([6.44394579, 6.44394579])
89.4051 	EXP 	polygon: size = array([6.38394459, 6.38394459])
89.4151 	EXP 	polygon: size = array([6.32390559, 6.32390559])
89.4252 	EXP 	polygon: size = array([6.26430399, 6.26430399])
89.4352 	EXP 	polygon: size = array([6.20381259, 6.20381259])
89.4452 	EXP 	polygon: size = array([6.14377779, 6.14377779])
89.4552 	EXP 	polygon: size = array([6.08378319, 6.08378319])
89.4652 	EXP 	polygon: size = array([6.02360859, 6.02360859])
89.4751 	EXP 	polygon: size = array([5.96352399, 5.96352399])
89.4852 	EXP 	polygon: size = array([5.90402559, 5.90402559])
89.4952 	EXP 	polygon: size = array([5.84343339, 5.84343339])
89.5051 	EXP 	polygon: size = array([5.78393739, 5.78393739])
89.5151 	EXP 	polygon: size = array([5.72409699, 5.72409699])
89.5251 	EXP 	polygon: size = array([5.66418639, 5.66418639])
89.5352 	EXP 	polygon: size = array([5.60415759, 5.60415759])
89.5452 	EXP 	fix: autoDraw = False
89.5452 	EXP 	polygon: autoDraw = False
89.7954 	EXP 	resp: autoDraw = True
89.7954 	EXP 	polygon_2: autoDraw = True
92.4712 	EXP 	New trial (rep=0, index=10): OrderedDict([('start_size', 1), ('probe', 0.5)])
92.4872 	EXP 	fix: autoDraw = False
92.4872 	EXP 	polygon: autoDraw = False
92.4872 	EXP 	resp: autoDraw = False
92.4872 	EXP 	polygon_2: autoDraw = False
92.4872 	EXP 	polygon_2: size = array([6.04285438, 6.04285438])
92.9675 	EXP 	fix: autoDraw = True
93.4678 	EXP 	polygon: autoDraw = True
93.4678 	EXP 	polygon: size = array([0.99523694, 0.99523694])
93.4778 	EXP 	polygon: size = array([1.05536834, 1.05536834])
93.4878 	EXP 	polygon: size = array([1.11539234, 1.11539234])
93.4978 	EXP 	polygon: size = array([1.17542294, 1.17542294])
93.5078 	EXP 	polygon: size = array([1.23547034, 1.23547034])
93.5178 	EXP 	polygon: size = array([1.29548174, 1.29548174])
93.5278 	EXP 	polygon: size = array([1.35554294, 1.35554294])
93.5379 	EXP 	polygon: size = array([1.41557954, 1.41557954])
93.5479 	EXP 	polygon: size = array([1.47563954, 1.47563954])
93.5579 	EXP 	polygon: size = array([1.53566534, 1.53566534])
93.5679 	EXP 	polygon: size = array([1.59572234, 1.59572234])
93.5779 	EXP 	polygon: size = array([1.65589034, 1.65589034])
93.5879 	EXP 	polygon: size = array([1.71579134, 1.71579134])
93.5979 	EXP 	polygon: size = array([1.77582254, 1.77582254])
93.6079 	EXP 	polygon: size = array([1.83587534, 1.83587534])
93.6179 	EXP 	polygon: size = array([1.89589334, 1.89589334])
93.6279 	EXP 	polygon: size = array([1.95596234, 1.95596234])
93.6379 	EXP 	polygon: size = array([2.01597494, 2.01597494])
93.6479 	EXP 	polygon: size = array([2.07605534, 2.07605534])
93.6579 	EXP 	polygon: size = array([2.13605474, 2.13605474])
93.6679 	EXP 	polygon: size = array([2.19612554, 2.19612554])
93.6780 	EXP 	polygon: size = array([2.25614654, 2.25614654])
93.6880 	EXP 	polygon: size = array([2.31619514, 2.31619514])
93.6980 	EXP 	polygon: size = array([2.37623294, 2.37623294])
93.7080 	EXP 	polygon: size = array([2.43630314, 2.43630314])
93.7180 	EXP 	polygon: size = array([2.49630254, 2.49630254])
93.7280 	EXP 	polygon: size = array([2.55632954, 2.55632954])
93.7380 	EXP 	polygon: size = array([2.61641594, 2.61641594])
93.7480 	EXP 	polygon: size = array([2.67641594, 2.67641594])
93.7580 	EXP 	polygon: size = array([2.73658394, 2.73658394])
93.7680 	EXP 	polygon: size = array([2.79651674, 2.79651674])
93.7780 	EXP 	polygon: size = array([2.85654674, 2.85654674])
93.7880 	EXP 	polygon: size = array([2.91659834, 2.91659834])
93.7980 	EXP 	polygon: size = array([2.97663134, 2.97663134])
93.8080 	EXP 	polygon: size = array([3.03669734, 3.03669734])
93.8180 	EXP 	polygon: size = array([3.09670334, 3.09670334])
93.8281 	EXP 	polygon: size = array([3.15676754, 3.15676754])
93.8381 	EXP 	polygon: size = array([3.21680654, 3.21680654])
93.8481 	EXP 	polygon: size = array([3.27681014, 3.27681014])
93.8581 	EXP 	polygon: size = array([3.33686654, 3.33686654])
93.8681 	EXP 	polygon: size = array([3.39688934, 3.39688934])
93.8781 	EXP 	polygon: size = array([3.45693554, 3.45693554])
93.8881 	EXP 	polygon: size = array([3.51725654, 3.51725654])
93.8981 	EXP 	polygon: size = array([3.57706214, 3.57706214])
93.9081 	EXP 	polygon: size = array([3.63708794, 3.63708794])
93.9181 	EXP 	polygon: size = array([3.69710534, 3.69710534])
93.9281 	EXP 	polygon: size = array([3.75716774, 3.75716774])
93.9381 	EXP 	polygon: size = array([3.81718394, 3.81718394])
93.9481 	EXP 	polygon: size = array([3.87725594, 3.87725594])
93.9581 	EXP 	polygon: size = array([3.93728054, 3.93728054])
93.9681 	EXP 	polygon: size = array([3.99732974, 3.99732974])
93.9782 	EXP 	polygon: size = array([4.05735374, 4.05735374])
93.9882 	EXP 	polygon: size = array([4.11742514, 4.11742514])
93.9982 	EXP 	polygon: size = array([4.17746294, 4.17746294])
94.0082 	EXP 	polygon: size = array([4.23752594, 4.23752594])
94.0182 	EXP 	polygon: size = array([4.29753734, 4.29753734])
94.0282 	EXP 	polygon: size = array([4.35756254, 4.35756254])
94.0382 	EXP 	polygon: size = array([4.41763934, 4.41763934])
94.0482 	EXP 	polygon: size = array([4.47764954, 4.47764954])
94.0582 	EXP 	polygon: size = array([4.53770174, 4.53770174])
94.0682 	EXP 	polygon: size = array([4.59772994, 4.59772994])
94.0782 	EXP 	polygon: size = array([4.65778754, 4.65778754])
94.0882 	EXP 	polygon: size = array([4.71782234, 4.71782234])
94.0983 	EXP 	polygon: size = array([4.77794654, 4.77794654])
94.1082 	EXP 	polygon: size = array([4.83803954, 4.83803954])
94.1182 	EXP 	polygon: size = array([4.89793394, 4.89793394])
94.1283 	EXP 	polygon: size = array([4.95798734, 4.95798734])
94.1383 	EXP 	polygon: size = array([5.01799874, 5.01799874])
94.1483 	EXP 	polygon: size = array([5.07806534, 5.07806534])
94.1583 	EXP 	polygon: size = array([5.13808394, 5.13808394])
94.1683 	EXP 	polygon: size = array([5.19811514, 5.19811514])
94.1783 	EXP 	polygon: size = array([5.25816194, 5.25816194])
94.1883 	EXP 	polygon: size = array([5.31822734, 5.31822734])
94.1983 	EXP 	polygon: size = array([5.37825314, 5.37825314])
94.2083 	EXP 	polygon: size = array([5.43830954, 5.43830954])
94.2183 	EXP 	fix: autoDraw = False
94.2183 	EXP 	polygon: autoDraw = False
94.4685 	EXP 	resp: autoDraw = True
94.4685 	EXP 	polygon_2: autoDraw = True
95.4339 	EXP 	New trial (rep=0, index=11): OrderedDict([('start_size', 1), ('probe', 0.0)])
95.4491 	EXP 	fix: autoDraw = False
95.4491 	EXP 	polygon: autoDraw = False
95.4491 	EXP 	resp: autoDraw = False
95.4491 	EXP 	polygon_2: autoDraw = False
95.4491 	EXP 	polygon_2: size = array([5.43516226, 5.43516226])
95.9295 	EXP 	fix: autoDraw = True
96.4299 	EXP 	polygon: autoDraw = True
96.4299 	EXP 	polygon: size = array([0.87939262, 0.87939262])
96.4399 	EXP 	polygon: size = array([0.94016302, 0.94016302])
96.4499 	EXP 	polygon: size = array([0.99967402, 0.99967402])
96.4599 	EXP 	polygon: size = array([1.06019902, 1.06019902])
96.4699 	EXP 	polygon: size = array([1.11978322, 1.11978322])
96.4799 	EXP 	polygon: size = array([1.18028662, 1.18028662])
96.4899 	EXP 	polygon: size = array([1.24025722, 1.24025722])
96.5000 	EXP 	polygon: size = array([1.30034542, 1.30034542])
96.5100 	EXP 	polygon: size = array([1.36040902, 1.36040902])
96.5200 	EXP 	polygon: size = array([1.42044142, 1.42044142])
96.5299 	EXP 	polygon: size = array([1.48046182, 1.48046182])
96.5399 	EXP 	polygon: size = array([1.54037602, 1.54037602])
96.5500 	EXP 	polygon: size = array([1.59996022, 1.59996022])
96.5600 	EXP 	polygon: size = array([1.66056442, 1.66056442])
96.5700 	EXP 	polygon: size = array([1.72067722, 1.72067722])
96.5800 	EXP 	polygon: size = array([1.78068682, 1.78068682])
96.5900 	EXP 	polygon: size = array([1.84062562, 1.84062562])
96.6000 	EXP 	polygon: size = array([1.90069582, 1.90069582])
96.6099 	EXP 	polygon: size = array([1.96079722, 1.96079722])
96.6199 	EXP 	polygon: size = array([2.01997282, 2.01997282])
96.6300 	EXP 	polygon: size = array([2.08015282, 2.08015282])
96.6400 	EXP 	polygon: size = array([2.14020562, 2.14020562])
96.6500 	EXP 	polygon: size = array([2.20024042, 2.20024042])
96.6600 	EXP 	polygon: size = array([2.26021522, 2.26021522])
96.6700 	EXP 	polygon: size = array([2.32022902, 2.32022902])
96.6800 	EXP 	polygon: size = array([2.38030642, 2.38030642])
96.6900 	EXP 	polygon: size = array([2.44032562, 2.44032562])
96.7000 	EXP 	polygon: size = array([2.50035382, 2.50035382])
96.7100 	EXP 	polygon: size = array([2.56040542, 2.56040542])
96.7200 	EXP 	polygon: size = array([2.62046422, 2.62046422])
96.7300 	EXP 	polygon: size = array([2.68050322, 2.68050322])
96.7400 	EXP 	polygon: size = array([2.74065442, 2.74065442])
96.7501 	EXP 	polygon: size = array([2.80063642, 2.80063642])
96.7601 	EXP 	polygon: size = array([2.86115062, 2.86115062])
96.7701 	EXP 	polygon: size = array([2.92082302, 2.92082302])
96.7802 	EXP 	polygon: size = array([2.98073542, 2.98073542])
96.7901 	EXP 	polygon: size = array([3.04159282, 3.04159282])
96.8002 	EXP 	polygon: size = array([3.10154362, 3.10154362])
96.8102 	EXP 	polygon: size = array([3.16162642, 3.16162642])
96.8201 	EXP 	polygon: size = array([3.22167682, 3.22167682])
96.8301 	EXP 	polygon: size = array([3.28121242, 3.28121242])
96.8402 	EXP 	polygon: size = array([3.34149742, 3.34149742])
96.8502 	EXP 	polygon: size = array([3.40182502, 3.40182502])
96.8602 	EXP 	polygon: size = array([3.46182982, 3.46182982])
96.8702 	EXP 	polygon: size = array([3.52179142, 3.52179142])
96.8802 	EXP 	polygon: size = array([3.58188202, 3.58188202])
96.8902 	EXP 	polygon: size = array([3.64193542, 3.64193542])
96.9002 	EXP 	polygon: size = array([3.70192222, 3.70192222])
96.9102 	EXP 	polygon: size = array([3.76199362, 3.76199362])
96.9202 	EXP 	polygon: size = array([3.82200562, 3.82200562])
96.9302 	EXP 	polygon: size = array([3.88199182, 3.88199182])
96.9403 	EXP 	polygon: size = array([3.94209682, 3.94209682])
96.9503 	EXP 	polygon: size = array([4.00223482, 4.00223482])
96.9603 	EXP 	polygon: size = array([4.06220542, 4.06220542])
96.9703 	EXP 	polygon: size = array([4.12222702, 4.12222702])
96.9803 	EXP 	polygon: size = array([4.18233742, 4.18233742])
96.9902 	EXP 	polygon: size = array([4.24236802, 4.24236802])
97.0002 	EXP 	polygon: size = array([4.30200622, 4.30200622])
97.0102 	EXP 	polygon: size = array([4.36178362, 4.36178362])
97.0202 	EXP 	polygon: size = array([4.42171942, 4.42171942])
97.0302 	EXP 	polygon: size = array([4.48171102, 4.48171102])
97.0402 	EXP 	polygon: size = array([4.54173802, 4.54173802])
97.0502 	EXP 	polygon: size = array([4.60178602, 4.60178602])
97.0602 	EXP 	polygon: size = array([4.66183582, 4.66183582])
97.0702 	EXP 	polygon: size = array([4.72187722, 4.72187722])
97.0803 	EXP 	polygon: size = array([4.78191262, 4.78191262])
97.0904 	EXP 	polygon: size = array([4.84194982, 4.84194982])
97.1003 	EXP 	polygon: size = array([4.90283122, 4.90283122])
97.1104 	EXP 	polygon: size = array([4.96236022, 4.96236022])
97.1204 	EXP 	polygon: size = array([5.02291102, 5.02291102])
97.1303 	EXP 	polygon: size = array([5.08292122, 5.08292122])
97.1404 	EXP 	polygon: size = array([5.14248382, 5.14248382])
97.1504 	EXP 	polygon: size = array([5.20280662, 5.20280662])
97.1604 	EXP 	polygon: size = array([5.26295302, 5.26295302])
97.1704 	EXP 	polygon: size = array([5.32309462, 5.32309462])
97.1804 	EXP 	fix: autoDraw = False
97.1804 	EXP 	polygon: autoDraw = False
97.4305 	EXP 	resp: autoDraw = True
97.4305 	EXP 	polygon_2: autoDraw = True
98.4055 	EXP 	New trial (rep=0, index=12): OrderedDict([('start_size', 10), ('probe', 0.5)])
98.4212 	EXP 	fix: autoDraw = False
98.4212 	EXP 	polygon: autoDraw = False
98.4212 	EXP 	resp: autoDraw = False
98.4212 	EXP 	polygon_2: autoDraw = False
98.4212 	EXP 	polygon_2: size = array([6.03676007, 6.03676007])
98.9015 	EXP 	fix: autoDraw = True
99.4018 	EXP 	polygon: autoDraw = True
99.4018 	EXP 	polygon: size = array([10.08740031, 10.08740031])
99.4119 	EXP 	polygon: size = array([10.02712551, 10.02712551])
99.4218 	EXP 	polygon: size = array([9.96708591, 9.96708591])
99.4319 	EXP 	polygon: size = array([9.90713991, 9.90713991])
99.4419 	EXP 	polygon: size = array([9.84710631, 9.84710631])
99.4519 	EXP 	polygon: size = array([9.78704871, 9.78704871])
99.4619 	EXP 	polygon: size = array([9.72709311, 9.72709311])
99.4719 	EXP 	polygon: size = array([9.66701571, 9.66701571])
99.4819 	EXP 	polygon: size = array([9.60701391, 9.60701391])
99.4919 	EXP 	polygon: size = array([9.54692151, 9.54692151])
99.5019 	EXP 	polygon: size = array([9.48692391, 9.48692391])
99.5119 	EXP 	polygon: size = array([9.42683331, 9.42683331])
99.5219 	EXP 	polygon: size = array([9.36684771, 9.36684771])
99.5320 	EXP 	polygon: size = array([9.30680331, 9.30680331])
99.5419 	EXP 	polygon: size = array([9.24640131, 9.24640131])
99.5519 	EXP 	polygon: size = array([9.18671031, 9.18671031])
99.5619 	EXP 	polygon: size = array([9.12666651, 9.12666651])
99.5719 	EXP 	polygon: size = array([9.06664011, 9.06664011])
99.5820 	EXP 	polygon: size = array([9.00658131, 9.00658131])
99.5920 	EXP 	polygon: size = array([8.94651711, 8.94651711])
99.6020 	EXP 	polygon: size = array([8.88653391, 8.88653391])
99.6120 	EXP 	polygon: size = array([8.82603231, 8.82603231])
99.6220 	EXP 	polygon: size = array([8.76635331, 8.76635331])
99.6320 	EXP 	polygon: size = array([8.70630111, 8.70630111])
99.6420 	EXP 	polygon: size = array([8.64634551, 8.64634551])
99.6520 	EXP 	polygon: size = array([8.58628191, 8.58628191])
99.6620 	EXP 	polygon: size = array([8.52625071, 8.52625071])
99.6720 	EXP 	polygon: size = array([8.46621171, 8.46621171])
99.6820 	EXP 	polygon: size = array([8.40617631, 8.40617631])
99.6920 	EXP 	polygon: size = array([8.34613791, 8.34613791])
99.7020 	EXP 	polygon: size = array([8.28610431, 8.28610431])
99.7120 	EXP 	polygon: size = array([8.22605631, 8.22605631])
99.7220 	EXP 	polygon: size = array([8.16602391, 8.16602391])
99.7321 	EXP 	polygon: size = array([8.10598671, 8.10598671])
99.7421 	EXP 	polygon: size = array([8.04593451, 8.04593451])
99.7521 	EXP 	polygon: size = array([7.98587211, 7.98587211])
99.7621 	EXP 	polygon: size = array([7.92586431, 7.92586431])
99.7721 	EXP 	polygon: size = array([7.86580611, 7.86580611])
99.7821 	EXP 	polygon: size = array([7.80575151, 7.80575151])
99.7921 	EXP 	polygon: size = array([7.74564591, 7.74564591])
99.8021 	EXP 	polygon: size = array([7.68569691, 7.68569691])
99.8121 	EXP 	polygon: size = array([7.62561831, 7.62561831])
99.8221 	EXP 	polygon: size = array([7.56560871, 7.56560871])
99.8321 	EXP 	polygon: size = array([7.50556791, 7.50556791])
99.8421 	EXP 	polygon: size = array([7.44554271, 7.44554271])
99.8521 	EXP 	polygon: size = array([7.38549051, 7.38549051])
99.8621 	EXP 	polygon: size = array([7.32541911, 7.32541911])
99.8721 	EXP 	polygon: size = array([7.26542031, 7.26542031])
99.8822 	EXP 	polygon: size = array([7.20529491, 7.20529491])
99.8922 	EXP 	polygon: size = array([7.14531831, 7.14531831])
99.9022 	EXP 	polygon: size = array([7.08530631, 7.08530631])
99.9122 	EXP 	polygon: size = array([7.02523191, 7.02523191])
99.9222 	EXP 	polygon: size = array([6.96523131, 6.96523131])
99.9322 	EXP 	polygon: size = array([6.90517071, 6.90517071])
99.9422 	EXP 	polygon: size = array([6.84499971, 6.84499971])
99.9522 	EXP 	polygon: size = array([6.78492951, 6.78492951])
99.9622 	EXP 	polygon: size = array([6.72499551, 6.72499551])
99.9722 	EXP 	polygon: size = array([6.66499791, 6.66499791])
99.9822 	EXP 	polygon: size = array([6.60493131, 6.60493131])
99.9922 	EXP 	polygon: size = array([6.54491451, 6.54491451])
100.0022 	EXP 	polygon: size = array([6.48488871, 6.48488871])
100.0122 	EXP 	polygon: size = array([6.42485151, 6.42485151])
100.0222 	EXP 	polygon: size = array([6.36476031, 6.36476031])
100.0323 	EXP 	polygon: size = array([6.30475371, 6.30475371])
100.0423 	EXP 	polygon: size = array([6.24471111, 6.24471111])
100.0523 	EXP 	polygon: size = array([6.18464151, 6.18464151])
100.0623 	EXP 	polygon: size = array([6.12462951, 6.12462951])
100.0723 	EXP 	polygon: size = array([6.06457551, 6.06457551])
100.0823 	EXP 	polygon: size = array([6.00445971, 6.00445971])
100.0923 	EXP 	polygon: size = array([5.94451371, 5.94451371])
100.1023 	EXP 	polygon: size = array([5.88447291, 5.88447291])
100.1123 	EXP 	polygon: size = array([5.82440271, 5.82440271])
100.1223 	EXP 	polygon: size = array([5.76437091, 5.76437091])
100.1323 	EXP 	polygon: size = array([5.70434451, 5.70434451])
100.1423 	EXP 	polygon: size = array([5.64429171, 5.64429171])
100.1523 	EXP 	fix: autoDraw = False
100.1523 	EXP 	polygon: autoDraw = False
100.4025 	EXP 	resp: autoDraw = True
100.4025 	EXP 	polygon_2: autoDraw = True
101.1000 	EXP 	New trial (rep=0, index=13): OrderedDict([('start_size', 10), ('probe', -1.0)])
101.1130 	EXP 	fix: autoDraw = False
101.1130 	EXP 	polygon: autoDraw = False
101.1130 	EXP 	resp: autoDraw = False
101.1130 	EXP 	polygon_2: autoDraw = False
101.1130 	EXP 	polygon_2: size = array([4.52082994, 4.52082994])
101.6033 	EXP 	fix: autoDraw = True
102.1037 	EXP 	polygon: autoDraw = True
102.1037 	EXP 	polygon: size = array([10.04849438, 10.04849438])
102.1137 	EXP 	polygon: size = array([9.98833178, 9.98833178])
102.1237 	EXP 	polygon: size = array([9.92832938, 9.92832938])
102.1337 	EXP 	polygon: size = array([9.86832878, 9.86832878])
102.1437 	EXP 	polygon: size = array([9.80827898, 9.80827898])
102.1537 	EXP 	polygon: size = array([9.74825618, 9.74825618])
102.1637 	EXP 	polygon: size = array([9.68820278, 9.68820278])
102.1737 	EXP 	polygon: size = array([9.62817998, 9.62817998])
102.1837 	EXP 	polygon: size = array([9.56809658, 9.56809658])
102.1937 	EXP 	polygon: size = array([9.50809418, 9.50809418])
102.2037 	EXP 	polygon: size = array([9.44803478, 9.44803478])
102.2137 	EXP 	polygon: size = array([9.38797118, 9.38797118])
102.2237 	EXP 	polygon: size = array([9.32794718, 9.32794718])
102.2337 	EXP 	polygon: size = array([9.26790158, 9.26790158])
102.2438 	EXP 	polygon: size = array([9.20788598, 9.20788598])
102.2538 	EXP 	polygon: size = array([9.14781218, 9.14781218])
102.2638 	EXP 	polygon: size = array([9.08779958, 9.08779958])
102.2738 	EXP 	polygon: size = array([9.02774858, 9.02774858])
102.2838 	EXP 	polygon: size = array([8.96767478, 8.96767478])
102.2938 	EXP 	polygon: size = array([8.90763758, 8.90763758])
102.3038 	EXP 	polygon: size = array([8.84761478, 8.84761478])
102.3138 	EXP 	polygon: size = array([8.78759438, 8.78759438])
102.3238 	EXP 	polygon: size = array([8.72755658, 8.72755658])
102.3338 	EXP 	polygon: size = array([8.66751278, 8.66751278])
102.3438 	EXP 	polygon: size = array([8.60745938, 8.60745938])
102.3538 	EXP 	polygon: size = array([8.54742818, 8.54742818])
102.3638 	EXP 	polygon: size = array([8.48738678, 8.48738678])
102.3738 	EXP 	polygon: size = array([8.42732978, 8.42732978])
102.3838 	EXP 	polygon: size = array([8.36730038, 8.36730038])
102.3939 	EXP 	polygon: size = array([8.30724578, 8.30724578])
102.4039 	EXP 	polygon: size = array([8.24719178, 8.24719178])
102.4139 	EXP 	polygon: size = array([8.18717498, 8.18717498])
102.4239 	EXP 	polygon: size = array([8.12715698, 8.12715698])
102.4339 	EXP 	polygon: size = array([8.06709758, 8.06709758])
102.4439 	EXP 	polygon: size = array([8.00703638, 8.00703638])
102.4539 	EXP 	polygon: size = array([7.94702798, 7.94702798])
102.4639 	EXP 	polygon: size = array([7.88698118, 7.88698118])
102.4739 	EXP 	polygon: size = array([7.82694758, 7.82694758])
102.4839 	EXP 	polygon: size = array([7.76690438, 7.76690438])
102.4939 	EXP 	polygon: size = array([7.70687258, 7.70687258])
102.5039 	EXP 	polygon: size = array([7.64678918, 7.64678918])
102.5139 	EXP 	polygon: size = array([7.58677478, 7.58677478])
102.5239 	EXP 	polygon: size = array([7.52674598, 7.52674598])
102.5340 	EXP 	polygon: size = array([7.46669258, 7.46669258])
102.5440 	EXP 	polygon: size = array([7.40660678, 7.40660678])
102.5540 	EXP 	polygon: size = array([7.34661338, 7.34661338])
102.5640 	EXP 	polygon: size = array([7.28655938, 7.28655938])
102.5740 	EXP 	polygon: size = array([7.22652398, 7.22652398])
102.5840 	EXP 	polygon: size = array([7.16646398, 7.16646398])
102.5940 	EXP 	polygon: size = array([7.10644118, 7.10644118])
102.6040 	EXP 	polygon: size = array([7.04614958, 7.04614958])
102.6140 	EXP 	polygon: size = array([6.98603918, 6.98603918])
102.6240 	EXP 	polygon: size = array([6.92620298, 6.92620298])
102.6340 	EXP 	polygon: size = array([6.86627618, 6.86627618])
102.6440 	EXP 	polygon: size = array([6.80622098, 6.80622098])
102.6540 	EXP 	polygon: size = array([6.74620478, 6.74620478])
102.6640 	EXP 	polygon: size = array([6.68615918, 6.68615918])
102.6740 	EXP 	polygon: size = array([6.62609138, 6.62609138])
102.6841 	EXP 	polygon: size = array([6.56604458, 6.56604458])
102.6941 	EXP 	polygon: size = array([6.50601938, 6.50601938])
102.7041 	EXP 	polygon: size = array([6.44599418, 6.44599418])
102.7141 	EXP 	polygon: size = array([6.38591258, 6.38591258])
102.7241 	EXP 	polygon: size = array([6.32592518, 6.32592518])
102.7341 	EXP 	polygon: size = array([6.26588078, 6.26588078])
102.7441 	EXP 	polygon: size = array([6.20583578, 6.20583578])
102.7541 	EXP 	polygon: size = array([6.14579438, 6.14579438])
102.7641 	EXP 	polygon: size = array([6.08575418, 6.08575418])
102.7741 	EXP 	polygon: size = array([6.02572598, 6.02572598])
102.7841 	EXP 	polygon: size = array([5.96566898, 5.96566898])
102.7941 	EXP 	polygon: size = array([5.90563598, 5.90563598])
102.8041 	EXP 	polygon: size = array([5.84549258, 5.84549258])
102.8141 	EXP 	polygon: size = array([5.78548958, 5.78548958])
102.8241 	EXP 	polygon: size = array([5.72551418, 5.72551418])
102.8342 	EXP 	polygon: size = array([5.66546498, 5.66546498])
102.8442 	EXP 	polygon: size = array([5.60542598, 5.60542598])
102.8542 	EXP 	fix: autoDraw = False
102.8542 	EXP 	polygon: autoDraw = False
103.1043 	EXP 	resp: autoDraw = True
103.1043 	EXP 	polygon_2: autoDraw = True
103.5543 	EXP 	window1: mouseVisible = True
