2.4607 	WARNING 	We strongly recommend you activate the PTB sound engine in PsychoPy prefs as the preferred audio engine. Its timing is vastly superior. Your prefs are currently set to use ['sounddevice', 'PTB', 'pyo', 'pygame'] (in that order).
16.2810 	WARNING 	User requested fullscreen with size [1504 1003], but screen is actually [1920, 1080]. Using actual size
17.7641 	EXP 	Created window1 = Window(allowGUI=False, allowStencil=False, autoLog=True, backendConf=UNKNOWN, bitsMode=UNKNOWN, blendMode='avg', bpc=(8, 8, 8), color=array([-1., -1., -1.]), colorSpace='rgb', depthBits=8, fullscr=<method-wrapper '__getattribute__' of attributeSetter object at 0x00000175F6A258D0>, gamma=None, gammaErrorPolicy='raise', lms=UNKNOWN, monitor=<psychopy.monitors.calibTools.Monitor object at 0x00000175F6A06E80>, multiSample=False, name='window1', numSamples=2, pos=[0.0, 0.0], screen=0, size=array([1920, 1080]), stencilBits=0, stereo=False, units='height', useFBO=True, useRetina=False, viewOri=0.0, viewPos=None, viewScale=None, waitBlanking=True, winType='pyglet')
17.7644 	EXP 	window1: mouseVisible = True
17.7644 	EXP 	window1: recordFrameIntervals = False
17.9326 	EXP 	window1: recordFrameIntervals = True
18.1326 	EXP 	window1: recordFrameIntervals = False
18.3175 	EXP 	Created text = TextStim(__class__=<class 'psychopy.visual.text.TextStim'>, alignHoriz=method-wrapper(...), alignText='center', alignVert=method-wrapper(...), anchorHoriz='center', anchorVert='center', antialias=True, autoLog=True, bold=False, color=array([0., 0., 0.]), colorSpace='rgb', contrast=1.0, depth=0.0, flipHoriz=False, flipVert=False, font='Open Sans', fontFiles=[], height=1.5, italic=False, languageStyle='LTR', name='text', opacity=1, ori=0.0, pos=array([0., 0.]), rgb=UNKNOWN, text='same = "F"\ndifferent ="J"\n\n(space)', units='deg', win=Window(...), wrapWidth=15.0)
18.3176 	EXP 	window1: mouseVisible = False
18.3231 	EXP 	Created fix = TextStim(__class__=<class 'psychopy.visual.text.TextStim'>, alignHoriz=method-wrapper(...), alignText='center', alignVert=method-wrapper(...), anchorHoriz='center', anchorVert='center', antialias=True, autoLog=True, bold=False, color=array([0., 0., 0.]), colorSpace='rgb', contrast=1.0, depth=-1.0, flipHoriz=False, flipVert=False, font='Open Sans', fontFiles=[], height=3.0, italic=False, languageStyle='LTR', name='fix', opacity=1, ori=0.0, pos=array([0., 5.]), rgb=UNKNOWN, text='+', units='deg', win=Window(...), wrapWidth=15.0)
18.3262 	EXP 	Created polygon = Polygon(__class__=<class 'psychopy.visual.polygon.Polygon'>, autoDraw=False, autoLog=True, closeShape=True, color=method-wrapper(...), colorSpace='rgb', contrast=None, depth=-2.0, fillColor=array([0., 0., 0.]), fillColorSpace='rgb', fillRGB=UNKNOWN, interpolate=True, lineColor=array([0., 0., 0.]), lineColorSpace='rgb', lineRGB=UNKNOWN, lineWidth=1.0, name='polygon', opacity=1, ori=0.0, pos=array([ 0., -5.]), size=array([1., 1.]), units='deg', vertices=ndarray(...), win=Window(...))
18.3295 	EXP 	Created resp = TextStim(__class__=<class 'psychopy.visual.text.TextStim'>, alignHoriz=method-wrapper(...), alignText='center', alignVert=method-wrapper(...), anchorHoriz='center', anchorVert='center', antialias=True, autoLog=True, bold=False, color=array([0., 0., 0.]), colorSpace='rgb', contrast=1.0, depth=-4.0, flipHoriz=False, flipVert=False, font='Open Sans', fontFiles=[], height=1.5, italic=False, languageStyle='LTR', name='resp', opacity=1, ori=0.0, pos=array([0., 5.]), rgb=UNKNOWN, text='same = F\ndifferent =J', units='deg', win=Window(...), wrapWidth=15.0)
18.3311 	EXP 	Created polygon_2 = Polygon(__class__=<class 'psychopy.visual.polygon.Polygon'>, autoDraw=False, autoLog=True, closeShape=True, color=method-wrapper(...), colorSpace='rgb', contrast=None, depth=-5.0, fillColor=array([0., 0., 0.]), fillColorSpace='rgb', fillRGB=UNKNOWN, interpolate=True, lineColor=array([0., 0., 0.]), lineColorSpace='rgb', lineRGB=UNKNOWN, lineWidth=1.0, name='polygon_2', opacity=1, ori=0.0, pos=array([ 0., -5.]), size=array([1., 1.]), units='deg', vertices=ndarray(...), win=Window(...))
18.3741 	EXP 	text: autoDraw = True
21.5899 	EXP 	Imported RM_sample6.csv as conditions, 14 conditions, 2 params
21.5902 	EXP 	Created sequence: random, trialTypes=14, nReps=5, seed=None
21.5904 	EXP 	New trial (rep=0, index=0): OrderedDict([('start_size', 1), ('probe', -0.5)])
21.5979 	EXP 	text: autoDraw = False
21.5979 	EXP 	polygon_2: size = array([4.95281129, 4.95281129])
21.6005 	DATA 	Keypress: space
22.0969 	EXP 	fix: autoDraw = True
22.5971 	EXP 	polygon: autoDraw = True
22.5971 	EXP 	polygon: size = array([0.93289741, 0.93289741])
22.6133 	EXP 	polygon: size = array([1.03220221, 1.03220221])
22.6302 	EXP 	polygon: size = array([1.12910401, 1.12910401])
22.6467 	EXP 	polygon: size = array([1.23068461, 1.23068461])
22.6635 	EXP 	polygon: size = array([1.32943081, 1.32943081])
22.6803 	EXP 	polygon: size = array([1.43044081, 1.43044081])
22.6972 	EXP 	polygon: size = array([1.53149161, 1.53149161])
22.7136 	EXP 	polygon: size = array([1.63255801, 1.63255801])
22.7302 	EXP 	polygon: size = array([1.73121061, 1.73121061])
22.7486 	EXP 	polygon: size = array([1.83080701, 1.83080701])
22.7653 	EXP 	polygon: size = array([1.94202781, 1.94202781])
22.7812 	EXP 	polygon: size = array([2.04204721, 2.04204721])
22.7975 	EXP 	polygon: size = array([2.13701881, 2.13701881])
22.8140 	EXP 	polygon: size = array([2.23496401, 2.23496401])
22.8308 	EXP 	polygon: size = array([2.33402761, 2.33402761])
22.8475 	EXP 	polygon: size = array([2.43482521, 2.43482521])
22.8640 	EXP 	polygon: size = array([2.53468561, 2.53468561])
22.8808 	EXP 	polygon: size = array([2.63397361, 2.63397361])
22.8976 	EXP 	polygon: size = array([2.73438781, 2.73438781])
22.9139 	EXP 	polygon: size = array([2.83525201, 2.83525201])
22.9309 	EXP 	polygon: size = array([2.93293441, 2.93293441])
22.9475 	EXP 	polygon: size = array([3.03535081, 3.03535081])
22.9638 	EXP 	polygon: size = array([3.13463641, 3.13463641])
22.9808 	EXP 	polygon: size = array([3.23245921, 3.23245921])
22.9975 	EXP 	polygon: size = array([3.33452101, 3.33452101])
23.0138 	EXP 	polygon: size = array([3.43464901, 3.43464901])
23.0310 	EXP 	polygon: size = array([3.53244781, 3.53244781])
23.0473 	EXP 	polygon: size = array([3.63556201, 3.63556201])
23.0638 	EXP 	polygon: size = array([3.73373881, 3.73373881])
23.0800 	EXP 	polygon: size = array([3.83235361, 3.83235361])
23.0968 	EXP 	polygon: size = array([3.92961841, 3.92961841])
23.1135 	EXP 	polygon: size = array([4.03046161, 4.03046161])
23.1301 	EXP 	polygon: size = array([4.13046601, 4.13046601])
23.1471 	EXP 	polygon: size = array([4.22994661, 4.22994661])
23.1631 	EXP 	polygon: size = array([4.33191961, 4.33191961])
23.1805 	EXP 	polygon: size = array([4.42832641, 4.42832641])
23.1969 	EXP 	polygon: size = array([4.53243241, 4.53243241])
23.2135 	EXP 	polygon: size = array([4.63082401, 4.63082401])
23.2302 	EXP 	polygon: size = array([4.73055361, 4.73055361])
23.2470 	EXP 	polygon: size = array([4.83057541, 4.83057541])
23.2636 	EXP 	polygon: size = array([4.93179661, 4.93179661])
23.2801 	EXP 	polygon: size = array([5.03102461, 5.03102461])
23.2971 	EXP 	polygon: size = array([5.13003721, 5.13003721])
23.3135 	EXP 	polygon: size = array([5.23212481, 5.23212481])
23.3304 	EXP 	polygon: size = array([5.33049901, 5.33049901])
23.3472 	EXP 	fix: autoDraw = False
23.3472 	EXP 	polygon: autoDraw = False
23.5977 	EXP 	resp: autoDraw = True
23.5977 	EXP 	polygon_2: autoDraw = True
25.2210 	EXP 	New trial (rep=0, index=1): OrderedDict([('start_size', 1), ('probe', 0.5)])
25.2241 	DATA 	Keypress: j
25.2307 	EXP 	fix: autoDraw = False
25.2307 	EXP 	polygon: autoDraw = False
25.2307 	EXP 	resp: autoDraw = False
25.2307 	EXP 	polygon_2: autoDraw = False
25.2307 	EXP 	polygon_2: size = array([5.98177757, 5.98177757])
25.7140 	EXP 	fix: autoDraw = True
26.2146 	EXP 	polygon: autoDraw = True
26.2146 	EXP 	polygon: size = array([0.88422381, 0.88422381])
26.2319 	EXP 	polygon: size = array([0.99422181, 0.99422181])
26.2482 	EXP 	polygon: size = array([1.09775661, 1.09775661])
26.2647 	EXP 	polygon: size = array([1.19551341, 1.19551341])
26.2804 	EXP 	polygon: size = array([1.29419601, 1.29419601])
26.2971 	EXP 	polygon: size = array([1.38844401, 1.38844401])
26.3138 	EXP 	polygon: size = array([1.48840041, 1.48840041])
26.3299 	EXP 	polygon: size = array([1.58839881, 1.58839881])
26.3465 	EXP 	polygon: size = array([1.68532101, 1.68532101])
26.3629 	EXP 	polygon: size = array([1.78468101, 1.78468101])
26.3801 	EXP 	polygon: size = array([1.88281161, 1.88281161])
26.3967 	EXP 	polygon: size = array([1.98595521, 1.98595521])
26.4127 	EXP 	polygon: size = array([2.08571421, 2.08571421])
26.4298 	EXP 	polygon: size = array([2.18194521, 2.18194521])
26.4462 	EXP 	polygon: size = array([2.28460641, 2.28460641])
26.4629 	EXP 	polygon: size = array([2.38305021, 2.38305021])
26.4795 	EXP 	polygon: size = array([2.48287701, 2.48287701])
26.4963 	EXP 	polygon: size = array([2.58276921, 2.58276921])
26.5129 	EXP 	polygon: size = array([2.68357941, 2.68357941])
26.5296 	EXP 	polygon: size = array([2.78274861, 2.78274861])
26.5468 	EXP 	polygon: size = array([2.88345201, 2.88345201])
26.5627 	EXP 	polygon: size = array([2.98628181, 2.98628181])
26.5796 	EXP 	polygon: size = array([3.08212761, 3.08212761])
26.5963 	EXP 	polygon: size = array([3.18339441, 3.18339441])
26.6130 	EXP 	polygon: size = array([3.28350801, 3.28350801])
26.6303 	EXP 	polygon: size = array([3.38362101, 3.38362101])
26.6468 	EXP 	polygon: size = array([3.48733161, 3.48733161])
26.6633 	EXP 	polygon: size = array([3.58668981, 3.58668981])
26.6803 	EXP 	polygon: size = array([3.68543841, 3.68543841])
26.6969 	EXP 	polygon: size = array([3.78731601, 3.78731601])
26.7133 	EXP 	polygon: size = array([3.88699701, 3.88699701])
26.7298 	EXP 	polygon: size = array([3.98543301, 3.98543301])
26.7468 	EXP 	polygon: size = array([4.08430821, 4.08430821])
26.7629 	EXP 	polygon: size = array([4.18627941, 4.18627941])
26.7798 	EXP 	polygon: size = array([4.28314281, 4.28314281])
26.7967 	EXP 	polygon: size = array([4.38425961, 4.38425961])
26.8136 	EXP 	polygon: size = array([4.48617681, 4.48617681])
26.8303 	EXP 	polygon: size = array([4.58723541, 4.58723541])
26.8472 	EXP 	polygon: size = array([4.68787101, 4.68787101])
26.8637 	EXP 	polygon: size = array([4.78882941, 4.78882941])
26.8803 	EXP 	polygon: size = array([4.88786541, 4.88786541])
26.8969 	EXP 	polygon: size = array([4.98729681, 4.98729681])
26.9133 	EXP 	polygon: size = array([5.08758561, 5.08758561])
26.9303 	EXP 	polygon: size = array([5.18542941, 5.18542941])
26.9468 	EXP 	polygon: size = array([5.28749001, 5.28749001])
26.9633 	EXP 	fix: autoDraw = False
26.9633 	EXP 	polygon: size = array([5.38667661, 5.38667661])
26.9803 	EXP 	polygon: autoDraw = False
27.2131 	EXP 	resp: autoDraw = True
27.2131 	EXP 	polygon_2: autoDraw = True
27.8192 	EXP 	New trial (rep=0, index=2): OrderedDict([('start_size', 1), ('probe', -1.5)])
27.8227 	DATA 	Keypress: f
27.8304 	EXP 	fix: autoDraw = False
27.8304 	EXP 	polygon: autoDraw = False
27.8304 	EXP 	resp: autoDraw = False
27.8304 	EXP 	polygon_2: autoDraw = False
27.8304 	EXP 	polygon_2: size = array([4.0125678, 4.0125678])
28.3133 	EXP 	fix: autoDraw = True
28.8131 	EXP 	polygon: autoDraw = True
28.8131 	EXP 	polygon: size = array([0.93531564, 0.93531564])
28.8301 	EXP 	polygon: size = array([1.03280244, 1.03280244])
28.8468 	EXP 	polygon: size = array([1.13468364, 1.13468364])
28.8634 	EXP 	polygon: size = array([1.23484224, 1.23484224])
28.8799 	EXP 	polygon: size = array([1.33419984, 1.33419984])
28.8970 	EXP 	polygon: size = array([1.43359524, 1.43359524])
28.9132 	EXP 	polygon: size = array([1.53582024, 1.53582024])
28.9298 	EXP 	polygon: size = array([1.63315644, 1.63315644])
28.9468 	EXP 	polygon: size = array([1.73303604, 1.73303604])
28.9636 	EXP 	polygon: size = array([1.83458664, 1.83458664])
28.9799 	EXP 	polygon: size = array([1.93573344, 1.93573344])
28.9968 	EXP 	polygon: size = array([2.03338404, 2.03338404])
29.0134 	EXP 	polygon: size = array([2.13506784, 2.13506784])
29.0299 	EXP 	polygon: size = array([2.23457124, 2.23457124])
29.0467 	EXP 	polygon: size = array([2.33327064, 2.33327064])
29.0630 	EXP 	polygon: size = array([2.43422904, 2.43422904])
29.0800 	EXP 	polygon: size = array([2.53226424, 2.53226424])
29.0968 	EXP 	polygon: size = array([2.63423064, 2.63423064])
29.1131 	EXP 	polygon: size = array([2.73498504, 2.73498504])
29.1300 	EXP 	polygon: size = array([2.83229964, 2.83229964])
29.1464 	EXP 	polygon: size = array([2.93421024, 2.93421024])
29.1623 	EXP 	polygon: size = array([3.03201684, 3.03201684])
29.1797 	EXP 	polygon: size = array([3.12784584, 3.12784584])
29.1963 	EXP 	polygon: size = array([3.23211204, 3.23211204])
29.2126 	EXP 	polygon: size = array([3.33158604, 3.33158604])
29.2295 	EXP 	polygon: size = array([3.42965364, 3.42965364])
29.2464 	EXP 	polygon: size = array([3.53062104, 3.53062104])
29.2626 	EXP 	polygon: size = array([3.63218124, 3.63218124])
29.2794 	EXP 	polygon: size = array([3.72926784, 3.72926784])
29.2962 	EXP 	polygon: size = array([3.83018544, 3.83018544])
29.3128 	EXP 	polygon: size = array([3.93128064, 3.93128064])
29.3296 	EXP 	polygon: size = array([4.03053804, 4.03053804])
29.3466 	EXP 	polygon: size = array([4.13148564, 4.13148564])
29.3628 	EXP 	polygon: size = array([4.23359724, 4.23359724])
29.3796 	EXP 	polygon: size = array([4.33049004, 4.33049004])
29.3965 	EXP 	polygon: size = array([4.43145984, 4.43145984])
29.4127 	EXP 	polygon: size = array([4.53302424, 4.53302424])
29.4295 	EXP 	polygon: size = array([4.62998784, 4.62998784])
29.4464 	EXP 	polygon: size = array([4.73104164, 4.73104164])
29.4630 	EXP 	polygon: size = array([4.83234024, 4.83234024])
29.4794 	EXP 	polygon: size = array([4.93184124, 4.93184124])
29.4964 	EXP 	polygon: size = array([5.02996464, 5.02996464])
29.5125 	EXP 	polygon: size = array([5.13259284, 5.13259284])
29.5296 	EXP 	polygon: size = array([5.22851604, 5.22851604])
29.5460 	EXP 	polygon: size = array([5.33115444, 5.33115444])
29.5627 	EXP 	fix: autoDraw = False
29.5627 	EXP 	polygon: autoDraw = False
29.8133 	EXP 	resp: autoDraw = True
29.8133 	EXP 	polygon_2: autoDraw = True
30.2855 	EXP 	New trial (rep=0, index=3): OrderedDict([('start_size', 10), ('probe', 0.5)])
30.2962 	EXP 	fix: autoDraw = False
30.2962 	EXP 	polygon: autoDraw = False
30.2962 	EXP 	resp: autoDraw = False
30.2962 	EXP 	polygon_2: autoDraw = False
30.2962 	EXP 	polygon_2: size = array([5.97969858, 5.97969858])
30.2984 	DATA 	Keypress: j
30.7801 	EXP 	fix: autoDraw = True
31.2795 	EXP 	polygon: autoDraw = True
31.2795 	EXP 	polygon: size = array([10.05406474, 10.05406474])
31.2962 	EXP 	polygon: size = array([9.95452894, 9.95452894])
31.3128 	EXP 	polygon: size = array([9.85422034, 9.85422034])
31.3297 	EXP 	polygon: size = array([9.75447634, 9.75447634])
31.3465 	EXP 	polygon: size = array([9.65325574, 9.65325574])
31.3627 	EXP 	polygon: size = array([9.55255894, 9.55255894])
31.3796 	EXP 	polygon: size = array([9.45501814, 9.45501814])
31.3964 	EXP 	polygon: size = array([9.35380714, 9.35380714])
31.4124 	EXP 	polygon: size = array([9.25306834, 9.25306834])
31.4291 	EXP 	polygon: size = array([9.15714754, 9.15714754])
31.4462 	EXP 	polygon: size = array([9.05684734, 9.05684734])
31.4625 	EXP 	polygon: size = array([8.95426234, 8.95426234])
31.4795 	EXP 	polygon: size = array([8.85605494, 8.85605494])
31.4967 	EXP 	polygon: size = array([8.75453734, 8.75453734])
31.5128 	EXP 	polygon: size = array([8.65151554, 8.65151554])
31.5297 	EXP 	polygon: size = array([8.55497734, 8.55497734])
31.5463 	EXP 	polygon: size = array([8.45306314, 8.45306314])
31.5626 	EXP 	polygon: size = array([8.35343314, 8.35343314])
31.5796 	EXP 	polygon: size = array([8.25570694, 8.25570694])
31.5965 	EXP 	polygon: size = array([8.15399914, 8.15399914])
31.6129 	EXP 	polygon: size = array([8.05236454, 8.05236454])
31.6297 	EXP 	polygon: size = array([7.95414214, 7.95414214])
31.6461 	EXP 	polygon: size = array([7.85327554, 7.85327554])
31.6629 	EXP 	polygon: size = array([7.75470154, 7.75470154])
31.6796 	EXP 	polygon: size = array([7.65415534, 7.65415534])
31.6966 	EXP 	polygon: size = array([7.55403994, 7.55403994])
31.7129 	EXP 	polygon: size = array([7.45196554, 7.45196554])
31.7296 	EXP 	polygon: size = array([7.35404914, 7.35404914])
31.7482 	EXP 	polygon: size = array([7.25381614, 7.25381614])
31.7649 	EXP 	polygon: size = array([7.14204754, 7.14204754])
31.7814 	EXP 	polygon: size = array([7.04141974, 7.04141974])
31.7972 	EXP 	polygon: size = array([6.94274254, 6.94274254])
31.8129 	EXP 	polygon: size = array([6.84812674, 6.84812674])
31.8298 	EXP 	polygon: size = array([6.75408334, 6.75408334])
31.8464 	EXP 	polygon: size = array([6.65269354, 6.65269354])
31.8630 	EXP 	polygon: size = array([6.55320034, 6.55320034])
31.8796 	EXP 	polygon: size = array([6.45360934, 6.45360934])
31.8967 	EXP 	polygon: size = array([6.35406994, 6.35406994])
31.9129 	EXP 	polygon: size = array([6.25131514, 6.25131514])
31.9295 	EXP 	polygon: size = array([6.15400654, 6.15400654])
31.9466 	EXP 	polygon: size = array([6.05425594, 6.05425594])
31.9628 	EXP 	polygon: size = array([5.95188634, 5.95188634])
31.9790 	EXP 	polygon: size = array([5.85478354, 5.85478354])
31.9960 	EXP 	polygon: size = array([5.75757754, 5.75757754])
32.0127 	EXP 	polygon: size = array([5.65547074, 5.65547074])
32.0294 	EXP 	fix: autoDraw = False
32.0294 	EXP 	polygon: autoDraw = False
32.2808 	EXP 	resp: autoDraw = True
32.2808 	EXP 	polygon_2: autoDraw = True
32.6511 	EXP 	New trial (rep=0, index=4): OrderedDict([('start_size', 10), ('probe', -1.0)])
32.6626 	EXP 	fix: autoDraw = False
32.6626 	EXP 	polygon: autoDraw = False
32.6626 	EXP 	resp: autoDraw = False
32.6626 	EXP 	polygon_2: autoDraw = False
32.6626 	EXP 	polygon_2: size = array([4.56752548, 4.56752548])
32.6645 	DATA 	Keypress: f
33.1463 	EXP 	fix: autoDraw = True
33.6460 	EXP 	polygon: autoDraw = True
33.6460 	EXP 	polygon: size = array([10.13427284, 10.13427284])
33.6624 	EXP 	polygon: size = array([10.03333904, 10.03333904])
33.6792 	EXP 	polygon: size = array([9.93497444, 9.93497444])
33.6960 	EXP 	polygon: size = array([9.83450264, 9.83450264])
33.7126 	EXP 	polygon: size = array([9.73350404, 9.73350404])
33.7291 	EXP 	polygon: size = array([9.63371744, 9.63371744])
33.7477 	EXP 	polygon: size = array([9.53480084, 9.53480084])
33.7640 	EXP 	polygon: size = array([9.42292724, 9.42292724])
33.7802 	EXP 	polygon: size = array([9.32519564, 9.32519564])
33.7963 	EXP 	polygon: size = array([9.22841024, 9.22841024])
33.8127 	EXP 	polygon: size = array([9.13181684, 9.13181684])
33.8295 	EXP 	polygon: size = array([9.03348104, 9.03348104])
33.8462 	EXP 	polygon: size = array([8.93243384, 8.93243384])
33.8628 	EXP 	polygon: size = array([8.83232684, 8.83232684])
33.8795 	EXP 	polygon: size = array([8.73268184, 8.73268184])
33.8963 	EXP 	polygon: size = array([8.63242484, 8.63242484])
33.9128 	EXP 	polygon: size = array([8.53150844, 8.53150844])
33.9293 	EXP 	polygon: size = array([8.43267524, 8.43267524])
33.9461 	EXP 	polygon: size = array([8.33361704, 8.33361704])
33.9624 	EXP 	polygon: size = array([8.23269464, 8.23269464])
33.9790 	EXP 	polygon: size = array([8.13487184, 8.13487184])
33.9956 	EXP 	polygon: size = array([8.03558204, 8.03558204])
34.0125 	EXP 	polygon: size = array([7.93569944, 7.93569944])
34.0292 	EXP 	polygon: size = array([7.83470144, 7.83470144])
34.0478 	EXP 	polygon: size = array([7.73421884, 7.73421884])
34.0647 	EXP 	polygon: size = array([7.62211124, 7.62211124])
34.0796 	EXP 	polygon: size = array([7.52088284, 7.52088284])
34.0966 	EXP 	polygon: size = array([7.43158604, 7.43158604])
34.1130 	EXP 	polygon: size = array([7.32966764, 7.32966764])
34.1300 	EXP 	polygon: size = array([7.23153404, 7.23153404])
34.1460 	EXP 	polygon: size = array([7.12957184, 7.12957184])
34.1624 	EXP 	polygon: size = array([7.03360004, 7.03360004])
34.1790 	EXP 	polygon: size = array([6.93502664, 6.93502664])
34.1961 	EXP 	polygon: size = array([6.83542724, 6.83542724])
34.2127 	EXP 	polygon: size = array([6.73261184, 6.73261184])
34.2295 	EXP 	polygon: size = array([6.63317564, 6.63317564])
34.2462 	EXP 	polygon: size = array([6.53229464, 6.53229464])
34.2627 	EXP 	polygon: size = array([6.43250144, 6.43250144])
34.2793 	EXP 	polygon: size = array([6.33338984, 6.33338984])
34.2961 	EXP 	polygon: size = array([6.23350604, 6.23350604])
34.3127 	EXP 	polygon: size = array([6.13275224, 6.13275224])
34.3294 	EXP 	polygon: size = array([6.03314024, 6.03314024])
34.3461 	EXP 	polygon: size = array([5.93307824, 5.93307824])
34.3627 	EXP 	polygon: size = array([5.83267124, 5.83267124])
34.3791 	EXP 	polygon: size = array([5.73313844, 5.73313844])
34.3961 	EXP 	fix: autoDraw = False
34.3961 	EXP 	polygon: autoDraw = False
34.6465 	EXP 	resp: autoDraw = True
34.6465 	EXP 	polygon_2: autoDraw = True
35.0529 	EXP 	New trial (rep=0, index=5): OrderedDict([('start_size', 1), ('probe', -1.0)])
35.0628 	EXP 	fix: autoDraw = False
35.0628 	EXP 	polygon: autoDraw = False
35.0628 	EXP 	resp: autoDraw = False
35.0628 	EXP 	polygon_2: autoDraw = False
35.0628 	EXP 	polygon_2: size = array([4.43031129, 4.43031129])
35.0651 	DATA 	Keypress: j
35.5467 	EXP 	fix: autoDraw = True
36.0465 	EXP 	polygon: autoDraw = True
36.0465 	EXP 	polygon: size = array([0.84396013, 0.84396013])
36.0642 	EXP 	polygon: size = array([0.94780453, 0.94780453])
36.0811 	EXP 	polygon: size = array([1.05413773, 1.05413773])
36.0967 	EXP 	polygon: size = array([1.15515433, 1.15515433])
36.1127 	EXP 	polygon: size = array([1.24862053, 1.24862053])
36.1292 	EXP 	polygon: size = array([1.34429353, 1.34429353])
36.1458 	EXP 	polygon: size = array([1.44331693, 1.44331693])
36.1625 	EXP 	polygon: size = array([1.54297093, 1.54297093])
36.1790 	EXP 	polygon: size = array([1.64311453, 1.64311453])
36.1958 	EXP 	polygon: size = array([1.74226873, 1.74226873])
36.2124 	EXP 	polygon: size = array([1.84280353, 1.84280353])
36.2291 	EXP 	polygon: size = array([1.94241733, 1.94241733])
36.2461 	EXP 	polygon: size = array([2.04274273, 2.04274273])
36.2627 	EXP 	polygon: size = array([2.14496893, 2.14496893])
36.2794 	EXP 	polygon: size = array([2.24462713, 2.24462713])
36.2959 	EXP 	polygon: size = array([2.34477553, 2.34477553])
36.3128 	EXP 	polygon: size = array([2.44387933, 2.44387933])
36.3295 	EXP 	polygon: size = array([2.54508313, 2.54508313])
36.3462 	EXP 	polygon: size = array([2.64528313, 2.64528313])
36.3625 	EXP 	polygon: size = array([2.74538833, 2.74538833])
36.3795 	EXP 	polygon: size = array([2.84337073, 2.84337073])
36.3963 	EXP 	polygon: size = array([2.94509173, 2.94509173])
36.4121 	EXP 	polygon: size = array([3.04594333, 3.04594333])
36.4290 	EXP 	polygon: size = array([3.14092993, 3.14092993])
36.4453 	EXP 	polygon: size = array([3.24222553, 3.24222553])
36.4624 	EXP 	polygon: size = array([3.33979273, 3.33979273])
36.4791 	EXP 	polygon: size = array([3.44253493, 3.44253493])
36.4961 	EXP 	polygon: size = array([3.54312313, 3.54312313])
36.5128 	EXP 	polygon: size = array([3.64494013, 3.64494013])
36.5297 	EXP 	polygon: size = array([3.74517793, 3.74517793])
36.5460 	EXP 	polygon: size = array([3.84633973, 3.84633973])
36.5628 	EXP 	polygon: size = array([3.94441093, 3.94441093])
36.5794 	EXP 	polygon: size = array([4.04514253, 4.04514253])
36.5962 	EXP 	polygon: size = array([4.14495193, 4.14495193])
36.6128 	EXP 	polygon: size = array([4.24580113, 4.24580113])
36.6296 	EXP 	polygon: size = array([4.34504713, 4.34504713])
36.6464 	EXP 	polygon: size = array([4.44580333, 4.44580333])
36.6628 	EXP 	polygon: size = array([4.54660453, 4.54660453])
36.6795 	EXP 	polygon: size = array([4.64546893, 4.64546893])
36.6962 	EXP 	polygon: size = array([4.74526873, 4.74526873])
36.7120 	EXP 	polygon: size = array([4.84565173, 4.84565173])
36.7291 	EXP 	polygon: size = array([4.94032153, 4.94032153])
36.7453 	EXP 	polygon: size = array([5.04263773, 5.04263773])
36.7621 	EXP 	polygon: size = array([5.13997393, 5.13997393])
36.7789 	EXP 	polygon: size = array([5.24056633, 5.24056633])
36.7957 	EXP 	polygon: size = array([5.34149653, 5.34149653])
36.8119 	EXP 	fix: autoDraw = False
36.8119 	EXP 	polygon: autoDraw = False
37.0462 	EXP 	resp: autoDraw = True
37.0462 	EXP 	polygon_2: autoDraw = True
37.1333 	EXP 	New trial (rep=0, index=6): OrderedDict([('start_size', 1), ('probe', 0.0)])
37.1458 	EXP 	fix: autoDraw = False
37.1458 	EXP 	polygon: autoDraw = False
37.1458 	EXP 	resp: autoDraw = False
37.1458 	EXP 	polygon_2: autoDraw = False
37.1458 	EXP 	polygon_2: size = array([5.57073827, 5.57073827])
37.1484 	DATA 	Keypress: f
37.6291 	EXP 	fix: autoDraw = True
37.9494 	DATA 	Keypress: escape
38.1290 	EXP 	polygon: autoDraw = True
38.1290 	EXP 	polygon: size = array([1.01116691, 1.01116691])
38.1457 	EXP 	polygon: size = array([1.11393911, 1.11393911])
38.1623 	EXP 	polygon: size = array([1.21397051, 1.21397051])
38.1791 	EXP 	polygon: size = array([1.31372171, 1.31372171])
38.1960 	EXP 	polygon: size = array([1.41409871, 1.41409871])
38.2348 	EXP 	window1: mouseVisible = True
