3.2886 	WARNING 	We strongly recommend you activate the PTB sound engine in PsychoPy prefs as the preferred audio engine. Its timing is vastly superior. Your prefs are currently set to use ['sounddevice', 'PTB', 'pyo', 'pygame'] (in that order).
16.6181 	EXP 	Created window1 = Window(allowGUI=False, allowStencil=False, autoLog=True, backendConf=UNKNOWN, bitsMode=UNKNOWN, blendMode='avg', bpc=(8, 8, 8), color=array([-1., -1., -1.]), colorSpace='rgb', depthBits=8, fullscr=<method-wrapper '__getattribute__' of attributeSetter object at 0x000002513CDA7B38>, gamma=None, gammaErrorPolicy='raise', lms=UNKNOWN, monitor=<psychopy.monitors.calibTools.Monitor object at 0x000002513CDC7240>, multiSample=False, name='window1', numSamples=2, pos=[0.0, 0.0], screen=0, size=array([1920, 1080]), stencilBits=0, stereo=False, units='height', useFBO=True, useRetina=False, viewOri=0.0, viewPos=None, viewScale=None, waitBlanking=True, winType='pyglet')
16.6187 	EXP 	window1: mouseVisible = True
16.6188 	EXP 	window1: recordFrameIntervals = False
16.7832 	EXP 	window1: recordFrameIntervals = True
16.9668 	EXP 	window1: recordFrameIntervals = False
17.1909 	EXP 	Created text = TextStim(__class__=<class 'psychopy.visual.text.TextStim'>, alignHoriz=method-wrapper(...), alignText='center', alignVert=method-wrapper(...), anchorHoriz='center', anchorVert='center', antialias=True, autoLog=True, bold=False, color=array([0., 0., 0.]), colorSpace='rgb', contrast=1.0, depth=0.0, flipHoriz=False, flipVert=False, font='Open Sans', fontFiles=[], height=1.0, italic=False, languageStyle='LTR', name='text', opacity=1, ori=0.0, pos=array([0., 5.]), rgb=UNKNOWN, text='same = F\ndifferent = J\n\n(space)', units='deg', win=Window(...), wrapWidth=15.0)
17.1910 	EXP 	window1: mouseVisible = False
17.2008 	EXP 	Created fix = TextStim(__class__=<class 'psychopy.visual.text.TextStim'>, alignHoriz=method-wrapper(...), alignText='center', alignVert=method-wrapper(...), anchorHoriz='center', anchorVert='center', antialias=True, autoLog=True, bold=False, color=array([0., 0., 0.]), colorSpace='rgb', contrast=1.0, depth=-1.0, flipHoriz=False, flipVert=False, font='Open Sans', fontFiles=[], height=1.5, italic=False, languageStyle='LTR', name='fix', opacity=1, ori=0.0, pos=array([0., 5.]), rgb=UNKNOWN, text='+', units='deg', win=Window(...), wrapWidth=15.0)
17.2078 	EXP 	Created polygon = Polygon(__class__=<class 'psychopy.visual.polygon.Polygon'>, autoDraw=False, autoLog=True, closeShape=True, color=method-wrapper(...), colorSpace='rgb', contrast=None, depth=-2.0, fillColor=array([0., 0., 0.]), fillColorSpace='rgb', fillRGB=UNKNOWN, interpolate=True, lineColor=array([0., 0., 0.]), lineColorSpace='rgb', lineRGB=UNKNOWN, lineWidth=1.0, name='polygon', opacity=1, ori=0.0, pos=array([-10.,  -5.]), size=array([1., 1.]), units='deg', vertices=ndarray(...), win=Window(...))
17.2118 	EXP 	Created polygon_2 = Polygon(__class__=<class 'psychopy.visual.polygon.Polygon'>, autoDraw=False, autoLog=True, closeShape=True, color=method-wrapper(...), colorSpace='rgb', contrast=None, depth=-3.0, fillColor=array([0., 0., 0.]), fillColorSpace='rgb', fillRGB=UNKNOWN, interpolate=True, lineColor=array([0., 0., 0.]), lineColorSpace='rgb', lineRGB=UNKNOWN, lineWidth=1.0, name='polygon_2', opacity=1, ori=0.0, pos=array([10., -5.]), size=array([1., 1.]), units='deg', vertices=ndarray(...), win=Window(...))
17.2564 	EXP 	text: autoDraw = True
19.3082 	EXP 	Imported TTC_sample3.csv as conditions, 14 conditions, 2 params
19.3097 	EXP 	Created sequence: random, trialTypes=14, nReps=100, seed=None
19.3103 	EXP 	New trial (rep=0, index=0): OrderedDict([('start_size', 1), ('probe', 0.5)])
19.3165 	EXP 	text: autoDraw = False
19.3165 	EXP 	fix: autoDraw = True
19.3196 	DATA 	Keypress: space
20.3162 	EXP 	polygon: autoDraw = True
20.3162 	EXP 	polygon: size = array([0.98835507, 0.98835507])
20.3162 	EXP 	polygon_2: autoDraw = True
20.3162 	EXP 	polygon_2: size = array([10.01164493, 10.01164493])
20.3327 	EXP 	polygon: size = array([1.02719848, 1.02719848])
20.3327 	EXP 	polygon_2: size = array([9.97280152, 9.97280152])
20.3494 	EXP 	polygon: size = array([1.06634616, 1.06634616])
20.3494 	EXP 	polygon_2: size = array([9.93365384, 9.93365384])
20.3661 	EXP 	polygon: size = array([1.10778567, 1.10778567])
20.3661 	EXP 	polygon_2: size = array([9.89221433, 9.89221433])
20.3828 	EXP 	polygon: size = array([1.15053178, 1.15053178])
20.3828 	EXP 	polygon_2: size = array([9.84946822, 9.84946822])
20.3994 	EXP 	polygon: size = array([1.194857, 1.194857])
20.3994 	EXP 	polygon_2: size = array([9.805143, 9.805143])
20.4158 	EXP 	polygon: size = array([1.24081885, 1.24081885])
20.4158 	EXP 	polygon_2: size = array([9.75918115, 9.75918115])
20.4328 	EXP 	polygon: size = array([1.28795332, 1.28795332])
20.4328 	EXP 	polygon_2: size = array([9.71204668, 9.71204668])
20.4491 	EXP 	polygon: size = array([1.33863847, 1.33863847])
20.4491 	EXP 	polygon_2: size = array([9.66136153, 9.66136153])
20.4658 	EXP 	polygon: size = array([1.38909893, 1.38909893])
20.4658 	EXP 	polygon_2: size = array([9.61090107, 9.61090107])
20.4828 	EXP 	polygon: size = array([1.44285151, 1.44285151])
20.4828 	EXP 	polygon_2: size = array([9.55714849, 9.55714849])
20.4994 	EXP 	polygon: size = array([1.49968318, 1.49968318])
20.4994 	EXP 	polygon_2: size = array([9.50031682, 9.50031682])
20.5157 	EXP 	polygon: size = array([1.55718483, 1.55718483])
20.5157 	EXP 	polygon_2: size = array([9.44281517, 9.44281517])
20.5324 	EXP 	polygon: size = array([1.61612764, 1.61612764])
20.5324 	EXP 	polygon_2: size = array([9.38387236, 9.38387236])
20.5489 	EXP 	polygon: size = array([1.67838349, 1.67838349])
20.5489 	EXP 	polygon_2: size = array([9.32161651, 9.32161651])
20.5654 	EXP 	polygon: size = array([1.7426938, 1.7426938])
20.5654 	EXP 	polygon_2: size = array([9.2573062, 9.2573062])
20.5822 	EXP 	polygon: size = array([1.80887552, 1.80887552])
20.5822 	EXP 	polygon_2: size = array([9.19112448, 9.19112448])
20.5988 	EXP 	polygon: size = array([1.87911556, 1.87911556])
20.5988 	EXP 	polygon_2: size = array([9.12088444, 9.12088444])
20.6154 	EXP 	polygon: size = array([1.95159392, 1.95159392])
20.6154 	EXP 	polygon_2: size = array([9.04840608, 9.04840608])
20.6320 	EXP 	polygon: size = array([2.02616376, 2.02616376])
20.6320 	EXP 	polygon_2: size = array([8.97383624, 8.97383624])
20.6486 	EXP 	polygon: size = array([2.1043014, 2.1043014])
20.6486 	EXP 	polygon_2: size = array([8.8956986, 8.8956986])
20.6654 	EXP 	polygon: size = array([2.18513955, 2.18513955])
20.6654 	EXP 	polygon_2: size = array([8.81486045, 8.81486045])
20.6820 	EXP 	polygon: size = array([2.26984374, 2.26984374])
20.6820 	EXP 	polygon_2: size = array([8.73015626, 8.73015626])
20.6987 	EXP 	polygon: size = array([2.3574398, 2.3574398])
20.6987 	EXP 	polygon_2: size = array([8.6425602, 8.6425602])
20.7153 	EXP 	polygon: size = array([2.44872395, 2.44872395])
20.7153 	EXP 	polygon_2: size = array([8.55127605, 8.55127605])
20.7320 	EXP 	polygon: size = array([2.54265062, 2.54265062])
20.7320 	EXP 	polygon_2: size = array([8.45734938, 8.45734938])
20.7487 	EXP 	polygon: size = array([2.64078003, 2.64078003])
20.7487 	EXP 	polygon_2: size = array([8.35921997, 8.35921997])
20.7658 	EXP 	polygon: size = array([2.74306241, 2.74306241])
20.7658 	EXP 	polygon_2: size = array([8.25693759, 8.25693759])
20.7826 	EXP 	polygon: size = array([2.85242919, 2.85242919])
20.7826 	EXP 	polygon_2: size = array([8.14757081, 8.14757081])
20.7993 	EXP 	polygon: size = array([2.96330097, 2.96330097])
20.7993 	EXP 	polygon_2: size = array([8.03669903, 8.03669903])
20.8157 	EXP 	polygon: size = array([3.07782133, 3.07782133])
20.8157 	EXP 	polygon_2: size = array([7.92217867, 7.92217867])
20.8328 	EXP 	polygon: size = array([3.19559536, 3.19559536])
20.8328 	EXP 	polygon_2: size = array([7.80440464, 7.80440464])
20.8490 	EXP 	polygon: size = array([3.3214294, 3.3214294])
20.8490 	EXP 	polygon_2: size = array([7.6785706, 7.6785706])
20.8659 	EXP 	polygon: size = array([3.44648308, 3.44648308])
20.8659 	EXP 	polygon_2: size = array([7.55351692, 7.55351692])
20.8827 	EXP 	polygon: size = array([3.58083662, 3.58083662])
20.8827 	EXP 	polygon_2: size = array([7.41916338, 7.41916338])
20.8994 	EXP 	polygon: size = array([3.72030844, 3.72030844])
20.8994 	EXP 	polygon_2: size = array([7.27969156, 7.27969156])
20.9160 	EXP 	polygon: size = array([3.86409744, 3.86409744])
20.9160 	EXP 	polygon_2: size = array([7.13590256, 7.13590256])
20.9323 	EXP 	polygon: size = array([4.01308184, 4.01308184])
20.9323 	EXP 	polygon_2: size = array([6.98691816, 6.98691816])
20.9494 	EXP 	polygon: size = array([4.16429394, 4.16429394])
20.9494 	EXP 	polygon_2: size = array([6.83570606, 6.83570606])
20.9657 	EXP 	polygon: size = array([4.32919041, 4.32919041])
20.9657 	EXP 	polygon_2: size = array([6.67080959, 6.67080959])
20.9827 	EXP 	polygon: size = array([4.49305247, 4.49305247])
20.9827 	EXP 	polygon_2: size = array([6.50694753, 6.50694753])
20.9994 	EXP 	polygon: size = array([4.66996844, 4.66996844])
20.9994 	EXP 	polygon_2: size = array([6.33003156, 6.33003156])
21.0160 	EXP 	polygon: size = array([4.85002957, 4.85002957])
21.0160 	EXP 	polygon_2: size = array([6.14997043, 6.14997043])
21.0301 	EXP 	New trial (rep=0, index=1): OrderedDict([('start_size', 10), ('probe', 0.0)])
21.0374 	EXP 	fix: autoDraw = False
21.0374 	EXP 	polygon: autoDraw = False
21.0374 	EXP 	polygon_2: autoDraw = False
21.0374 	EXP 	fix: autoDraw = True
22.0327 	EXP 	polygon: autoDraw = True
22.0327 	EXP 	polygon: size = array([0.97290663, 0.97290663])
22.0327 	EXP 	polygon_2: autoDraw = True
22.0327 	EXP 	polygon_2: size = array([10.02709337, 10.02709337])
22.0495 	EXP 	polygon: size = array([1.01112544, 1.01112544])
22.0495 	EXP 	polygon_2: size = array([9.98887456, 9.98887456])
22.0658 	EXP 	polygon: size = array([1.05036101, 1.05036101])
22.0658 	EXP 	polygon_2: size = array([9.94963899, 9.94963899])
22.0823 	EXP 	polygon: size = array([1.08999239, 1.08999239])
22.0823 	EXP 	polygon_2: size = array([9.91000761, 9.91000761])
22.0992 	EXP 	polygon: size = array([1.13178675, 1.13178675])
22.0992 	EXP 	polygon_2: size = array([9.86821325, 9.86821325])
22.1157 	EXP 	polygon: size = array([1.1758431, 1.1758431])
22.1157 	EXP 	polygon_2: size = array([9.8241569, 9.8241569])
22.1327 	EXP 	polygon: size = array([1.22079919, 1.22079919])
22.1327 	EXP 	polygon_2: size = array([9.77920081, 9.77920081])
22.1493 	EXP 	polygon: size = array([1.26890504, 1.26890504])
22.1493 	EXP 	polygon_2: size = array([9.73109496, 9.73109496])
22.1659 	EXP 	polygon: size = array([1.31786585, 1.31786585])
22.1659 	EXP 	polygon_2: size = array([9.68213415, 9.68213415])
22.1825 	EXP 	polygon: size = array([1.36845493, 1.36845493])
22.1825 	EXP 	polygon_2: size = array([9.63154507, 9.63154507])
22.1994 	EXP 	polygon: size = array([1.42105507, 1.42105507])
22.1994 	EXP 	polygon_2: size = array([9.57894493, 9.57894493])
22.2156 	EXP 	polygon: size = array([1.47670473, 1.47670473])
22.2156 	EXP 	polygon_2: size = array([9.52329527, 9.52329527])
22.2322 	EXP 	polygon: size = array([1.53202116, 1.53202116])
22.2322 	EXP 	polygon_2: size = array([9.46797884, 9.46797884])
22.2489 	EXP 	polygon: size = array([1.5909901, 1.5909901])
22.2489 	EXP 	polygon_2: size = array([9.4090099, 9.4090099])
22.2656 	EXP 	polygon: size = array([1.65216611, 1.65216611])
22.2656 	EXP 	polygon_2: size = array([9.34783389, 9.34783389])
22.2821 	EXP 	polygon: size = array([1.71610575, 1.71610575])
22.2821 	EXP 	polygon_2: size = array([9.28389425, 9.28389425])
22.2987 	EXP 	polygon: size = array([1.78146555, 1.78146555])
22.2987 	EXP 	polygon_2: size = array([9.21853445, 9.21853445])
22.3154 	EXP 	polygon: size = array([1.84988998, 1.84988998])
22.3154 	EXP 	polygon_2: size = array([9.15011002, 9.15011002])
22.3320 	EXP 	polygon: size = array([1.92164099, 1.92164099])
22.3320 	EXP 	polygon_2: size = array([9.07835901, 9.07835901])
22.3487 	EXP 	polygon: size = array([1.99545985, 1.99545985])
22.3487 	EXP 	polygon_2: size = array([9.00454015, 9.00454015])
22.3654 	EXP 	polygon: size = array([2.0723635, 2.0723635])
22.3654 	EXP 	polygon_2: size = array([8.9276365, 8.9276365])
22.3820 	EXP 	polygon: size = array([2.15297782, 2.15297782])
22.3820 	EXP 	polygon_2: size = array([8.84702218, 8.84702218])
22.3987 	EXP 	polygon: size = array([2.23559498, 2.23559498])
22.3987 	EXP 	polygon_2: size = array([8.76440502, 8.76440502])
22.4154 	EXP 	polygon: size = array([2.32168364, 2.32168364])
22.4154 	EXP 	polygon_2: size = array([8.67831636, 8.67831636])
22.4319 	EXP 	polygon: size = array([2.41183532, 2.41183532])
22.4319 	EXP 	polygon_2: size = array([8.58816468, 8.58816468])
22.4488 	EXP 	polygon: size = array([2.50361141, 2.50361141])
22.4488 	EXP 	polygon_2: size = array([8.49638859, 8.49638859])
22.4655 	EXP 	polygon: size = array([2.60194511, 2.60194511])
22.4655 	EXP 	polygon_2: size = array([8.39805489, 8.39805489])
22.4821 	EXP 	polygon: size = array([2.70232543, 2.70232543])
22.4821 	EXP 	polygon_2: size = array([8.29767457, 8.29767457])
22.4988 	EXP 	polygon: size = array([2.80670842, 2.80670842])
22.4988 	EXP 	polygon_2: size = array([8.19329158, 8.19329158])
22.5156 	EXP 	polygon: size = array([2.91524065, 2.91524065])
22.5156 	EXP 	polygon_2: size = array([8.08475935, 8.08475935])
22.5321 	EXP 	polygon: size = array([3.02842244, 3.02842244])
22.5321 	EXP 	polygon_2: size = array([7.97157756, 7.97157756])
22.5489 	EXP 	polygon: size = array([3.14409616, 3.14409616])
22.5489 	EXP 	polygon_2: size = array([7.85590384, 7.85590384])
22.5653 	EXP 	polygon: size = array([3.2660436, 3.2660436])
22.5653 	EXP 	polygon_2: size = array([7.7339564, 7.7339564])
22.5820 	EXP 	polygon: size = array([3.39041679, 3.39041679])
22.5820 	EXP 	polygon_2: size = array([7.60958321, 7.60958321])
22.5987 	EXP 	polygon: size = array([3.52112432, 3.52112432])
22.5987 	EXP 	polygon_2: size = array([7.47887568, 7.47887568])
22.6153 	EXP 	polygon: size = array([3.65736614, 3.65736614])
22.6153 	EXP 	polygon_2: size = array([7.34263386, 7.34263386])
22.6319 	EXP 	polygon: size = array([3.79833146, 3.79833146])
22.6319 	EXP 	polygon_2: size = array([7.20166854, 7.20166854])
22.6490 	EXP 	polygon: size = array([3.94456687, 3.94456687])
22.6490 	EXP 	polygon_2: size = array([7.05543313, 7.05543313])
22.6656 	EXP 	polygon: size = array([4.10071233, 4.10071233])
22.6656 	EXP 	polygon_2: size = array([6.89928767, 6.89928767])
22.6820 	EXP 	polygon: size = array([4.25820331, 4.25820331])
22.6820 	EXP 	polygon_2: size = array([6.74179669, 6.74179669])
22.6988 	EXP 	polygon: size = array([4.4206479, 4.4206479])
22.6988 	EXP 	polygon_2: size = array([6.5793521, 6.5793521])
22.7153 	EXP 	polygon: size = array([4.59205466, 4.59205466])
22.7153 	EXP 	polygon_2: size = array([6.40794534, 6.40794534])
22.7319 	EXP 	polygon: size = array([4.76716481, 4.76716481])
22.7319 	EXP 	polygon_2: size = array([6.23283519, 6.23283519])
22.7486 	EXP 	polygon: size = array([4.95094656, 4.95094656])
22.7486 	EXP 	polygon_2: size = array([6.04905344, 6.04905344])
22.7652 	EXP 	polygon: size = array([5.14509497, 5.14509497])
22.7652 	EXP 	polygon_2: size = array([5.85490503, 5.85490503])
22.7698 	EXP 	New trial (rep=0, index=2): OrderedDict([('start_size', 10), ('probe', 1.0)])
22.7818 	EXP 	fix: autoDraw = False
22.7818 	EXP 	polygon: autoDraw = False
22.7818 	EXP 	polygon_2: autoDraw = False
22.7818 	EXP 	fix: autoDraw = True
23.7652 	EXP 	polygon: autoDraw = True
23.7652 	EXP 	polygon: size = array([0.97835718, 0.97835718])
23.7652 	EXP 	polygon_2: autoDraw = True
23.7652 	EXP 	polygon_2: size = array([10.02164282, 10.02164282])
23.7821 	EXP 	polygon: size = array([1.01651914, 1.01651914])
23.7821 	EXP 	polygon_2: size = array([9.98348086, 9.98348086])
23.7989 	EXP 	polygon: size = array([1.05635781, 1.05635781])
23.7989 	EXP 	polygon_2: size = array([9.94364219, 9.94364219])
23.8154 	EXP 	polygon: size = array([1.09746926, 1.09746926])
23.8154 	EXP 	polygon_2: size = array([9.90253074, 9.90253074])
23.8321 	EXP 	polygon: size = array([1.13945192, 1.13945192])
23.8321 	EXP 	polygon_2: size = array([9.86054808, 9.86054808])
23.8488 	EXP 	polygon: size = array([1.18356218, 1.18356218])
23.8488 	EXP 	polygon_2: size = array([9.81643782, 9.81643782])
23.8654 	EXP 	polygon: size = array([1.2291496, 1.2291496])
23.8654 	EXP 	polygon_2: size = array([9.7708504, 9.7708504])
23.8823 	EXP 	polygon: size = array([1.27664172, 1.27664172])
23.8823 	EXP 	polygon_2: size = array([9.72335828, 9.72335828])
23.8986 	EXP 	polygon: size = array([1.3265218, 1.3265218])
23.8986 	EXP 	polygon_2: size = array([9.6734782, 9.6734782])
23.9155 	EXP 	polygon: size = array([1.37653802, 1.37653802])
23.9155 	EXP 	polygon_2: size = array([9.62346198, 9.62346198])
23.9322 	EXP 	polygon: size = array([1.43028836, 1.43028836])
23.9322 	EXP 	polygon_2: size = array([9.56971164, 9.56971164])
23.9485 	EXP 	polygon: size = array([1.48586099, 1.48586099])
23.9485 	EXP 	polygon_2: size = array([9.51413901, 9.51413901])
23.9652 	EXP 	polygon: size = array([1.54171866, 1.54171866])
23.9652 	EXP 	polygon_2: size = array([9.45828134, 9.45828134])
23.9817 	EXP 	polygon: size = array([1.60124385, 1.60124385])
23.9817 	EXP 	polygon_2: size = array([9.39875615, 9.39875615])
23.9984 	EXP 	polygon: size = array([1.66252325, 1.66252325])
23.9984 	EXP 	polygon_2: size = array([9.33747675, 9.33747675])
24.0156 	EXP 	polygon: size = array([1.72667696, 1.72667696])
24.0156 	EXP 	polygon_2: size = array([9.27332304, 9.27332304])
24.0320 	EXP 	polygon: size = array([1.79575513, 1.79575513])
24.0320 	EXP 	polygon_2: size = array([9.20424487, 9.20424487])
24.0487 	EXP 	polygon: size = array([1.8637042, 1.8637042])
24.0487 	EXP 	polygon_2: size = array([9.1362958, 9.1362958])
24.0657 	EXP 	polygon: size = array([1.9357667, 1.9357667])
24.0657 	EXP 	polygon_2: size = array([9.0642333, 9.0642333])
24.0823 	EXP 	polygon: size = array([2.01219548, 2.01219548])
24.0823 	EXP 	polygon_2: size = array([8.98780452, 8.98780452])
24.0988 	EXP 	polygon: size = array([2.08996919, 2.08996919])
24.0988 	EXP 	polygon_2: size = array([8.91003081, 8.91003081])
24.1158 	EXP 	polygon: size = array([2.16951722, 2.16951722])
24.1158 	EXP 	polygon_2: size = array([8.83048278, 8.83048278])
24.1323 	EXP 	polygon: size = array([2.25492706, 2.25492706])
24.1323 	EXP 	polygon_2: size = array([8.74507294, 8.74507294])
24.1487 	EXP 	polygon: size = array([2.34136965, 2.34136965])
24.1487 	EXP 	polygon_2: size = array([8.65863035, 8.65863035])
24.1657 	EXP 	polygon: size = array([2.43010266, 2.43010266])
24.1657 	EXP 	polygon_2: size = array([8.56989734, 8.56989734])
24.1824 	EXP 	polygon: size = array([2.52603354, 2.52603354])
24.1824 	EXP 	polygon_2: size = array([8.47396646, 8.47396646])
24.1991 	EXP 	polygon: size = array([2.62349362, 2.62349362])
24.1991 	EXP 	polygon_2: size = array([8.37650638, 8.37650638])
24.2157 	EXP 	polygon: size = array([2.72520677, 2.72520677])
24.2157 	EXP 	polygon_2: size = array([8.27479323, 8.27479323])
24.2325 	EXP 	polygon: size = array([2.82995272, 2.82995272])
24.2325 	EXP 	polygon_2: size = array([8.17004728, 8.17004728])
24.2491 	EXP 	polygon: size = array([2.9396997, 2.9396997])
24.2491 	EXP 	polygon_2: size = array([8.0603003, 8.0603003])
24.2653 	EXP 	polygon: size = array([3.05307487, 3.05307487])
24.2653 	EXP 	polygon_2: size = array([7.94692513, 7.94692513])
24.2817 	EXP 	polygon: size = array([3.16725114, 3.16725114])
24.2817 	EXP 	polygon_2: size = array([7.83274886, 7.83274886])
24.2984 	EXP 	polygon: size = array([3.28715039, 3.28715039])
24.2984 	EXP 	polygon_2: size = array([7.71284961, 7.71284961])
24.3156 	EXP 	polygon: size = array([3.41423285, 3.41423285])
24.3156 	EXP 	polygon_2: size = array([7.58576715, 7.58576715])
24.3322 	EXP 	polygon: size = array([3.55056916, 3.55056916])
24.3322 	EXP 	polygon_2: size = array([7.44943084, 7.44943084])
24.3489 	EXP 	polygon: size = array([3.68714007, 3.68714007])
24.3489 	EXP 	polygon_2: size = array([7.31285993, 7.31285993])
24.3658 	EXP 	polygon: size = array([3.82920076, 3.82920076])
24.3658 	EXP 	polygon_2: size = array([7.17079924, 7.17079924])
24.3820 	EXP 	polygon: size = array([3.97948084, 3.97948084])
24.3820 	EXP 	polygon_2: size = array([7.02051916, 7.02051916])
24.3991 	EXP 	polygon: size = array([4.12937151, 4.12937151])
24.3991 	EXP 	polygon_2: size = array([6.87062849, 6.87062849])
24.4153 	EXP 	polygon: size = array([4.29229018, 4.29229018])
24.4153 	EXP 	polygon_2: size = array([6.70770982, 6.70770982])
24.4323 	EXP 	polygon: size = array([4.45396511, 4.45396511])
24.4323 	EXP 	polygon_2: size = array([6.54603489, 6.54603489])
24.4490 	EXP 	polygon: size = array([4.62845538, 4.62845538])
24.4490 	EXP 	polygon_2: size = array([6.37154462, 6.37154462])
24.4656 	EXP 	polygon: size = array([4.8081939, 4.8081939])
24.4656 	EXP 	polygon_2: size = array([6.1918061, 6.1918061])
24.4823 	EXP 	polygon: size = array([4.99272012, 4.99272012])
24.4823 	EXP 	polygon_2: size = array([6.00727988, 6.00727988])
24.4990 	EXP 	polygon: size = array([5.18606104, 5.18606104])
24.4990 	EXP 	polygon_2: size = array([5.81393896, 5.81393896])
24.5154 	EXP 	polygon: autoDraw = False
24.5154 	EXP 	polygon_2: autoDraw = False
24.5240 	EXP 	New trial (rep=0, index=3): OrderedDict([('start_size', 1), ('probe', 1.5)])
24.5319 	EXP 	fix: autoDraw = False
24.5319 	EXP 	polygon: autoDraw = False
24.5319 	EXP 	polygon_2: autoDraw = False
24.5319 	EXP 	fix: autoDraw = True
25.5154 	EXP 	polygon: autoDraw = True
25.5154 	EXP 	polygon: size = array([0.96127531, 0.96127531])
25.5154 	EXP 	polygon_2: autoDraw = True
25.5154 	EXP 	polygon_2: size = array([10.03872469, 10.03872469])
25.5323 	EXP 	polygon: size = array([0.99824077, 0.99824077])
25.5323 	EXP 	polygon_2: size = array([10.00175923, 10.00175923])
25.5490 	EXP 	polygon: size = array([1.03739655, 1.03739655])
25.5490 	EXP 	polygon_2: size = array([9.96260345, 9.96260345])
25.5654 	EXP 	polygon: size = array([1.07746792, 1.07746792])
25.5654 	EXP 	polygon_2: size = array([9.92253208, 9.92253208])
25.5823 	EXP 	polygon: size = array([1.11821862, 1.11821862])
25.5823 	EXP 	polygon_2: size = array([9.88178138, 9.88178138])
25.5991 	EXP 	polygon: size = array([1.16212091, 1.16212091])
25.5991 	EXP 	polygon_2: size = array([9.83787909, 9.83787909])
25.6155 	EXP 	polygon: size = array([1.20728729, 1.20728729])
25.6155 	EXP 	polygon_2: size = array([9.79271271, 9.79271271])
25.6321 	EXP 	polygon: size = array([1.25296751, 1.25296751])
25.6321 	EXP 	polygon_2: size = array([9.74703249, 9.74703249])
25.6489 	EXP 	polygon: size = array([1.30121787, 1.30121787])
25.6489 	EXP 	polygon_2: size = array([9.69878213, 9.69878213])
25.6654 	EXP 	polygon: size = array([1.35167545, 1.35167545])
25.6654 	EXP 	polygon_2: size = array([9.64832455, 9.64832455])
25.6822 	EXP 	polygon: size = array([1.4035981, 1.4035981])
25.6822 	EXP 	polygon_2: size = array([9.5964019, 9.5964019])
25.6989 	EXP 	polygon: size = array([1.45817942, 1.45817942])
25.6989 	EXP 	polygon_2: size = array([9.54182058, 9.54182058])
25.7156 	EXP 	polygon: size = array([1.51464576, 1.51464576])
25.7156 	EXP 	polygon_2: size = array([9.48535424, 9.48535424])
25.7322 	EXP 	polygon: size = array([1.57307635, 1.57307635])
25.7322 	EXP 	polygon_2: size = array([9.42692365, 9.42692365])
25.7489 	EXP 	polygon: size = array([1.63375285, 1.63375285])
25.7489 	EXP 	polygon_2: size = array([9.36624715, 9.36624715])
25.7656 	EXP 	polygon: size = array([1.69683492, 1.69683492])
25.7656 	EXP 	polygon_2: size = array([9.30316508, 9.30316508])
25.7819 	EXP 	polygon: size = array([1.76231026, 1.76231026])
25.7819 	EXP 	polygon_2: size = array([9.23768974, 9.23768974])
25.7988 	EXP 	polygon: size = array([1.82870087, 1.82870087])
25.7988 	EXP 	polygon_2: size = array([9.17129913, 9.17129913])
25.8155 	EXP 	polygon: size = array([1.90058069, 1.90058069])
25.8155 	EXP 	polygon_2: size = array([9.09941931, 9.09941931])
25.8322 	EXP 	polygon: size = array([1.97405605, 1.97405605])
25.8322 	EXP 	polygon_2: size = array([9.02594395, 9.02594395])
25.8489 	EXP 	polygon: size = array([2.05037658, 2.05037658])
25.8489 	EXP 	polygon_2: size = array([8.94962342, 8.94962342])
25.8655 	EXP 	polygon: size = array([2.12978572, 2.12978572])
25.8655 	EXP 	polygon_2: size = array([8.87021428, 8.87021428])
25.8821 	EXP 	polygon: size = array([2.2117089, 2.2117089])
25.8821 	EXP 	polygon_2: size = array([8.7882911, 8.7882911])
25.8989 	EXP 	polygon: size = array([2.29669875, 2.29669875])
25.8989 	EXP 	polygon_2: size = array([8.70330125, 8.70330125])
25.9153 	EXP 	polygon: size = array([2.38588026, 2.38588026])
25.9153 	EXP 	polygon_2: size = array([8.61411974, 8.61411974])
25.9322 	EXP 	polygon: size = array([2.47619098, 2.47619098])
25.9322 	EXP 	polygon_2: size = array([8.52380902, 8.52380902])
25.9487 	EXP 	polygon: size = array([2.57311267, 2.57311267])
25.9487 	EXP 	polygon_2: size = array([8.42688733, 8.42688733])
25.9654 	EXP 	polygon: size = array([2.67153437, 2.67153437])
25.9654 	EXP 	polygon_2: size = array([8.32846563, 8.32846563])
25.9818 	EXP 	polygon: size = array([2.77495118, 2.77495118])
25.9818 	EXP 	polygon_2: size = array([8.22504882, 8.22504882])
25.9990 	EXP 	polygon: size = array([2.88021812, 2.88021812])
25.9990 	EXP 	polygon_2: size = array([8.11978188, 8.11978188])
26.0154 	EXP 	polygon: size = array([2.99490772, 2.99490772])
26.0154 	EXP 	polygon_2: size = array([8.00509228, 8.00509228])
26.0318 	EXP 	polygon: size = array([3.10901309, 3.10901309])
26.0318 	EXP 	polygon_2: size = array([7.89098691, 7.89098691])
26.0489 	EXP 	polygon: size = array([3.22697749, 3.22697749])
26.0489 	EXP 	polygon_2: size = array([7.77302251, 7.77302251])
26.0655 	EXP 	polygon: size = array([3.35476524, 3.35476524])
26.0655 	EXP 	polygon_2: size = array([7.64523476, 7.64523476])
26.0834 	EXP 	polygon: size = array([3.4840825, 3.4840825])
26.0834 	EXP 	polygon_2: size = array([7.5159175, 7.5159175])
26.0990 	EXP 	polygon: size = array([3.62801893, 3.62801893])
26.0990 	EXP 	polygon_2: size = array([7.37198107, 7.37198107])
26.1154 	EXP 	polygon: size = array([3.75887646, 3.75887646])
26.1154 	EXP 	polygon_2: size = array([7.24112354, 7.24112354])
26.1322 	EXP 	polygon: size = array([3.9020215, 3.9020215])
26.1322 	EXP 	polygon_2: size = array([7.0979785, 7.0979785])
26.1485 	EXP 	polygon: size = array([4.05368647, 4.05368647])
26.1485 	EXP 	polygon_2: size = array([6.94631353, 6.94631353])
26.1654 	EXP 	polygon: size = array([4.20675543, 4.20675543])
26.1654 	EXP 	polygon_2: size = array([6.79324457, 6.79324457])
26.1820 	EXP 	polygon: size = array([4.37143278, 4.37143278])
26.1820 	EXP 	polygon_2: size = array([6.62856722, 6.62856722])
26.1987 	EXP 	polygon: size = array([4.53897548, 4.53897548])
26.1987 	EXP 	polygon_2: size = array([6.46102452, 6.46102452])
26.2155 	EXP 	polygon: size = array([4.71467463, 4.71467463])
26.2155 	EXP 	polygon_2: size = array([6.28532537, 6.28532537])
26.2318 	EXP 	polygon: size = array([4.89800172, 4.89800172])
26.2318 	EXP 	polygon_2: size = array([6.10199828, 6.10199828])
26.2486 	EXP 	polygon: size = array([5.08362806, 5.08362806])
26.2486 	EXP 	polygon_2: size = array([5.91637194, 5.91637194])
26.2652 	EXP 	polygon: autoDraw = False
26.2652 	EXP 	polygon_2: autoDraw = False
26.2727 	EXP 	New trial (rep=0, index=4): OrderedDict([('start_size', 1), ('probe', 0.0)])
26.2819 	EXP 	fix: autoDraw = False
26.2819 	EXP 	polygon: autoDraw = False
26.2819 	EXP 	polygon_2: autoDraw = False
26.2819 	EXP 	fix: autoDraw = True
27.2651 	EXP 	polygon: autoDraw = True
27.2651 	EXP 	polygon: size = array([0.96602835, 0.96602835])
27.2651 	EXP 	polygon_2: autoDraw = True
27.2651 	EXP 	polygon_2: size = array([10.03397165, 10.03397165])
27.2818 	EXP 	polygon: size = array([1.00315219, 1.00315219])
27.2818 	EXP 	polygon_2: size = array([9.99684781, 9.99684781])
27.2984 	EXP 	polygon: size = array([1.04155595, 1.04155595])
27.2984 	EXP 	polygon_2: size = array([9.95844405, 9.95844405])
27.3153 	EXP 	polygon: size = array([1.08174424, 1.08174424])
27.3153 	EXP 	polygon_2: size = array([9.91825576, 9.91825576])
27.3319 	EXP 	polygon: size = array([1.12396012, 1.12396012])
27.3319 	EXP 	polygon_2: size = array([9.87603988, 9.87603988])
27.3487 	EXP 	polygon: size = array([1.16733565, 1.16733565])
27.3487 	EXP 	polygon_2: size = array([9.83266435, 9.83266435])
27.3653 	EXP 	polygon: size = array([1.21253884, 1.21253884])
27.3653 	EXP 	polygon_2: size = array([9.78746116, 9.78746116])
27.3819 	EXP 	polygon: size = array([1.25920831, 1.25920831])
27.3819 	EXP 	polygon_2: size = array([9.74079169, 9.74079169])
27.3987 	EXP 	polygon: size = array([1.30774625, 1.30774625])
27.3987 	EXP 	polygon_2: size = array([9.69225375, 9.69225375])
27.4153 	EXP 	polygon: size = array([1.35844031, 1.35844031])
27.4153 	EXP 	polygon_2: size = array([9.64155969, 9.64155969])
27.4319 	EXP 	polygon: size = array([1.41071514, 1.41071514])
27.4319 	EXP 	polygon_2: size = array([9.58928486, 9.58928486])
27.4486 	EXP 	polygon: size = array([1.46504285, 1.46504285])
27.4486 	EXP 	polygon_2: size = array([9.53495715, 9.53495715])
27.4652 	EXP 	polygon: size = array([1.52149768, 1.52149768])
27.4652 	EXP 	polygon_2: size = array([9.47850232, 9.47850232])
27.4820 	EXP 	polygon: size = array([1.58032581, 1.58032581])
27.4820 	EXP 	polygon_2: size = array([9.41967419, 9.41967419])
27.4987 	EXP 	polygon: size = array([1.64149041, 1.64149041])
27.4987 	EXP 	polygon_2: size = array([9.35850959, 9.35850959])
27.5152 	EXP 	polygon: size = array([1.70508508, 1.70508508])
27.5152 	EXP 	polygon_2: size = array([9.29491492, 9.29491492])
27.5319 	EXP 	polygon: size = array([1.77044989, 1.77044989])
27.5319 	EXP 	polygon_2: size = array([9.22955011, 9.22955011])
27.5485 	EXP 	polygon: size = array([1.83870939, 1.83870939])
27.5485 	EXP 	polygon_2: size = array([9.16129061, 9.16129061])
27.5652 	EXP 	polygon: size = array([1.90940234, 1.90940234])
27.5652 	EXP 	polygon_2: size = array([9.09059766, 9.09059766])
27.5818 	EXP 	polygon: size = array([1.98322145, 1.98322145])
27.5818 	EXP 	polygon_2: size = array([9.01677855, 9.01677855])
27.5898 	DATA 	Keypress: escape
27.5986 	EXP 	polygon: size = array([2.059616, 2.059616])
27.5986 	EXP 	polygon_2: size = array([8.940384, 8.940384])
27.6152 	EXP 	polygon: size = array([2.13962214, 2.13962214])
27.6152 	EXP 	polygon_2: size = array([8.86037786, 8.86037786])
27.6320 	EXP 	polygon: size = array([2.22210544, 2.22210544])
27.6320 	EXP 	polygon_2: size = array([8.77789456, 8.77789456])
27.6486 	EXP 	polygon: size = array([2.30805062, 2.30805062])
27.6486 	EXP 	polygon_2: size = array([8.69194938, 8.69194938])
27.6653 	EXP 	polygon: size = array([2.39705086, 2.39705086])
27.6653 	EXP 	polygon_2: size = array([8.60294914, 8.60294914])
27.6820 	EXP 	polygon: size = array([2.49015567, 2.49015567])
27.6820 	EXP 	polygon_2: size = array([8.50984433, 8.50984433])
29.0418 	EXP 	window1: mouseVisible = True
