0.9387 	WARNING 	We strongly recommend you activate the PTB sound engine in PsychoPy prefs as the preferred audio engine. Its timing is vastly superior. Your prefs are currently set to use ['sounddevice', 'PTB', 'pyo', 'pygame'] (in that order).
4.8724 	WARNING 	User requested fullscreen with size [1504 1003], but screen is actually [1920, 1080]. Using actual size
5.2490 	DATA 	Keypress: space
5.5274 	EXP 	Created window1 = Window(allowGUI=False, allowStencil=False, autoLog=True, backendConf=UNKNOWN, bitsMode=UNKNOWN, blendMode='avg', bpc=(8, 8, 8), color=array([0, 0, 0]), colorSpace='rgb', depthBits=8, fullscr=<method-wrapper '__getattribute__' of attributeSetter object at 0x00000225467F7EF0>, gamma=None, gammaErrorPolicy='raise', lms=UNKNOWN, monitor=<psychopy.monitors.calibTools.Monitor object at 0x0000022546815898>, multiSample=False, name='window1', numSamples=2, pos=[0.0, 0.0], screen=0, size=array([1920, 1080]), stencilBits=0, stereo=False, units='height', useFBO=True, useRetina=False, viewOri=0.0, viewPos=None, viewScale=None, waitBlanking=True, winType='pyglet')
5.5277 	EXP 	window1: mouseVisible = True
5.5277 	EXP 	window1: recordFrameIntervals = False
5.6274 	EXP 	window1: recordFrameIntervals = True
5.7376 	EXP 	window1: recordFrameIntervals = False
5.9019 	EXP 	Created text = TextStim(__class__=<class 'psychopy.visual.text.TextStim'>, alignHoriz=method-wrapper(...), alignText='center', alignVert=method-wrapper(...), anchorHoriz='center', anchorVert='center', antialias=True, autoLog=True, bold=False, color=array([0., 0., 0.]), colorSpace='rgb', contrast=1.0, depth=0.0, flipHoriz=False, flipVert=False, font='Open Sans', fontFiles=[], height=1.0, italic=False, languageStyle='LTR', name='text', opacity=1, ori=0.0, pos=array([0., 5.]), rgb=UNKNOWN, text='same = F\ndifferent = J\n\n(space)', units='deg', win=Window(...), wrapWidth=15.0)
5.9020 	EXP 	window1: mouseVisible = False
5.9059 	EXP 	Created fix = TextStim(__class__=<class 'psychopy.visual.text.TextStim'>, alignHoriz=method-wrapper(...), alignText='center', alignVert=method-wrapper(...), anchorHoriz='center', anchorVert='center', antialias=True, autoLog=True, bold=False, color=array([0., 0., 0.]), colorSpace='rgb', contrast=1.0, depth=-1.0, flipHoriz=False, flipVert=False, font='Open Sans', fontFiles=[], height=1.5, italic=False, languageStyle='LTR', name='fix', opacity=1, ori=0.0, pos=array([0., 5.]), rgb=UNKNOWN, text='+', units='deg', win=Window(...), wrapWidth=15.0)
5.9086 	EXP 	Created polygon = Polygon(__class__=<class 'psychopy.visual.polygon.Polygon'>, autoDraw=False, autoLog=True, closeShape=True, color=method-wrapper(...), colorSpace='rgb', contrast=None, depth=-2.0, fillColor=array([0., 0., 0.]), fillColorSpace='rgb', fillRGB=UNKNOWN, interpolate=True, lineColor=array([0., 0., 0.]), lineColorSpace='rgb', lineRGB=UNKNOWN, lineWidth=1.0, name='polygon', opacity=1, ori=0.0, pos=array([-10.,  -5.]), size=array([1., 1.]), units='deg', vertices=ndarray(...), win=Window(...))
5.9100 	EXP 	Created polygon_2 = Polygon(__class__=<class 'psychopy.visual.polygon.Polygon'>, autoDraw=False, autoLog=True, closeShape=True, color=method-wrapper(...), colorSpace='rgb', contrast=None, depth=-3.0, fillColor=array([0., 0., 0.]), fillColorSpace='rgb', fillRGB=UNKNOWN, interpolate=True, lineColor=array([0., 0., 0.]), lineColorSpace='rgb', lineRGB=UNKNOWN, lineWidth=1.0, name='polygon_2', opacity=1, ori=0.0, pos=array([10., -5.]), size=array([1., 1.]), units='deg', vertices=ndarray(...), win=Window(...))
5.9839 	EXP 	text: autoDraw = True
9.4045 	DATA 	Keypress: space
9.4314 	EXP 	Imported TTC_sample3.csv as conditions, 14 conditions, 2 params
9.4325 	EXP 	Created sequence: random, trialTypes=14, nReps=100, seed=None
9.4329 	EXP 	New trial (rep=0, index=0): OrderedDict([('start_size', 1), ('probe', -1.0)])
9.4399 	EXP 	text: autoDraw = False
9.4399 	EXP 	fix: autoDraw = True
10.4305 	EXP 	polygon: autoDraw = True
10.4305 	EXP 	polygon: size = array([0.98716879, 0.98716879])
10.4305 	EXP 	polygon_2: autoDraw = True
10.4305 	EXP 	polygon_2: size = array([10.01283121, 10.01283121])
10.4405 	EXP 	polygon: size = array([1.00991033, 1.00991033])
10.4405 	EXP 	polygon_2: size = array([9.99008967, 9.99008967])
10.4505 	EXP 	polygon: size = array([1.0331178, 1.0331178])
10.4505 	EXP 	polygon_2: size = array([9.9668822, 9.9668822])
10.4605 	EXP 	polygon: size = array([1.05688882, 1.05688882])
10.4605 	EXP 	polygon_2: size = array([9.94311118, 9.94311118])
10.4705 	EXP 	polygon: size = array([1.08117755, 1.08117755])
10.4705 	EXP 	polygon_2: size = array([9.91882245, 9.91882245])
10.4805 	EXP 	polygon: size = array([1.10605463, 1.10605463])
10.4805 	EXP 	polygon_2: size = array([9.89394537, 9.89394537])
10.4905 	EXP 	polygon: size = array([1.13146118, 1.13146118])
10.4905 	EXP 	polygon_2: size = array([9.86853882, 9.86853882])
10.5005 	EXP 	polygon: size = array([1.15750445, 1.15750445])
10.5005 	EXP 	polygon_2: size = array([9.84249555, 9.84249555])
10.5105 	EXP 	polygon: size = array([1.18411005, 1.18411005])
10.5105 	EXP 	polygon_2: size = array([9.81588995, 9.81588995])
10.5205 	EXP 	polygon: size = array([1.21135112, 1.21135112])
10.5205 	EXP 	polygon_2: size = array([9.78864888, 9.78864888])
10.5305 	EXP 	polygon: size = array([1.23919665, 1.23919665])
10.5305 	EXP 	polygon_2: size = array([9.76080335, 9.76080335])
10.5406 	EXP 	polygon: size = array([1.26770732, 1.26770732])
10.5406 	EXP 	polygon_2: size = array([9.73229268, 9.73229268])
10.5506 	EXP 	polygon: size = array([1.29685981, 1.29685981])
10.5506 	EXP 	polygon_2: size = array([9.70314019, 9.70314019])
10.5606 	EXP 	polygon: size = array([1.32667667, 1.32667667])
10.5606 	EXP 	polygon_2: size = array([9.67332333, 9.67332333])
10.5706 	EXP 	polygon: size = array([1.35719355, 1.35719355])
10.5706 	EXP 	polygon_2: size = array([9.64280645, 9.64280645])
10.5806 	EXP 	polygon: size = array([1.38841398, 1.38841398])
10.5806 	EXP 	polygon_2: size = array([9.61158602, 9.61158602])
10.5906 	EXP 	polygon: size = array([1.42034646, 1.42034646])
10.5906 	EXP 	polygon_2: size = array([9.57965354, 9.57965354])
10.6006 	EXP 	polygon: size = array([1.45299091, 1.45299091])
10.6006 	EXP 	polygon_2: size = array([9.54700909, 9.54700909])
10.6106 	EXP 	polygon: size = array([1.48641875, 1.48641875])
10.6106 	EXP 	polygon_2: size = array([9.51358125, 9.51358125])
10.6206 	EXP 	polygon: size = array([1.52059766, 1.52059766])
10.6206 	EXP 	polygon_2: size = array([9.47940234, 9.47940234])
10.6307 	EXP 	polygon: size = array([1.55562718, 1.55562718])
10.6307 	EXP 	polygon_2: size = array([9.44437282, 9.44437282])
10.6407 	EXP 	polygon: size = array([1.59166725, 1.59166725])
10.6407 	EXP 	polygon_2: size = array([9.40833275, 9.40833275])
10.6507 	EXP 	polygon: size = array([1.62826034, 1.62826034])
10.6507 	EXP 	polygon_2: size = array([9.37173966, 9.37173966])
10.6607 	EXP 	polygon: size = array([1.66573447, 1.66573447])
10.6607 	EXP 	polygon_2: size = array([9.33426553, 9.33426553])
10.6707 	EXP 	polygon: size = array([1.70391541, 1.70391541])
10.6707 	EXP 	polygon_2: size = array([9.29608459, 9.29608459])
10.6807 	EXP 	polygon: size = array([1.74323053, 1.74323053])
10.6807 	EXP 	polygon_2: size = array([9.25676947, 9.25676947])
10.6907 	EXP 	polygon: size = array([1.78331786, 1.78331786])
10.6907 	EXP 	polygon_2: size = array([9.21668214, 9.21668214])
10.7008 	EXP 	polygon: size = array([1.82432993, 1.82432993])
10.7008 	EXP 	polygon_2: size = array([9.17567007, 9.17567007])
10.7108 	EXP 	polygon: size = array([1.86627416, 1.86627416])
10.7108 	EXP 	polygon_2: size = array([9.13372584, 9.13372584])
10.7208 	EXP 	polygon: size = array([1.90918275, 1.90918275])
10.7208 	EXP 	polygon_2: size = array([9.09081725, 9.09081725])
10.7308 	EXP 	polygon: size = array([1.95307344, 1.95307344])
10.7308 	EXP 	polygon_2: size = array([9.04692656, 9.04692656])
10.7408 	EXP 	polygon: size = array([1.99797677, 1.99797677])
10.7408 	EXP 	polygon_2: size = array([9.00202323, 9.00202323])
10.7508 	EXP 	polygon: size = array([2.04395753, 2.04395753])
10.7508 	EXP 	polygon_2: size = array([8.95604247, 8.95604247])
10.7608 	EXP 	polygon: size = array([2.09095325, 2.09095325])
10.7608 	EXP 	polygon_2: size = array([8.90904675, 8.90904675])
10.7708 	EXP 	polygon: size = array([2.13904652, 2.13904652])
10.7708 	EXP 	polygon_2: size = array([8.86095348, 8.86095348])
10.7808 	EXP 	polygon: size = array([2.18823851, 2.18823851])
10.7808 	EXP 	polygon_2: size = array([8.81176149, 8.81176149])
10.7908 	EXP 	polygon: size = array([2.23854856, 2.23854856])
10.7908 	EXP 	polygon_2: size = array([8.76145144, 8.76145144])
10.8008 	EXP 	polygon: size = array([2.29005899, 2.29005899])
10.8008 	EXP 	polygon_2: size = array([8.70994101, 8.70994101])
10.8108 	EXP 	polygon: size = array([2.34269137, 2.34269137])
10.8108 	EXP 	polygon_2: size = array([8.65730863, 8.65730863])
10.8208 	EXP 	polygon: size = array([2.39657696, 2.39657696])
10.8208 	EXP 	polygon_2: size = array([8.60342304, 8.60342304])
10.8308 	EXP 	polygon: size = array([2.45171426, 2.45171426])
10.8308 	EXP 	polygon_2: size = array([8.54828574, 8.54828574])
10.8408 	EXP 	polygon: size = array([2.5080745, 2.5080745])
10.8408 	EXP 	polygon_2: size = array([8.4919255, 8.4919255])
10.8509 	EXP 	polygon: size = array([2.56574609, 2.56574609])
10.8509 	EXP 	polygon_2: size = array([8.43425391, 8.43425391])
10.8609 	EXP 	polygon: size = array([2.62477362, 2.62477362])
10.8609 	EXP 	polygon_2: size = array([8.37522638, 8.37522638])
10.8709 	EXP 	polygon: size = array([2.68511216, 2.68511216])
10.8709 	EXP 	polygon_2: size = array([8.31488784, 8.31488784])
10.8809 	EXP 	polygon: size = array([2.74686711, 2.74686711])
10.8809 	EXP 	polygon_2: size = array([8.25313289, 8.25313289])
10.8909 	EXP 	polygon: size = array([2.81004427, 2.81004427])
10.8909 	EXP 	polygon_2: size = array([8.18995573, 8.18995573])
10.9009 	EXP 	polygon: size = array([2.87465685, 2.87465685])
10.9009 	EXP 	polygon_2: size = array([8.12534315, 8.12534315])
10.9109 	EXP 	polygon: size = array([2.94077782, 2.94077782])
10.9109 	EXP 	polygon_2: size = array([8.05922218, 8.05922218])
10.9209 	EXP 	polygon: size = array([3.00864045, 3.00864045])
10.9209 	EXP 	polygon_2: size = array([7.99135955, 7.99135955])
10.9309 	EXP 	polygon: size = array([3.07749917, 3.07749917])
10.9309 	EXP 	polygon_2: size = array([7.92250083, 7.92250083])
10.9409 	EXP 	polygon: size = array([3.14851255, 3.14851255])
10.9409 	EXP 	polygon_2: size = array([7.85148745, 7.85148745])
10.9509 	EXP 	polygon: size = array([3.22080889, 3.22080889])
10.9509 	EXP 	polygon_2: size = array([7.77919111, 7.77919111])
10.9609 	EXP 	polygon: size = array([3.29483417, 3.29483417])
10.9609 	EXP 	polygon_2: size = array([7.70516583, 7.70516583])
10.9636 	DATA 	Keypress: f
10.9709 	EXP 	polygon: size = array([3.37059604, 3.37059604])
10.9709 	EXP 	polygon_2: size = array([7.62940396, 7.62940396])
10.9809 	EXP 	polygon: size = array([3.44814464, 3.44814464])
10.9809 	EXP 	polygon_2: size = array([7.55185536, 7.55185536])
10.9910 	EXP 	polygon: size = array([3.5274037, 3.5274037])
10.9910 	EXP 	polygon_2: size = array([7.4725963, 7.4725963])
11.0010 	EXP 	polygon: size = array([3.60854692, 3.60854692])
11.0010 	EXP 	polygon_2: size = array([7.39145308, 7.39145308])
11.0110 	EXP 	polygon: size = array([3.69152485, 3.69152485])
11.0110 	EXP 	polygon_2: size = array([7.30847515, 7.30847515])
11.0210 	EXP 	polygon: size = array([3.77639713, 3.77639713])
11.0210 	EXP 	polygon_2: size = array([7.22360287, 7.22360287])
11.0310 	EXP 	polygon: size = array([3.86323914, 3.86323914])
11.0310 	EXP 	polygon_2: size = array([7.13676086, 7.13676086])
11.0410 	EXP 	polygon: size = array([3.95208356, 3.95208356])
11.0410 	EXP 	polygon_2: size = array([7.04791644, 7.04791644])
11.0510 	EXP 	polygon: size = array([4.04300516, 4.04300516])
11.0510 	EXP 	polygon_2: size = array([6.95699484, 6.95699484])
11.0610 	EXP 	polygon: size = array([4.13594896, 4.13594896])
11.0610 	EXP 	polygon_2: size = array([6.86405104, 6.86405104])
11.0710 	EXP 	polygon: size = array([4.23109287, 4.23109287])
11.0710 	EXP 	polygon_2: size = array([6.76890713, 6.76890713])
11.0810 	EXP 	polygon: size = array([4.32842057, 4.32842057])
11.0810 	EXP 	polygon_2: size = array([6.67157943, 6.67157943])
11.0910 	EXP 	polygon: size = array([4.42789957, 4.42789957])
11.0910 	EXP 	polygon_2: size = array([6.57210043, 6.57210043])
11.1010 	EXP 	polygon: size = array([4.52950843, 4.52950843])
11.1010 	EXP 	polygon_2: size = array([6.47049157, 6.47049157])
11.1110 	EXP 	polygon: size = array([4.63397643, 4.63397643])
11.1110 	EXP 	polygon_2: size = array([6.36602357, 6.36602357])
11.1210 	EXP 	polygon: size = array([4.74047363, 4.74047363])
11.1210 	EXP 	polygon_2: size = array([6.25952637, 6.25952637])
11.1310 	EXP 	polygon: size = array([4.8495186, 4.8495186])
11.1310 	EXP 	polygon_2: size = array([6.1504814, 6.1504814])
11.1411 	EXP 	polygon: size = array([4.96104826, 4.96104826])
11.1411 	EXP 	polygon_2: size = array([6.03895174, 6.03895174])
11.1511 	EXP 	polygon: size = array([5.07513942, 5.07513942])
11.1511 	EXP 	polygon_2: size = array([5.92486058, 5.92486058])
11.1611 	EXP 	polygon: size = array([5.19182726, 5.19182726])
11.1611 	EXP 	polygon_2: size = array([5.80817274, 5.80817274])
11.1711 	EXP 	polygon: size = array([5.31124504, 5.31124504])
11.1711 	EXP 	polygon_2: size = array([5.68875496, 5.68875496])
11.1740 	EXP 	New trial (rep=0, index=1): OrderedDict([('start_size', 10), ('probe', -1.5)])
11.1811 	EXP 	fix: autoDraw = False
11.1811 	EXP 	polygon: autoDraw = False
11.1811 	EXP 	polygon_2: autoDraw = False
11.1811 	EXP 	fix: autoDraw = True
11.4238 	DATA 	Keypress: j
12.0641 	DATA 	Keypress: escape
12.1444 	EXP 	window1: mouseVisible = True
