0.9113 	WARNING 	We strongly recommend you activate the PTB sound engine in PsychoPy prefs as the preferred audio engine. Its timing is vastly superior. Your prefs are currently set to use ['sounddevice', 'PTB', 'pyo', 'pygame'] (in that order).
4.8015 	DATA 	Keypress: space
5.0785 	EXP 	Created window1 = Window(allowGUI=False, allowStencil=False, autoLog=True, backendConf=UNKNOWN, bitsMode=UNKNOWN, blendMode='avg', bpc=(8, 8, 8), color=array([-1., -1., -1.]), colorSpace='rgb', depthBits=8, fullscr=<method-wrapper '__getattribute__' of attributeSetter object at 0x0000018E260CA160>, gamma=None, gammaErrorPolicy='raise', lms=UNKNOWN, monitor=<psychopy.monitors.calibTools.Monitor object at 0x0000018E26127AC8>, multiSample=False, name='window1', numSamples=2, pos=[0.0, 0.0], screen=0, size=array([1920, 1080]), stencilBits=0, stereo=False, units='height', useFBO=True, useRetina=False, viewOri=0.0, viewPos=None, viewScale=None, waitBlanking=True, winType='pyglet')
5.0787 	EXP 	window1: mouseVisible = True
5.0787 	EXP 	window1: recordFrameIntervals = False
5.1782 	EXP 	window1: recordFrameIntervals = True
5.2884 	EXP 	window1: recordFrameIntervals = False
5.5073 	EXP 	Created text = TextStim(__class__=<class 'psychopy.visual.text.TextStim'>, alignHoriz=method-wrapper(...), alignText='center', alignVert=method-wrapper(...), anchorHoriz='center', anchorVert='center', antialias=True, autoLog=True, bold=False, color=array([0., 0., 0.]), colorSpace='rgb', contrast=1.0, depth=0.0, flipHoriz=False, flipVert=False, font='Open Sans', fontFiles=[], height=1.5, italic=False, languageStyle='LTR', name='text', opacity=1, ori=0.0, pos=array([0., 0.]), rgb=UNKNOWN, text='same = "F"\ndifferent ="J"\n\n(space)', units='deg', win=Window(...), wrapWidth=15.0)
5.5074 	EXP 	window1: mouseVisible = False
5.5112 	EXP 	Created fix = TextStim(__class__=<class 'psychopy.visual.text.TextStim'>, alignHoriz=method-wrapper(...), alignText='center', alignVert=method-wrapper(...), anchorHoriz='center', anchorVert='center', antialias=True, autoLog=True, bold=False, color=array([0., 0., 0.]), colorSpace='rgb', contrast=1.0, depth=-1.0, flipHoriz=False, flipVert=False, font='Open Sans', fontFiles=[], height=3.0, italic=False, languageStyle='LTR', name='fix', opacity=1, ori=0.0, pos=array([0., 5.]), rgb=UNKNOWN, text='+', units='deg', win=Window(...), wrapWidth=15.0)
5.5137 	EXP 	Created polygon = Polygon(__class__=<class 'psychopy.visual.polygon.Polygon'>, autoDraw=False, autoLog=True, closeShape=True, color=method-wrapper(...), colorSpace='rgb', contrast=None, depth=-2.0, fillColor=array([0., 0., 0.]), fillColorSpace='rgb', fillRGB=UNKNOWN, interpolate=True, lineColor=array([0., 0., 0.]), lineColorSpace='rgb', lineRGB=UNKNOWN, lineWidth=1.0, name='polygon', opacity=1, ori=0.0, pos=array([ 0., -5.]), size=array([1., 1.]), units='deg', vertices=ndarray(...), win=Window(...))
5.5176 	EXP 	Created resp = TextStim(__class__=<class 'psychopy.visual.text.TextStim'>, alignHoriz=method-wrapper(...), alignText='center', alignVert=method-wrapper(...), anchorHoriz='center', anchorVert='center', antialias=True, autoLog=True, bold=False, color=array([0., 0., 0.]), colorSpace='rgb', contrast=1.0, depth=-4.0, flipHoriz=False, flipVert=False, font='Open Sans', fontFiles=[], height=1.5, italic=False, languageStyle='LTR', name='resp', opacity=1, ori=0.0, pos=array([0., 5.]), rgb=UNKNOWN, text='same = F\ndifferent =J', units='deg', win=Window(...), wrapWidth=15.0)
5.5191 	EXP 	Created polygon_2 = Polygon(__class__=<class 'psychopy.visual.polygon.Polygon'>, autoDraw=False, autoLog=True, closeShape=True, color=method-wrapper(...), colorSpace='rgb', contrast=None, depth=-5.0, fillColor=array([0., 0., 0.]), fillColorSpace='rgb', fillRGB=UNKNOWN, interpolate=True, lineColor=array([0., 0., 0.]), lineColorSpace='rgb', lineRGB=UNKNOWN, lineWidth=1.0, name='polygon_2', opacity=1, ori=0.0, pos=array([ 0., -5.]), size=array([1., 1.]), units='deg', vertices=ndarray(...), win=Window(...))
5.5836 	EXP 	text: autoDraw = True
6.4494 	EXP 	Imported RM_sample6.csv as conditions, 14 conditions, 2 params
6.4497 	EXP 	Created sequence: random, trialTypes=14, nReps=5, seed=None
6.4499 	EXP 	New trial (rep=0, index=0): OrderedDict([('start_size', 1), ('probe', -1.0)])
6.4520 	DATA 	Keypress: space
6.4590 	EXP 	text: autoDraw = False
6.4590 	EXP 	polygon_2: size = array([4.45851569, 4.45851569])
6.9493 	EXP 	fix: autoDraw = True
7.4497 	EXP 	polygon: autoDraw = True
7.4497 	EXP 	polygon: size = array([0.94969251, 0.94969251])
7.4597 	EXP 	polygon: size = array([1.00965531, 1.00965531])
7.4697 	EXP 	polygon: size = array([1.06977951, 1.06977951])
7.4797 	EXP 	polygon: size = array([1.12977231, 1.12977231])
7.4898 	EXP 	polygon: size = array([1.18982871, 1.18982871])
7.4998 	EXP 	polygon: size = array([1.24985811, 1.24985811])
7.5098 	EXP 	polygon: size = array([1.30989891, 1.30989891])
7.5198 	EXP 	polygon: size = array([1.36993311, 1.36993311])
7.5298 	EXP 	polygon: size = array([1.42999371, 1.42999371])
7.5398 	EXP 	polygon: size = array([1.49002731, 1.49002731])
7.5498 	EXP 	polygon: size = array([1.55004591, 1.55004591])
7.5598 	EXP 	polygon: size = array([1.61010291, 1.61010291])
7.5698 	EXP 	polygon: size = array([1.67014551, 1.67014551])
7.5798 	EXP 	polygon: size = array([1.73021211, 1.73021211])
7.5898 	EXP 	polygon: size = array([1.79021211, 1.79021211])
7.5998 	EXP 	polygon: size = array([1.85027931, 1.85027931])
7.6098 	EXP 	polygon: size = array([1.91033271, 1.91033271])
7.6198 	EXP 	polygon: size = array([1.97032851, 1.97032851])
7.6299 	EXP 	polygon: size = array([2.03040651, 2.03040651])
7.6399 	EXP 	polygon: size = array([2.09042811, 2.09042811])
7.6499 	EXP 	polygon: size = array([2.15047671, 2.15047671])
7.6599 	EXP 	polygon: size = array([2.21056551, 2.21056551])
7.6699 	EXP 	polygon: size = array([2.27058711, 2.27058711])
7.6799 	EXP 	polygon: size = array([2.33060331, 2.33060331])
7.6899 	EXP 	polygon: size = array([2.39071671, 2.39071671])
7.6999 	EXP 	polygon: size = array([2.45068011, 2.45068011])
7.7099 	EXP 	polygon: size = array([2.51072691, 2.51072691])
7.7199 	EXP 	polygon: size = array([2.57075751, 2.57075751])
7.7299 	EXP 	polygon: size = array([2.63079891, 2.63079891])
7.7399 	EXP 	polygon: size = array([2.69084271, 2.69084271])
7.7499 	EXP 	polygon: size = array([2.75095071, 2.75095071])
7.7599 	EXP 	polygon: size = array([2.81093631, 2.81093631])
7.7699 	EXP 	polygon: size = array([2.87096631, 2.87096631])
7.7800 	EXP 	polygon: size = array([2.93099271, 2.93099271])
7.7900 	EXP 	polygon: size = array([2.99104311, 2.99104311])
7.8000 	EXP 	polygon: size = array([3.05107371, 3.05107371])
7.8100 	EXP 	polygon: size = array([3.11112291, 3.11112291])
7.8200 	EXP 	polygon: size = array([3.17115111, 3.17115111])
7.8300 	EXP 	polygon: size = array([3.23118891, 3.23118891])
7.8400 	EXP 	polygon: size = array([3.29121591, 3.29121591])
7.8500 	EXP 	polygon: size = array([3.35127171, 3.35127171])
7.8600 	EXP 	polygon: size = array([3.41129871, 3.41129871])
7.8700 	EXP 	polygon: size = array([3.47133531, 3.47133531])
7.8800 	EXP 	polygon: size = array([3.53140671, 3.53140671])
7.8900 	EXP 	polygon: size = array([3.59146431, 3.59146431])
7.9000 	EXP 	polygon: size = array([3.65149431, 3.65149431])
7.9100 	EXP 	polygon: size = array([3.71150991, 3.71150991])
7.9200 	EXP 	polygon: size = array([3.77156811, 3.77156811])
7.9301 	EXP 	polygon: size = array([3.83162511, 3.83162511])
7.9401 	EXP 	polygon: size = array([3.89165151, 3.89165151])
7.9501 	EXP 	polygon: size = array([3.95168091, 3.95168091])
7.9601 	EXP 	polygon: size = array([4.01182191, 4.01182191])
7.9701 	EXP 	polygon: size = array([4.07174931, 4.07174931])
7.9801 	EXP 	polygon: size = array([4.13181351, 4.13181351])
7.9901 	EXP 	polygon: size = array([4.19184111, 4.19184111])
8.0001 	EXP 	polygon: size = array([4.25187231, 4.25187231])
8.0101 	EXP 	polygon: size = array([4.31200071, 4.31200071])
8.0201 	EXP 	polygon: size = array([4.37205111, 4.37205111])
8.0301 	EXP 	polygon: size = array([4.43210211, 4.43210211])
8.0401 	EXP 	polygon: size = array([4.49206131, 4.49206131])
8.0501 	EXP 	polygon: size = array([4.55210631, 4.55210631])
8.0601 	EXP 	polygon: size = array([4.61214231, 4.61214231])
8.0701 	EXP 	polygon: size = array([4.67214951, 4.67214951])
8.0802 	EXP 	polygon: size = array([4.73221671, 4.73221671])
8.0902 	EXP 	polygon: size = array([4.79226111, 4.79226111])
8.1002 	EXP 	polygon: size = array([4.85227911, 4.85227911])
8.1102 	EXP 	polygon: size = array([4.91236551, 4.91236551])
8.1202 	EXP 	polygon: size = array([4.97236011, 4.97236011])
8.1302 	EXP 	polygon: size = array([5.03239851, 5.03239851])
8.1402 	EXP 	polygon: size = array([5.09245071, 5.09245071])
8.1502 	EXP 	polygon: size = array([5.15249931, 5.15249931])
8.1602 	EXP 	polygon: size = array([5.21250591, 5.21250591])
8.1702 	EXP 	polygon: size = array([5.27255631, 5.27255631])
8.1802 	EXP 	polygon: size = array([5.33263611, 5.33263611])
8.1902 	EXP 	polygon: size = array([5.39262951, 5.39262951])
8.2002 	EXP 	fix: autoDraw = False
8.2002 	EXP 	polygon: autoDraw = False
8.4404 	EXP 	resp: autoDraw = True
8.4404 	EXP 	polygon_2: autoDraw = True
10.1977 	DATA 	Keypress: space
10.6066 	DATA 	Keypress: g
11.4278 	DATA 	Keypress: escape
11.6478 	EXP 	window1: mouseVisible = True
